mode: set
github.com/fibercrypto/FiberCryptoWallet/src/coin/skycoin/models/coin.go:31.66,34.2 2 0
github.com/fibercrypto/FiberCryptoWallet/src/coin/skycoin/models/coin.go:36.69,39.2 2 0
github.com/fibercrypto/FiberCryptoWallet/src/coin/skycoin/models/coin.go:41.74,44.2 2 0
github.com/fibercrypto/FiberCryptoWallet/src/coin/skycoin/models/coin.go:46.75,49.55 3 0
github.com/fibercrypto/FiberCryptoWallet/src/coin/skycoin/models/coin.go:52.2,52.15 1 0
github.com/fibercrypto/FiberCryptoWallet/src/coin/skycoin/models/coin.go:49.55,51.3 1 0
github.com/fibercrypto/FiberCryptoWallet/src/coin/skycoin/models/coin.go:55.77,58.57 3 1
github.com/fibercrypto/FiberCryptoWallet/src/coin/skycoin/models/coin.go:61.2,61.16 1 1
github.com/fibercrypto/FiberCryptoWallet/src/coin/skycoin/models/coin.go:58.57,60.3 1 1
github.com/fibercrypto/FiberCryptoWallet/src/coin/skycoin/models/coin.go:64.54,67.2 2 0
github.com/fibercrypto/FiberCryptoWallet/src/coin/skycoin/models/coin.go:69.81,71.24 2 0
github.com/fibercrypto/FiberCryptoWallet/src/coin/skycoin/models/coin.go:76.2,77.50 2 0
github.com/fibercrypto/FiberCryptoWallet/src/coin/skycoin/models/coin.go:71.24,73.3 1 0
github.com/fibercrypto/FiberCryptoWallet/src/coin/skycoin/models/coin.go:73.8,73.61 1 0
github.com/fibercrypto/FiberCryptoWallet/src/coin/skycoin/models/coin.go:73.61,75.3 1 0
github.com/fibercrypto/FiberCryptoWallet/src/coin/skycoin/models/coin.go:80.99,87.2 1 0
github.com/fibercrypto/FiberCryptoWallet/src/coin/skycoin/models/coin.go:89.147,100.2 1 0
github.com/fibercrypto/FiberCryptoWallet/src/coin/skycoin/models/coin.go:102.212,114.2 2 1
github.com/fibercrypto/FiberCryptoWallet/src/coin/skycoin/models/coin.go:116.121,120.36 4 1
github.com/fibercrypto/FiberCryptoWallet/src/coin/skycoin/models/coin.go:133.2,133.38 1 1
github.com/fibercrypto/FiberCryptoWallet/src/coin/skycoin/models/coin.go:141.2,148.8 1 1
github.com/fibercrypto/FiberCryptoWallet/src/coin/skycoin/models/coin.go:120.36,132.3 1 0
github.com/fibercrypto/FiberCryptoWallet/src/coin/skycoin/models/coin.go:133.38,140.3 1 0
github.com/fibercrypto/FiberCryptoWallet/src/coin/skycoin/models/coin.go:152.95,154.2 1 0
github.com/fibercrypto/FiberCryptoWallet/src/coin/skycoin/models/coin.go:156.76,158.16 2 1
github.com/fibercrypto/FiberCryptoWallet/src/coin/skycoin/models/coin.go:161.2,162.16 2 1
github.com/fibercrypto/FiberCryptoWallet/src/coin/skycoin/models/coin.go:165.2,165.27 1 1
github.com/fibercrypto/FiberCryptoWallet/src/coin/skycoin/models/coin.go:158.16,160.3 1 0
github.com/fibercrypto/FiberCryptoWallet/src/coin/skycoin/models/coin.go:162.16,164.3 1 0
github.com/fibercrypto/FiberCryptoWallet/src/coin/skycoin/models/coin.go:169.82,171.2 1 0
github.com/fibercrypto/FiberCryptoWallet/src/coin/skycoin/models/coin.go:173.83,175.58 2 0
github.com/fibercrypto/FiberCryptoWallet/src/coin/skycoin/models/coin.go:180.2,181.16 2 0
github.com/fibercrypto/FiberCryptoWallet/src/coin/skycoin/models/coin.go:184.2,184.17 1 0
github.com/fibercrypto/FiberCryptoWallet/src/coin/skycoin/models/coin.go:187.2,187.29 1 0
github.com/fibercrypto/FiberCryptoWallet/src/coin/skycoin/models/coin.go:175.58,177.3 1 0
github.com/fibercrypto/FiberCryptoWallet/src/coin/skycoin/models/coin.go:177.8,179.3 1 0
github.com/fibercrypto/FiberCryptoWallet/src/coin/skycoin/models/coin.go:181.16,183.3 1 0
github.com/fibercrypto/FiberCryptoWallet/src/coin/skycoin/models/coin.go:184.17,186.3 1 0
github.com/fibercrypto/FiberCryptoWallet/src/coin/skycoin/models/coin.go:191.62,192.30 1 0
github.com/fibercrypto/FiberCryptoWallet/src/coin/skycoin/models/coin.go:196.2,196.46 1 0
github.com/fibercrypto/FiberCryptoWallet/src/coin/skycoin/models/coin.go:192.30,195.3 1 0
github.com/fibercrypto/FiberCryptoWallet/src/coin/skycoin/models/coin.go:200.60,201.30 1 0
github.com/fibercrypto/FiberCryptoWallet/src/coin/skycoin/models/coin.go:205.2,205.45 1 0
github.com/fibercrypto/FiberCryptoWallet/src/coin/skycoin/models/coin.go:201.30,204.3 1 0
github.com/fibercrypto/FiberCryptoWallet/src/coin/skycoin/models/coin.go:208.64,210.16 2 0
github.com/fibercrypto/FiberCryptoWallet/src/coin/skycoin/models/coin.go:213.2,214.17 2 0
github.com/fibercrypto/FiberCryptoWallet/src/coin/skycoin/models/coin.go:217.2,217.33 1 0
github.com/fibercrypto/FiberCryptoWallet/src/coin/skycoin/models/coin.go:210.16,212.3 1 0
github.com/fibercrypto/FiberCryptoWallet/src/coin/skycoin/models/coin.go:214.17,216.3 1 0
github.com/fibercrypto/FiberCryptoWallet/src/coin/skycoin/models/coin.go:221.69,223.2 1 0
github.com/fibercrypto/FiberCryptoWallet/src/coin/skycoin/models/coin.go:233.64,235.2 1 1
github.com/fibercrypto/FiberCryptoWallet/src/coin/skycoin/models/coin.go:237.51,238.18 1 1
github.com/fibercrypto/FiberCryptoWallet/src/coin/skycoin/models/coin.go:242.2,242.14 1 1
github.com/fibercrypto/FiberCryptoWallet/src/coin/skycoin/models/coin.go:238.18,241.3 2 1
github.com/fibercrypto/FiberCryptoWallet/src/coin/skycoin/models/coin.go:245.54,247.2 1 1
github.com/fibercrypto/FiberCryptoWallet/src/coin/skycoin/models/coin.go:249.97,251.2 1 1
github.com/fibercrypto/FiberCryptoWallet/src/coin/skycoin/models/coin.go:261.76,263.2 1 1
github.com/fibercrypto/FiberCryptoWallet/src/coin/skycoin/models/coin.go:265.57,266.18 1 1
github.com/fibercrypto/FiberCryptoWallet/src/coin/skycoin/models/coin.go:270.2,270.14 1 1
github.com/fibercrypto/FiberCryptoWallet/src/coin/skycoin/models/coin.go:266.18,269.3 2 1
github.com/fibercrypto/FiberCryptoWallet/src/coin/skycoin/models/coin.go:273.60,275.2 1 1
github.com/fibercrypto/FiberCryptoWallet/src/coin/skycoin/models/coin.go:277.110,279.2 1 1
github.com/fibercrypto/FiberCryptoWallet/src/coin/skycoin/models/coin.go:281.105,288.2 1 1
github.com/fibercrypto/FiberCryptoWallet/src/coin/skycoin/models/coin.go:297.72,300.2 2 0
github.com/fibercrypto/FiberCryptoWallet/src/coin/skycoin/models/coin.go:302.75,305.2 2 0
github.com/fibercrypto/FiberCryptoWallet/src/coin/skycoin/models/coin.go:307.80,310.2 2 0
github.com/fibercrypto/FiberCryptoWallet/src/coin/skycoin/models/coin.go:312.81,314.26 2 1
github.com/fibercrypto/FiberCryptoWallet/src/coin/skycoin/models/coin.go:322.2,322.22 1 1
github.com/fibercrypto/FiberCryptoWallet/src/coin/skycoin/models/coin.go:314.26,316.17 2 1
github.com/fibercrypto/FiberCryptoWallet/src/coin/skycoin/models/coin.go:320.3,320.25 1 1
github.com/fibercrypto/FiberCryptoWallet/src/coin/skycoin/models/coin.go:316.17,319.4 1 0
github.com/fibercrypto/FiberCryptoWallet/src/coin/skycoin/models/coin.go:325.83,327.27 2 0
github.com/fibercrypto/FiberCryptoWallet/src/coin/skycoin/models/coin.go:341.2,341.23 1 0
github.com/fibercrypto/FiberCryptoWallet/src/coin/skycoin/models/coin.go:327.27,329.38 2 0
github.com/fibercrypto/FiberCryptoWallet/src/coin/skycoin/models/coin.go:339.3,339.27 1 0
github.com/fibercrypto/FiberCryptoWallet/src/coin/skycoin/models/coin.go:329.38,331.18 2 0
github.com/fibercrypto/FiberCryptoWallet/src/coin/skycoin/models/coin.go:334.4,337.6 1 0
github.com/fibercrypto/FiberCryptoWallet/src/coin/skycoin/models/coin.go:331.18,333.5 1 0
github.com/fibercrypto/FiberCryptoWallet/src/coin/skycoin/models/coin.go:344.87,346.24 2 0
github.com/fibercrypto/FiberCryptoWallet/src/coin/skycoin/models/coin.go:349.2,349.15 1 0
github.com/fibercrypto/FiberCryptoWallet/src/coin/skycoin/models/coin.go:346.24,348.3 1 0
github.com/fibercrypto/FiberCryptoWallet/src/coin/skycoin/models/coin.go:352.60,355.2 2 0
github.com/fibercrypto/FiberCryptoWallet/src/coin/skycoin/models/coin.go:358.65,360.2 1 1
github.com/fibercrypto/FiberCryptoWallet/src/coin/skycoin/models/coin.go:363.63,365.2 1 1
github.com/fibercrypto/FiberCryptoWallet/src/coin/skycoin/models/coin.go:368.72,370.2 1 1
github.com/fibercrypto/FiberCryptoWallet/src/coin/skycoin/models/coin.go:372.85,374.2 1 1
github.com/fibercrypto/FiberCryptoWallet/src/coin/skycoin/models/coin.go:387.59,390.2 2 0
github.com/fibercrypto/FiberCryptoWallet/src/coin/skycoin/models/coin.go:392.62,395.2 2 0
github.com/fibercrypto/FiberCryptoWallet/src/coin/skycoin/models/coin.go:397.67,400.45 2 1
github.com/fibercrypto/FiberCryptoWallet/src/coin/skycoin/models/coin.go:404.2,405.16 2 1
github.com/fibercrypto/FiberCryptoWallet/src/coin/skycoin/models/coin.go:408.2,410.16 3 1
github.com/fibercrypto/FiberCryptoWallet/src/coin/skycoin/models/coin.go:413.2,413.27 1 1
github.com/fibercrypto/FiberCryptoWallet/src/coin/skycoin/models/coin.go:417.2,418.19 2 1
github.com/fibercrypto/FiberCryptoWallet/src/coin/skycoin/models/coin.go:400.45,402.3 1 1
github.com/fibercrypto/FiberCryptoWallet/src/coin/skycoin/models/coin.go:405.16,407.3 1 0
github.com/fibercrypto/FiberCryptoWallet/src/coin/skycoin/models/coin.go:410.16,412.3 1 0
github.com/fibercrypto/FiberCryptoWallet/src/coin/skycoin/models/coin.go:413.27,416.3 2 1
github.com/fibercrypto/FiberCryptoWallet/src/coin/skycoin/models/coin.go:421.68,424.23 2 1
github.com/fibercrypto/FiberCryptoWallet/src/coin/skycoin/models/coin.go:431.2,431.19 1 1
github.com/fibercrypto/FiberCryptoWallet/src/coin/skycoin/models/coin.go:424.23,426.17 2 1
github.com/fibercrypto/FiberCryptoWallet/src/coin/skycoin/models/coin.go:429.3,429.19 1 1
github.com/fibercrypto/FiberCryptoWallet/src/coin/skycoin/models/coin.go:426.17,428.4 1 0
github.com/fibercrypto/FiberCryptoWallet/src/coin/skycoin/models/coin.go:434.70,437.24 2 0
github.com/fibercrypto/FiberCryptoWallet/src/coin/skycoin/models/coin.go:446.2,446.20 1 0
github.com/fibercrypto/FiberCryptoWallet/src/coin/skycoin/models/coin.go:437.24,439.38 2 0
github.com/fibercrypto/FiberCryptoWallet/src/coin/skycoin/models/coin.go:439.38,444.4 1 0
github.com/fibercrypto/FiberCryptoWallet/src/coin/skycoin/models/coin.go:449.47,452.2 2 1
github.com/fibercrypto/FiberCryptoWallet/src/coin/skycoin/models/coin.go:454.74,456.24 2 0
github.com/fibercrypto/FiberCryptoWallet/src/coin/skycoin/models/coin.go:461.2,462.50 2 0
github.com/fibercrypto/FiberCryptoWallet/src/coin/skycoin/models/coin.go:456.24,458.3 1 0
github.com/fibercrypto/FiberCryptoWallet/src/coin/skycoin/models/coin.go:458.8,458.61 1 0
github.com/fibercrypto/FiberCryptoWallet/src/coin/skycoin/models/coin.go:458.61,460.3 1 0
github.com/fibercrypto/FiberCryptoWallet/src/coin/skycoin/models/coin.go:466.75,468.2 1 1
github.com/fibercrypto/FiberCryptoWallet/src/coin/skycoin/models/coin.go:471.88,473.2 1 1
github.com/fibercrypto/FiberCryptoWallet/src/coin/skycoin/models/coin.go:476.55,478.2 1 0
github.com/fibercrypto/FiberCryptoWallet/src/coin/skycoin/models/coin.go:481.53,483.2 1 0
github.com/fibercrypto/FiberCryptoWallet/src/coin/skycoin/models/coin.go:486.62,488.2 1 0
github.com/fibercrypto/FiberCryptoWallet/src/coin/skycoin/models/coin.go:490.91,492.16 2 1
github.com/fibercrypto/FiberCryptoWallet/src/coin/skycoin/models/coin.go:495.2,497.16 3 1
github.com/fibercrypto/FiberCryptoWallet/src/coin/skycoin/models/coin.go:500.2,501.48 2 1
github.com/fibercrypto/FiberCryptoWallet/src/coin/skycoin/models/coin.go:508.2,508.20 1 1
github.com/fibercrypto/FiberCryptoWallet/src/coin/skycoin/models/coin.go:492.16,494.3 1 0
github.com/fibercrypto/FiberCryptoWallet/src/coin/skycoin/models/coin.go:497.16,499.3 1 0
github.com/fibercrypto/FiberCryptoWallet/src/coin/skycoin/models/coin.go:501.48,506.3 1 1
github.com/fibercrypto/FiberCryptoWallet/src/coin/skycoin/models/coin.go:511.113,514.16 3 1
github.com/fibercrypto/FiberCryptoWallet/src/coin/skycoin/models/coin.go:517.2,519.34 2 1
github.com/fibercrypto/FiberCryptoWallet/src/coin/skycoin/models/coin.go:559.2,559.20 1 1
github.com/fibercrypto/FiberCryptoWallet/src/coin/skycoin/models/coin.go:514.16,516.3 1 0
github.com/fibercrypto/FiberCryptoWallet/src/coin/skycoin/models/coin.go:519.34,521.17 2 1
github.com/fibercrypto/FiberCryptoWallet/src/coin/skycoin/models/coin.go:524.3,525.17 2 1
github.com/fibercrypto/FiberCryptoWallet/src/coin/skycoin/models/coin.go:528.3,529.17 2 1
github.com/fibercrypto/FiberCryptoWallet/src/coin/skycoin/models/coin.go:532.3,546.17 3 1
github.com/fibercrypto/FiberCryptoWallet/src/coin/skycoin/models/coin.go:549.3,550.17 2 1
github.com/fibercrypto/FiberCryptoWallet/src/coin/skycoin/models/coin.go:553.3,556.5 1 1
github.com/fibercrypto/FiberCryptoWallet/src/coin/skycoin/models/coin.go:521.17,523.4 1 0
github.com/fibercrypto/FiberCryptoWallet/src/coin/skycoin/models/coin.go:525.17,527.4 1 0
github.com/fibercrypto/FiberCryptoWallet/src/coin/skycoin/models/coin.go:529.17,531.4 1 0
github.com/fibercrypto/FiberCryptoWallet/src/coin/skycoin/models/coin.go:546.17,548.4 1 0
github.com/fibercrypto/FiberCryptoWallet/src/coin/skycoin/models/coin.go:550.17,552.4 1 0
github.com/fibercrypto/FiberCryptoWallet/src/coin/skycoin/models/coin.go:570.51,573.2 2 1
github.com/fibercrypto/FiberCryptoWallet/src/coin/skycoin/models/coin.go:575.76,578.27 2 1
github.com/fibercrypto/FiberCryptoWallet/src/coin/skycoin/models/coin.go:605.2,605.23 1 1
github.com/fibercrypto/FiberCryptoWallet/src/coin/skycoin/models/coin.go:578.27,581.17 2 1
github.com/fibercrypto/FiberCryptoWallet/src/coin/skycoin/models/coin.go:584.3,586.17 3 1
github.com/fibercrypto/FiberCryptoWallet/src/coin/skycoin/models/coin.go:589.3,590.17 2 1
github.com/fibercrypto/FiberCryptoWallet/src/coin/skycoin/models/coin.go:594.3,602.26 2 1
github.com/fibercrypto/FiberCryptoWallet/src/coin/skycoin/models/coin.go:581.17,583.4 1 0
github.com/fibercrypto/FiberCryptoWallet/src/coin/skycoin/models/coin.go:586.17,588.4 1 0
github.com/fibercrypto/FiberCryptoWallet/src/coin/skycoin/models/coin.go:590.17,592.4 1 0
github.com/fibercrypto/FiberCryptoWallet/src/coin/skycoin/models/coin.go:610.63,612.2 1 0
github.com/fibercrypto/FiberCryptoWallet/src/coin/skycoin/models/coin.go:615.76,619.17 3 1
github.com/fibercrypto/FiberCryptoWallet/src/coin/skycoin/models/coin.go:622.2,622.19 1 1
github.com/fibercrypto/FiberCryptoWallet/src/coin/skycoin/models/coin.go:634.2,635.50 2 0
github.com/fibercrypto/FiberCryptoWallet/src/coin/skycoin/models/coin.go:619.17,621.3 1 1
github.com/fibercrypto/FiberCryptoWallet/src/coin/skycoin/models/coin.go:622.19,624.17 2 1
github.com/fibercrypto/FiberCryptoWallet/src/coin/skycoin/models/coin.go:627.3,627.47 1 1
github.com/fibercrypto/FiberCryptoWallet/src/coin/skycoin/models/coin.go:624.17,626.4 1 0
github.com/fibercrypto/FiberCryptoWallet/src/coin/skycoin/models/coin.go:628.8,628.31 1 1
github.com/fibercrypto/FiberCryptoWallet/src/coin/skycoin/models/coin.go:628.31,630.3 1 1
github.com/fibercrypto/FiberCryptoWallet/src/coin/skycoin/models/coin.go:630.8,630.37 1 0
github.com/fibercrypto/FiberCryptoWallet/src/coin/skycoin/models/coin.go:630.37,632.3 1 0
github.com/fibercrypto/FiberCryptoWallet/src/coin/skycoin/models/coin.go:646.76,648.2 1 1
github.com/fibercrypto/FiberCryptoWallet/src/coin/skycoin/models/coin.go:650.58,651.20 1 1
github.com/fibercrypto/FiberCryptoWallet/src/coin/skycoin/models/coin.go:655.2,655.14 1 1
github.com/fibercrypto/FiberCryptoWallet/src/coin/skycoin/models/coin.go:651.20,654.3 2 1
github.com/fibercrypto/FiberCryptoWallet/src/coin/skycoin/models/coin.go:658.61,660.2 1 1
github.com/fibercrypto/FiberCryptoWallet/src/coin/skycoin/models/coin.go:662.103,664.2 1 1
github.com/fibercrypto/FiberCryptoWallet/src/coin/skycoin/models/coin.go:675.53,679.2 2 1
github.com/fibercrypto/FiberCryptoWallet/src/coin/skycoin/models/coin.go:681.64,684.2 2 1
github.com/fibercrypto/FiberCryptoWallet/src/coin/skycoin/models/coin.go:687.64,689.2 1 0
github.com/fibercrypto/FiberCryptoWallet/src/coin/skycoin/models/coin.go:692.78,695.17 3 1
github.com/fibercrypto/FiberCryptoWallet/src/coin/skycoin/models/coin.go:698.2,698.19 1 1
github.com/fibercrypto/FiberCryptoWallet/src/coin/skycoin/models/coin.go:710.2,711.50 2 0
github.com/fibercrypto/FiberCryptoWallet/src/coin/skycoin/models/coin.go:695.17,697.3 1 0
github.com/fibercrypto/FiberCryptoWallet/src/coin/skycoin/models/coin.go:698.19,700.17 2 1
github.com/fibercrypto/FiberCryptoWallet/src/coin/skycoin/models/coin.go:703.3,703.47 1 1
github.com/fibercrypto/FiberCryptoWallet/src/coin/skycoin/models/coin.go:700.17,702.4 1 0
github.com/fibercrypto/FiberCryptoWallet/src/coin/skycoin/models/coin.go:704.8,704.31 1 1
github.com/fibercrypto/FiberCryptoWallet/src/coin/skycoin/models/coin.go:704.31,706.3 1 1
github.com/fibercrypto/FiberCryptoWallet/src/coin/skycoin/models/coin.go:706.8,706.37 1 0
github.com/fibercrypto/FiberCryptoWallet/src/coin/skycoin/models/coin.go:706.37,708.3 1 0
github.com/fibercrypto/FiberCryptoWallet/src/coin/skycoin/models/coin.go:714.53,716.15 2 1
github.com/fibercrypto/FiberCryptoWallet/src/coin/skycoin/models/coin.go:720.2,721.16 2 1
github.com/fibercrypto/FiberCryptoWallet/src/coin/skycoin/models/coin.go:724.2,726.16 3 1
github.com/fibercrypto/FiberCryptoWallet/src/coin/skycoin/models/coin.go:729.2,729.89 1 1
github.com/fibercrypto/FiberCryptoWallet/src/coin/skycoin/models/coin.go:733.2,733.14 1 1
github.com/fibercrypto/FiberCryptoWallet/src/coin/skycoin/models/coin.go:716.15,718.3 1 0
github.com/fibercrypto/FiberCryptoWallet/src/coin/skycoin/models/coin.go:721.16,723.3 1 0
github.com/fibercrypto/FiberCryptoWallet/src/coin/skycoin/models/coin.go:726.16,728.3 1 0
github.com/fibercrypto/FiberCryptoWallet/src/coin/skycoin/models/coin.go:729.89,732.3 2 1
github.com/fibercrypto/FiberCryptoWallet/src/coin/skycoin/models/coin.go:736.94,738.27 2 0
github.com/fibercrypto/FiberCryptoWallet/src/coin/skycoin/models/coin.go:743.2,743.12 1 0
github.com/fibercrypto/FiberCryptoWallet/src/coin/skycoin/models/coin.go:738.27,742.3 1 0
github.com/fibercrypto/FiberCryptoWallet/src/coin/skycoin/models/coin.go:755.58,757.2 1 0
github.com/fibercrypto/FiberCryptoWallet/src/coin/skycoin/models/coin.go:759.83,760.27 1 0
github.com/fibercrypto/FiberCryptoWallet/src/coin/skycoin/models/coin.go:778.2,778.23 1 0
github.com/fibercrypto/FiberCryptoWallet/src/coin/skycoin/models/coin.go:760.27,763.17 2 0
github.com/fibercrypto/FiberCryptoWallet/src/coin/skycoin/models/coin.go:766.3,775.26 2 0
github.com/fibercrypto/FiberCryptoWallet/src/coin/skycoin/models/coin.go:763.17,765.4 1 0
github.com/fibercrypto/FiberCryptoWallet/src/coin/skycoin/models/coin.go:783.70,785.2 1 0
github.com/fibercrypto/FiberCryptoWallet/src/coin/skycoin/models/coin.go:788.83,790.17 2 0
github.com/fibercrypto/FiberCryptoWallet/src/coin/skycoin/models/coin.go:793.2,796.19 4 0
github.com/fibercrypto/FiberCryptoWallet/src/coin/skycoin/models/coin.go:810.2,810.16 1 0
github.com/fibercrypto/FiberCryptoWallet/src/coin/skycoin/models/coin.go:813.2,813.20 1 0
github.com/fibercrypto/FiberCryptoWallet/src/coin/skycoin/models/coin.go:790.17,792.3 1 0
github.com/fibercrypto/FiberCryptoWallet/src/coin/skycoin/models/coin.go:796.19,800.3 3 0
github.com/fibercrypto/FiberCryptoWallet/src/coin/skycoin/models/coin.go:800.8,800.31 1 0
github.com/fibercrypto/FiberCryptoWallet/src/coin/skycoin/models/coin.go:800.31,803.3 2 0
github.com/fibercrypto/FiberCryptoWallet/src/coin/skycoin/models/coin.go:803.8,803.37 1 0
github.com/fibercrypto/FiberCryptoWallet/src/coin/skycoin/models/coin.go:803.37,806.3 2 0
github.com/fibercrypto/FiberCryptoWallet/src/coin/skycoin/models/coin.go:806.8,809.3 2 0
github.com/fibercrypto/FiberCryptoWallet/src/coin/skycoin/models/coin.go:810.16,812.3 1 0
github.com/fibercrypto/FiberCryptoWallet/src/coin/skycoin/models/coin.go:816.98,818.29 2 0
github.com/fibercrypto/FiberCryptoWallet/src/coin/skycoin/models/coin.go:823.2,823.12 1 0
github.com/fibercrypto/FiberCryptoWallet/src/coin/skycoin/models/coin.go:818.29,822.3 1 0
github.com/fibercrypto/FiberCryptoWallet/src/coin/skycoin/models/coin.go:835.60,837.2 1 0
github.com/fibercrypto/FiberCryptoWallet/src/coin/skycoin/models/coin.go:839.71,841.2 1 0
github.com/fibercrypto/FiberCryptoWallet/src/coin/skycoin/models/coin.go:844.71,846.2 1 0
github.com/fibercrypto/FiberCryptoWallet/src/coin/skycoin/models/coin.go:849.85,851.17 2 0
github.com/fibercrypto/FiberCryptoWallet/src/coin/skycoin/models/coin.go:854.2,857.19 4 0
github.com/fibercrypto/FiberCryptoWallet/src/coin/skycoin/models/coin.go:870.2,870.16 1 0
github.com/fibercrypto/FiberCryptoWallet/src/coin/skycoin/models/coin.go:874.2,874.20 1 0
github.com/fibercrypto/FiberCryptoWallet/src/coin/skycoin/models/coin.go:851.17,853.3 1 0
github.com/fibercrypto/FiberCryptoWallet/src/coin/skycoin/models/coin.go:857.19,861.3 3 0
github.com/fibercrypto/FiberCryptoWallet/src/coin/skycoin/models/coin.go:861.8,861.31 1 0
github.com/fibercrypto/FiberCryptoWallet/src/coin/skycoin/models/coin.go:861.31,864.3 2 0
github.com/fibercrypto/FiberCryptoWallet/src/coin/skycoin/models/coin.go:864.8,864.37 1 0
github.com/fibercrypto/FiberCryptoWallet/src/coin/skycoin/models/coin.go:864.37,867.3 2 0
github.com/fibercrypto/FiberCryptoWallet/src/coin/skycoin/models/coin.go:867.8,869.3 1 0
github.com/fibercrypto/FiberCryptoWallet/src/coin/skycoin/models/coin.go:870.16,873.3 2 0
github.com/fibercrypto/FiberCryptoWallet/src/coin/skycoin/models/coin.go:877.60,878.15 1 1
github.com/fibercrypto/FiberCryptoWallet/src/coin/skycoin/models/coin.go:882.2,883.16 2 1
github.com/fibercrypto/FiberCryptoWallet/src/coin/skycoin/models/coin.go:886.2,888.16 3 1
github.com/fibercrypto/FiberCryptoWallet/src/coin/skycoin/models/coin.go:891.2,891.89 1 1
github.com/fibercrypto/FiberCryptoWallet/src/coin/skycoin/models/coin.go:895.2,895.14 1 1
github.com/fibercrypto/FiberCryptoWallet/src/coin/skycoin/models/coin.go:878.15,880.3 1 1
github.com/fibercrypto/FiberCryptoWallet/src/coin/skycoin/models/coin.go:883.16,885.3 1 0
github.com/fibercrypto/FiberCryptoWallet/src/coin/skycoin/models/coin.go:888.16,890.3 1 0
github.com/fibercrypto/FiberCryptoWallet/src/coin/skycoin/models/coin.go:891.89,894.3 2 1
github.com/fibercrypto/FiberCryptoWallet/src/coin/skycoin/models/coin.go:899.91,903.2 1 1
github.com/fibercrypto/FiberCryptoWallet/src/coin/skycoin/models/coin.go:916.66,918.2 1 0
github.com/fibercrypto/FiberCryptoWallet/src/coin/skycoin/models/coin.go:921.69,923.2 1 0
github.com/fibercrypto/FiberCryptoWallet/src/coin/skycoin/models/coin.go:925.74,927.2 1 0
github.com/fibercrypto/FiberCryptoWallet/src/coin/skycoin/models/coin.go:930.75,931.23 1 0
github.com/fibercrypto/FiberCryptoWallet/src/coin/skycoin/models/coin.go:934.2,934.19 1 0
github.com/fibercrypto/FiberCryptoWallet/src/coin/skycoin/models/coin.go:931.23,933.3 1 0
github.com/fibercrypto/FiberCryptoWallet/src/coin/skycoin/models/coin.go:938.77,939.24 1 0
github.com/fibercrypto/FiberCryptoWallet/src/coin/skycoin/models/coin.go:942.2,942.20 1 0
github.com/fibercrypto/FiberCryptoWallet/src/coin/skycoin/models/coin.go:939.24,941.3 1 0
github.com/fibercrypto/FiberCryptoWallet/src/coin/skycoin/models/coin.go:945.54,947.2 1 1
github.com/fibercrypto/FiberCryptoWallet/src/coin/skycoin/models/coin.go:949.81,950.24 1 1
github.com/fibercrypto/FiberCryptoWallet/src/coin/skycoin/models/coin.go:959.2,960.50 2 0
github.com/fibercrypto/FiberCryptoWallet/src/coin/skycoin/models/coin.go:950.24,952.17 2 1
github.com/fibercrypto/FiberCryptoWallet/src/coin/skycoin/models/coin.go:955.3,955.26 1 1
github.com/fibercrypto/FiberCryptoWallet/src/coin/skycoin/models/coin.go:952.17,954.4 1 0
github.com/fibercrypto/FiberCryptoWallet/src/coin/skycoin/models/coin.go:956.8,956.61 1 0
github.com/fibercrypto/FiberCryptoWallet/src/coin/skycoin/models/coin.go:956.61,958.3 1 0
github.com/fibercrypto/FiberCryptoWallet/src/coin/skycoin/models/coin.go:964.82,966.2 1 0
github.com/fibercrypto/FiberCryptoWallet/src/coin/skycoin/models/coin.go:969.95,971.2 1 0
github.com/fibercrypto/FiberCryptoWallet/src/coin/skycoin/models/coin.go:974.62,976.2 1 0
github.com/fibercrypto/FiberCryptoWallet/src/coin/skycoin/models/coin.go:979.60,981.2 1 0
github.com/fibercrypto/FiberCryptoWallet/src/coin/skycoin/models/coin.go:984.69,986.2 1 0
github.com/fibercrypto/FiberCryptoWallet/src/coin/skycoin/models/main.go:14.73,38.2 1 1
github.com/fibercrypto/FiberCryptoWallet/src/coin/skycoin/models/main.go:40.59,42.2 1 0
github.com/fibercrypto/FiberCryptoWallet/src/coin/skycoin/models/main.go:44.66,45.49 1 1
github.com/fibercrypto/FiberCryptoWallet/src/coin/skycoin/models/main.go:45.49,47.3 1 1
github.com/fibercrypto/FiberCryptoWallet/src/coin/skycoin/models/main.go:50.43,52.2 1 0
github.com/fibercrypto/FiberCryptoWallet/src/coin/skycoin/models/main.go:54.50,56.2 1 0
github.com/fibercrypto/FiberCryptoWallet/src/coin/skycoin/models/main.go:58.60,64.34 4 0
github.com/fibercrypto/FiberCryptoWallet/src/coin/skycoin/models/main.go:76.2,76.16 1 0
github.com/fibercrypto/FiberCryptoWallet/src/coin/skycoin/models/main.go:64.34,68.30 4 0
github.com/fibercrypto/FiberCryptoWallet/src/coin/skycoin/models/main.go:73.3,73.36 1 0
github.com/fibercrypto/FiberCryptoWallet/src/coin/skycoin/models/main.go:68.30,70.4 1 0
github.com/fibercrypto/FiberCryptoWallet/src/coin/skycoin/models/main.go:70.9,70.38 1 0
github.com/fibercrypto/FiberCryptoWallet/src/coin/skycoin/models/main.go:70.38,72.4 1 0
github.com/fibercrypto/FiberCryptoWallet/src/coin/skycoin/models/main.go:79.68,81.26 2 0
github.com/fibercrypto/FiberCryptoWallet/src/coin/skycoin/models/main.go:86.2,86.40 1 0
github.com/fibercrypto/FiberCryptoWallet/src/coin/skycoin/models/main.go:81.26,83.3 1 0
github.com/fibercrypto/FiberCryptoWallet/src/coin/skycoin/models/main.go:83.8,85.3 1 0
github.com/fibercrypto/FiberCryptoWallet/src/coin/skycoin/models/main.go:90.73,94.2 1 1
github.com/fibercrypto/FiberCryptoWallet/src/coin/skycoin/models/network.go:23.67,26.2 1 0
github.com/fibercrypto/FiberCryptoWallet/src/coin/skycoin/models/network.go:28.72,33.2 1 0
github.com/fibercrypto/FiberCryptoWallet/src/coin/skycoin/models/network.go:41.44,43.2 1 0
github.com/fibercrypto/FiberCryptoWallet/src/coin/skycoin/models/network.go:45.71,49.16 4 1
github.com/fibercrypto/FiberCryptoWallet/src/coin/skycoin/models/network.go:53.2,55.16 2 1
github.com/fibercrypto/FiberCryptoWallet/src/coin/skycoin/models/network.go:64.2,65.9 2 1
github.com/fibercrypto/FiberCryptoWallet/src/coin/skycoin/models/network.go:69.2,72.8 1 1
github.com/fibercrypto/FiberCryptoWallet/src/coin/skycoin/models/network.go:49.16,51.3 1 0
github.com/fibercrypto/FiberCryptoWallet/src/coin/skycoin/models/network.go:55.16,56.101 1 0
github.com/fibercrypto/FiberCryptoWallet/src/coin/skycoin/models/network.go:61.3,61.18 1 0
github.com/fibercrypto/FiberCryptoWallet/src/coin/skycoin/models/network.go:56.101,57.18 1 0
github.com/fibercrypto/FiberCryptoWallet/src/coin/skycoin/models/network.go:57.18,58.10 1 0
github.com/fibercrypto/FiberCryptoWallet/src/coin/skycoin/models/network.go:65.9,68.3 2 0
github.com/fibercrypto/FiberCryptoWallet/src/coin/skycoin/models/network.go:75.51,77.9 2 1
github.com/fibercrypto/FiberCryptoWallet/src/coin/skycoin/models/network.go:80.2,80.38 1 1
github.com/fibercrypto/FiberCryptoWallet/src/coin/skycoin/models/network.go:77.9,79.3 1 0
github.com/fibercrypto/FiberCryptoWallet/src/coin/skycoin/models/network.go:83.52,86.2 2 0
github.com/fibercrypto/FiberCryptoWallet/src/coin/skycoin/models/network.go:93.67,96.2 1 0
github.com/fibercrypto/FiberCryptoWallet/src/coin/skycoin/models/network.go:98.66,101.9 3 1
github.com/fibercrypto/FiberCryptoWallet/src/coin/skycoin/models/network.go:104.2,105.16 2 1
github.com/fibercrypto/FiberCryptoWallet/src/coin/skycoin/models/network.go:108.2,110.16 3 1
github.com/fibercrypto/FiberCryptoWallet/src/coin/skycoin/models/network.go:113.2,114.16 2 1
github.com/fibercrypto/FiberCryptoWallet/src/coin/skycoin/models/network.go:118.2,118.12 1 1
github.com/fibercrypto/FiberCryptoWallet/src/coin/skycoin/models/network.go:101.9,103.3 1 0
github.com/fibercrypto/FiberCryptoWallet/src/coin/skycoin/models/network.go:105.16,107.3 1 0
github.com/fibercrypto/FiberCryptoWallet/src/coin/skycoin/models/network.go:110.16,112.3 1 0
github.com/fibercrypto/FiberCryptoWallet/src/coin/skycoin/models/network.go:114.16,116.3 1 0
github.com/fibercrypto/FiberCryptoWallet/src/coin/skycoin/models/network.go:121.72,124.16 3 1
github.com/fibercrypto/FiberCryptoWallet/src/coin/skycoin/models/network.go:127.2,129.17 3 1
github.com/fibercrypto/FiberCryptoWallet/src/coin/skycoin/models/network.go:132.2,133.27 2 1
github.com/fibercrypto/FiberCryptoWallet/src/coin/skycoin/models/network.go:136.2,136.56 1 1
github.com/fibercrypto/FiberCryptoWallet/src/coin/skycoin/models/network.go:124.16,126.3 1 0
github.com/fibercrypto/FiberCryptoWallet/src/coin/skycoin/models/network.go:129.17,131.3 1 0
github.com/fibercrypto/FiberCryptoWallet/src/coin/skycoin/models/network.go:133.27,135.3 1 1
github.com/fibercrypto/FiberCryptoWallet/src/coin/skycoin/models/networking.go:17.56,19.2 1 0
github.com/fibercrypto/FiberCryptoWallet/src/coin/skycoin/models/networking.go:21.47,22.18 1 0
github.com/fibercrypto/FiberCryptoWallet/src/coin/skycoin/models/networking.go:26.2,26.14 1 0
github.com/fibercrypto/FiberCryptoWallet/src/coin/skycoin/models/networking.go:22.18,25.3 2 0
github.com/fibercrypto/FiberCryptoWallet/src/coin/skycoin/models/networking.go:29.50,31.2 1 0
github.com/fibercrypto/FiberCryptoWallet/src/coin/skycoin/models/networking.go:33.80,35.2 1 0
github.com/fibercrypto/FiberCryptoWallet/src/coin/skycoin/models/networking.go:42.77,44.2 1 0
github.com/fibercrypto/FiberCryptoWallet/src/coin/skycoin/models/networking.go:46.73,48.2 1 0
github.com/fibercrypto/FiberCryptoWallet/src/coin/skycoin/models/networking.go:50.82,55.16 4 0
github.com/fibercrypto/FiberCryptoWallet/src/coin/skycoin/models/networking.go:59.2,60.39 2 0
github.com/fibercrypto/FiberCryptoWallet/src/coin/skycoin/models/networking.go:64.2,64.47 1 0
github.com/fibercrypto/FiberCryptoWallet/src/coin/skycoin/models/networking.go:55.16,58.3 2 0
github.com/fibercrypto/FiberCryptoWallet/src/coin/skycoin/models/networking.go:60.39,62.3 1 0
github.com/fibercrypto/FiberCryptoWallet/src/coin/skycoin/models/networking.go:76.47,78.2 1 0
github.com/fibercrypto/FiberCryptoWallet/src/coin/skycoin/models/networking.go:80.49,82.2 1 0
github.com/fibercrypto/FiberCryptoWallet/src/coin/skycoin/models/networking.go:84.56,86.2 1 0
github.com/fibercrypto/FiberCryptoWallet/src/coin/skycoin/models/networking.go:88.49,90.2 1 0
github.com/fibercrypto/FiberCryptoWallet/src/coin/skycoin/models/networking.go:92.54,94.2 1 0
github.com/fibercrypto/FiberCryptoWallet/src/coin/skycoin/models/networking.go:96.55,98.2 1 0
github.com/fibercrypto/FiberCryptoWallet/src/coin/skycoin/models/networking.go:100.75,109.2 1 0
github.com/fibercrypto/FiberCryptoWallet/src/coin/skycoin/models/account.go:19.71,22.16 2 1
github.com/fibercrypto/FiberCryptoWallet/src/coin/skycoin/models/account.go:26.2,29.16 4 1
github.com/fibercrypto/FiberCryptoWallet/src/coin/skycoin/models/account.go:34.2,34.19 1 1
github.com/fibercrypto/FiberCryptoWallet/src/coin/skycoin/models/account.go:22.16,25.3 2 0
github.com/fibercrypto/FiberCryptoWallet/src/coin/skycoin/models/account.go:29.16,32.3 2 0
github.com/fibercrypto/FiberCryptoWallet/src/coin/skycoin/models/account.go:34.19,36.3 1 1
github.com/fibercrypto/FiberCryptoWallet/src/coin/skycoin/models/account.go:36.8,36.31 1 1
github.com/fibercrypto/FiberCryptoWallet/src/coin/skycoin/models/account.go:36.31,38.3 1 1
github.com/fibercrypto/FiberCryptoWallet/src/coin/skycoin/models/account.go:38.8,40.3 1 1
github.com/fibercrypto/FiberCryptoWallet/src/coin/skycoin/models/account.go:42.51,44.2 1 0
github.com/fibercrypto/FiberCryptoWallet/src/coin/skycoin/models/account.go:45.81,47.16 2 1
github.com/fibercrypto/FiberCryptoWallet/src/coin/skycoin/models/account.go:51.2,54.16 4 1
github.com/fibercrypto/FiberCryptoWallet/src/coin/skycoin/models/account.go:59.2,61.27 3 1
github.com/fibercrypto/FiberCryptoWallet/src/coin/skycoin/models/account.go:75.2,75.56 1 1
github.com/fibercrypto/FiberCryptoWallet/src/coin/skycoin/models/account.go:47.16,50.3 2 0
github.com/fibercrypto/FiberCryptoWallet/src/coin/skycoin/models/account.go:54.16,57.3 2 0
github.com/fibercrypto/FiberCryptoWallet/src/coin/skycoin/models/account.go:61.27,73.3 1 1
github.com/fibercrypto/FiberCryptoWallet/src/coin/skycoin/models/account.go:77.73,80.16 2 1
github.com/fibercrypto/FiberCryptoWallet/src/coin/skycoin/models/account.go:84.2,87.16 4 1
github.com/fibercrypto/FiberCryptoWallet/src/coin/skycoin/models/account.go:92.2,92.25 1 1
github.com/fibercrypto/FiberCryptoWallet/src/coin/skycoin/models/account.go:105.2,105.52 1 1
github.com/fibercrypto/FiberCryptoWallet/src/coin/skycoin/models/account.go:80.16,83.3 2 0
github.com/fibercrypto/FiberCryptoWallet/src/coin/skycoin/models/account.go:87.16,90.3 2 0
github.com/fibercrypto/FiberCryptoWallet/src/coin/skycoin/models/account.go:92.25,94.26 2 1
github.com/fibercrypto/FiberCryptoWallet/src/coin/skycoin/models/account.go:98.3,101.5 1 1
github.com/fibercrypto/FiberCryptoWallet/src/coin/skycoin/models/account.go:94.26,96.4 1 1
github.com/fibercrypto/FiberCryptoWallet/src/coin/skycoin/models/account.go:108.89,110.2 1 0
github.com/fibercrypto/FiberCryptoWallet/src/coin/skycoin/models/account.go:112.68,114.16 2 1
github.com/fibercrypto/FiberCryptoWallet/src/coin/skycoin/models/account.go:118.2,121.16 4 1
github.com/fibercrypto/FiberCryptoWallet/src/coin/skycoin/models/account.go:126.2,126.19 1 1
github.com/fibercrypto/FiberCryptoWallet/src/coin/skycoin/models/account.go:114.16,117.3 2 0
github.com/fibercrypto/FiberCryptoWallet/src/coin/skycoin/models/account.go:121.16,124.3 2 0
github.com/fibercrypto/FiberCryptoWallet/src/coin/skycoin/models/account.go:126.19,128.3 1 1
github.com/fibercrypto/FiberCryptoWallet/src/coin/skycoin/models/account.go:128.8,128.31 1 1
github.com/fibercrypto/FiberCryptoWallet/src/coin/skycoin/models/account.go:128.31,130.3 1 1
github.com/fibercrypto/FiberCryptoWallet/src/coin/skycoin/models/account.go:130.8,132.3 1 1
github.com/fibercrypto/FiberCryptoWallet/src/coin/skycoin/models/account.go:136.48,138.2 1 0
github.com/fibercrypto/FiberCryptoWallet/src/coin/skycoin/models/account.go:140.78,143.16 3 1
github.com/fibercrypto/FiberCryptoWallet/src/coin/skycoin/models/account.go:147.2,148.27 2 1
github.com/fibercrypto/FiberCryptoWallet/src/coin/skycoin/models/account.go:154.2,154.52 1 1
github.com/fibercrypto/FiberCryptoWallet/src/coin/skycoin/models/account.go:143.16,146.3 2 0
github.com/fibercrypto/FiberCryptoWallet/src/coin/skycoin/models/account.go:148.27,150.23 2 1
github.com/fibercrypto/FiberCryptoWallet/src/coin/skycoin/models/account.go:150.23,152.4 1 1
github.com/fibercrypto/FiberCryptoWallet/src/coin/skycoin/models/account.go:157.70,160.16 3 1
github.com/fibercrypto/FiberCryptoWallet/src/coin/skycoin/models/account.go:164.2,165.27 2 1
github.com/fibercrypto/FiberCryptoWallet/src/coin/skycoin/models/account.go:172.2,172.44 1 1
github.com/fibercrypto/FiberCryptoWallet/src/coin/skycoin/models/account.go:160.16,163.3 2 0
github.com/fibercrypto/FiberCryptoWallet/src/coin/skycoin/models/account.go:165.27,167.23 2 1
github.com/fibercrypto/FiberCryptoWallet/src/coin/skycoin/models/account.go:167.23,169.4 1 1
github.com/fibercrypto/FiberCryptoWallet/src/coin/skycoin/models/account.go:175.86,177.16 2 1
github.com/fibercrypto/FiberCryptoWallet/src/coin/skycoin/models/account.go:181.2,184.17 4 1
github.com/fibercrypto/FiberCryptoWallet/src/coin/skycoin/models/account.go:188.2,189.43 2 1
github.com/fibercrypto/FiberCryptoWallet/src/coin/skycoin/models/account.go:192.2,192.49 1 1
github.com/fibercrypto/FiberCryptoWallet/src/coin/skycoin/models/account.go:177.16,180.3 2 0
github.com/fibercrypto/FiberCryptoWallet/src/coin/skycoin/models/account.go:184.17,187.3 2 0
github.com/fibercrypto/FiberCryptoWallet/src/coin/skycoin/models/account.go:189.43,191.3 1 1
github.com/fibercrypto/FiberCryptoWallet/src/coin/skycoin/models/account.go:195.67,199.16 4 1
github.com/fibercrypto/FiberCryptoWallet/src/coin/skycoin/models/account.go:203.2,205.33 3 1
github.com/fibercrypto/FiberCryptoWallet/src/coin/skycoin/models/account.go:209.2,210.16 2 1
github.com/fibercrypto/FiberCryptoWallet/src/coin/skycoin/models/account.go:214.2,217.16 4 1
github.com/fibercrypto/FiberCryptoWallet/src/coin/skycoin/models/account.go:222.2,223.16 2 1
github.com/fibercrypto/FiberCryptoWallet/src/coin/skycoin/models/account.go:228.2,228.19 1 1
github.com/fibercrypto/FiberCryptoWallet/src/coin/skycoin/models/account.go:199.16,202.3 2 0
github.com/fibercrypto/FiberCryptoWallet/src/coin/skycoin/models/account.go:205.33,207.3 1 1
github.com/fibercrypto/FiberCryptoWallet/src/coin/skycoin/models/account.go:210.16,213.3 2 0
github.com/fibercrypto/FiberCryptoWallet/src/coin/skycoin/models/account.go:217.16,220.3 2 0
github.com/fibercrypto/FiberCryptoWallet/src/coin/skycoin/models/account.go:223.16,226.3 2 0
github.com/fibercrypto/FiberCryptoWallet/src/coin/skycoin/models/account.go:228.19,230.17 2 1
github.com/fibercrypto/FiberCryptoWallet/src/coin/skycoin/models/account.go:234.3,235.18 2 1
github.com/fibercrypto/FiberCryptoWallet/src/coin/skycoin/models/account.go:239.3,239.48 1 1
github.com/fibercrypto/FiberCryptoWallet/src/coin/skycoin/models/account.go:230.17,233.4 2 0
github.com/fibercrypto/FiberCryptoWallet/src/coin/skycoin/models/account.go:235.18,238.4 2 0
github.com/fibercrypto/FiberCryptoWallet/src/coin/skycoin/models/account.go:240.8,240.31 1 1
github.com/fibercrypto/FiberCryptoWallet/src/coin/skycoin/models/account.go:240.31,242.17 2 1
github.com/fibercrypto/FiberCryptoWallet/src/coin/skycoin/models/account.go:246.3,247.18 2 1
github.com/fibercrypto/FiberCryptoWallet/src/coin/skycoin/models/account.go:251.3,251.52 1 1
github.com/fibercrypto/FiberCryptoWallet/src/coin/skycoin/models/account.go:242.17,245.4 2 0
github.com/fibercrypto/FiberCryptoWallet/src/coin/skycoin/models/account.go:247.18,250.4 2 0
github.com/fibercrypto/FiberCryptoWallet/src/coin/skycoin/models/account.go:252.8,254.3 1 1
github.com/fibercrypto/FiberCryptoWallet/src/coin/skycoin/models/account.go:258.47,260.2 1 0
github.com/fibercrypto/FiberCryptoWallet/src/coin/skycoin/models/account.go:262.77,265.16 3 1
github.com/fibercrypto/FiberCryptoWallet/src/coin/skycoin/models/account.go:269.2,270.27 2 1
github.com/fibercrypto/FiberCryptoWallet/src/coin/skycoin/models/account.go:276.2,276.52 1 1
github.com/fibercrypto/FiberCryptoWallet/src/coin/skycoin/models/account.go:265.16,268.3 2 0
github.com/fibercrypto/FiberCryptoWallet/src/coin/skycoin/models/account.go:270.27,272.23 2 1
github.com/fibercrypto/FiberCryptoWallet/src/coin/skycoin/models/account.go:272.23,274.4 1 1
github.com/fibercrypto/FiberCryptoWallet/src/coin/skycoin/models/account.go:279.69,281.16 2 1
github.com/fibercrypto/FiberCryptoWallet/src/coin/skycoin/models/account.go:285.2,286.27 2 1
github.com/fibercrypto/FiberCryptoWallet/src/coin/skycoin/models/account.go:293.2,293.44 1 1
github.com/fibercrypto/FiberCryptoWallet/src/coin/skycoin/models/account.go:281.16,284.3 2 0
github.com/fibercrypto/FiberCryptoWallet/src/coin/skycoin/models/account.go:286.27,288.23 2 1
github.com/fibercrypto/FiberCryptoWallet/src/coin/skycoin/models/account.go:288.23,290.4 1 1
github.com/fibercrypto/FiberCryptoWallet/src/coin/skycoin/models/account.go:296.85,298.16 2 1
github.com/fibercrypto/FiberCryptoWallet/src/coin/skycoin/models/account.go:302.2,305.17 4 1
github.com/fibercrypto/FiberCryptoWallet/src/coin/skycoin/models/account.go:309.2,310.43 2 1
github.com/fibercrypto/FiberCryptoWallet/src/coin/skycoin/models/account.go:313.2,313.49 1 1
github.com/fibercrypto/FiberCryptoWallet/src/coin/skycoin/models/account.go:298.16,301.3 2 0
github.com/fibercrypto/FiberCryptoWallet/src/coin/skycoin/models/account.go:305.17,308.3 2 0
github.com/fibercrypto/FiberCryptoWallet/src/coin/skycoin/models/account.go:310.43,312.3 1 1
github.com/fibercrypto/FiberCryptoWallet/src/coin/skycoin/models/account.go:316.110,318.26 2 1
github.com/fibercrypto/FiberCryptoWallet/src/coin/skycoin/models/account.go:322.2,327.37 2 1
github.com/fibercrypto/FiberCryptoWallet/src/coin/skycoin/models/account.go:347.2,347.44 1 1
github.com/fibercrypto/FiberCryptoWallet/src/coin/skycoin/models/account.go:367.2,367.43 1 1
github.com/fibercrypto/FiberCryptoWallet/src/coin/skycoin/models/account.go:386.2,386.59 1 1
github.com/fibercrypto/FiberCryptoWallet/src/coin/skycoin/models/account.go:399.2,404.26 3 1
github.com/fibercrypto/FiberCryptoWallet/src/coin/skycoin/models/account.go:447.2,449.16 3 1
github.com/fibercrypto/FiberCryptoWallet/src/coin/skycoin/models/account.go:454.2,455.16 2 1
github.com/fibercrypto/FiberCryptoWallet/src/coin/skycoin/models/account.go:460.2,461.16 2 1
github.com/fibercrypto/FiberCryptoWallet/src/coin/skycoin/models/account.go:466.2,466.20 1 1
github.com/fibercrypto/FiberCryptoWallet/src/coin/skycoin/models/account.go:318.26,320.3 1 1
github.com/fibercrypto/FiberCryptoWallet/src/coin/skycoin/models/account.go:327.37,328.40 1 1
github.com/fibercrypto/FiberCryptoWallet/src/coin/skycoin/models/account.go:333.3,334.17 2 1
github.com/fibercrypto/FiberCryptoWallet/src/coin/skycoin/models/account.go:339.3,343.30 4 1
github.com/fibercrypto/FiberCryptoWallet/src/coin/skycoin/models/account.go:328.40,331.4 2 0
github.com/fibercrypto/FiberCryptoWallet/src/coin/skycoin/models/account.go:334.17,337.4 2 0
github.com/fibercrypto/FiberCryptoWallet/src/coin/skycoin/models/account.go:347.44,348.40 1 0
github.com/fibercrypto/FiberCryptoWallet/src/coin/skycoin/models/account.go:353.3,354.17 2 0
github.com/fibercrypto/FiberCryptoWallet/src/coin/skycoin/models/account.go:359.3,363.30 4 0
github.com/fibercrypto/FiberCryptoWallet/src/coin/skycoin/models/account.go:348.40,351.4 2 0
github.com/fibercrypto/FiberCryptoWallet/src/coin/skycoin/models/account.go:354.17,357.4 2 0
github.com/fibercrypto/FiberCryptoWallet/src/coin/skycoin/models/account.go:367.43,368.40 1 1
github.com/fibercrypto/FiberCryptoWallet/src/coin/skycoin/models/account.go:373.3,374.17 2 1
github.com/fibercrypto/FiberCryptoWallet/src/coin/skycoin/models/account.go:379.3,383.30 4 1
github.com/fibercrypto/FiberCryptoWallet/src/coin/skycoin/models/account.go:368.40,371.4 2 0
github.com/fibercrypto/FiberCryptoWallet/src/coin/skycoin/models/account.go:374.17,377.4 2 0
github.com/fibercrypto/FiberCryptoWallet/src/coin/skycoin/models/account.go:386.59,388.17 2 1
github.com/fibercrypto/FiberCryptoWallet/src/coin/skycoin/models/account.go:393.3,396.9 1 1
github.com/fibercrypto/FiberCryptoWallet/src/coin/skycoin/models/account.go:388.17,391.4 2 0
github.com/fibercrypto/FiberCryptoWallet/src/coin/skycoin/models/account.go:404.26,411.17 5 1
github.com/fibercrypto/FiberCryptoWallet/src/coin/skycoin/models/account.go:416.3,417.17 2 1
github.com/fibercrypto/FiberCryptoWallet/src/coin/skycoin/models/account.go:422.3,423.17 2 1
github.com/fibercrypto/FiberCryptoWallet/src/coin/skycoin/models/account.go:428.3,429.17 2 1
github.com/fibercrypto/FiberCryptoWallet/src/coin/skycoin/models/account.go:434.3,435.17 2 1
github.com/fibercrypto/FiberCryptoWallet/src/coin/skycoin/models/account.go:440.3,441.17 2 1
github.com/fibercrypto/FiberCryptoWallet/src/coin/skycoin/models/account.go:411.17,414.4 2 0
github.com/fibercrypto/FiberCryptoWallet/src/coin/skycoin/models/account.go:417.17,420.4 2 0
github.com/fibercrypto/FiberCryptoWallet/src/coin/skycoin/models/account.go:423.17,426.4 2 0
github.com/fibercrypto/FiberCryptoWallet/src/coin/skycoin/models/account.go:429.17,432.4 2 0
github.com/fibercrypto/FiberCryptoWallet/src/coin/skycoin/models/account.go:435.17,438.4 2 0
github.com/fibercrypto/FiberCryptoWallet/src/coin/skycoin/models/account.go:441.17,444.4 2 0
github.com/fibercrypto/FiberCryptoWallet/src/coin/skycoin/models/account.go:449.16,452.3 2 0
github.com/fibercrypto/FiberCryptoWallet/src/coin/skycoin/models/account.go:455.16,458.3 2 0
github.com/fibercrypto/FiberCryptoWallet/src/coin/skycoin/models/account.go:461.16,464.3 2 0
github.com/fibercrypto/FiberCryptoWallet/src/coin/skycoin/models/api.go:16.56,18.2 1 1
github.com/fibercrypto/FiberCryptoWallet/src/coin/skycoin/models/api.go:20.92,23.2 2 1
github.com/fibercrypto/FiberCryptoWallet/src/coin/skycoin/models/api.go:24.97,27.2 2 1
github.com/fibercrypto/FiberCryptoWallet/src/coin/skycoin/models/api.go:28.106,31.2 2 1
github.com/fibercrypto/FiberCryptoWallet/src/coin/skycoin/models/api.go:32.111,35.2 2 1
github.com/fibercrypto/FiberCryptoWallet/src/coin/skycoin/models/api.go:36.76,39.2 2 1
github.com/fibercrypto/FiberCryptoWallet/src/coin/skycoin/models/api.go:40.105,43.2 2 1
github.com/fibercrypto/FiberCryptoWallet/src/coin/skycoin/models/api.go:44.64,47.2 2 1
github.com/fibercrypto/FiberCryptoWallet/src/coin/skycoin/models/api.go:48.73,51.2 2 1
github.com/fibercrypto/FiberCryptoWallet/src/coin/skycoin/models/api.go:52.85,55.2 2 1
github.com/fibercrypto/FiberCryptoWallet/src/coin/skycoin/models/api.go:56.80,59.2 2 1
github.com/fibercrypto/FiberCryptoWallet/src/coin/skycoin/models/api.go:60.103,63.2 2 1
github.com/fibercrypto/FiberCryptoWallet/src/coin/skycoin/models/api.go:64.73,67.2 2 1
github.com/fibercrypto/FiberCryptoWallet/src/coin/skycoin/models/api.go:68.63,71.2 2 1
github.com/fibercrypto/FiberCryptoWallet/src/coin/skycoin/models/api.go:72.96,75.2 2 1
github.com/fibercrypto/FiberCryptoWallet/src/coin/skycoin/models/api.go:76.66,80.2 2 1
github.com/fibercrypto/FiberCryptoWallet/src/coin/skycoin/models/api.go:81.95,84.2 2 1
github.com/fibercrypto/FiberCryptoWallet/src/coin/skycoin/models/api.go:85.90,88.2 2 1
github.com/fibercrypto/FiberCryptoWallet/src/coin/skycoin/models/api.go:89.90,92.2 2 1
github.com/fibercrypto/FiberCryptoWallet/src/coin/skycoin/models/api.go:93.81,96.2 2 1
github.com/fibercrypto/FiberCryptoWallet/src/coin/skycoin/models/api.go:97.119,100.2 2 1
github.com/fibercrypto/FiberCryptoWallet/src/coin/skycoin/models/api.go:101.110,104.2 2 0
github.com/fibercrypto/FiberCryptoWallet/src/coin/skycoin/models/api.go:105.83,108.2 2 0
github.com/fibercrypto/FiberCryptoWallet/src/coin/skycoin/models/api.go:109.126,112.2 2 1
github.com/fibercrypto/FiberCryptoWallet/src/coin/skycoin/models/api.go:113.130,116.2 2 1
github.com/fibercrypto/FiberCryptoWallet/src/coin/skycoin/models/api.go:117.118,120.2 2 1
github.com/fibercrypto/FiberCryptoWallet/src/coin/skycoin/models/api.go:122.82,125.2 2 1
github.com/fibercrypto/FiberCryptoWallet/src/coin/skycoin/models/wallet.go:46.54,48.2 1 1
github.com/fibercrypto/FiberCryptoWallet/src/coin/skycoin/models/wallet.go:50.46,51.18 1 1
github.com/fibercrypto/FiberCryptoWallet/src/coin/skycoin/models/wallet.go:55.2,55.14 1 1
github.com/fibercrypto/FiberCryptoWallet/src/coin/skycoin/models/wallet.go:51.18,54.3 2 1
github.com/fibercrypto/FiberCryptoWallet/src/coin/skycoin/models/wallet.go:58.49,60.2 1 1
github.com/fibercrypto/FiberCryptoWallet/src/coin/skycoin/models/wallet.go:62.77,64.2 1 1
github.com/fibercrypto/FiberCryptoWallet/src/coin/skycoin/models/wallet.go:72.70,75.16 3 1
github.com/fibercrypto/FiberCryptoWallet/src/coin/skycoin/models/wallet.go:79.2,83.16 4 1
github.com/fibercrypto/FiberCryptoWallet/src/coin/skycoin/models/wallet.go:87.2,88.27 2 1
github.com/fibercrypto/FiberCryptoWallet/src/coin/skycoin/models/wallet.go:94.2,94.42 1 1
github.com/fibercrypto/FiberCryptoWallet/src/coin/skycoin/models/wallet.go:75.16,78.3 2 0
github.com/fibercrypto/FiberCryptoWallet/src/coin/skycoin/models/wallet.go:83.16,86.3 2 0
github.com/fibercrypto/FiberCryptoWallet/src/coin/skycoin/models/wallet.go:88.27,92.3 3 1
github.com/fibercrypto/FiberCryptoWallet/src/coin/skycoin/models/wallet.go:98.176,102.16 4 1
github.com/fibercrypto/FiberCryptoWallet/src/coin/skycoin/models/wallet.go:106.2,107.17 2 1
github.com/fibercrypto/FiberCryptoWallet/src/coin/skycoin/models/wallet.go:144.2,145.17 2 1
github.com/fibercrypto/FiberCryptoWallet/src/coin/skycoin/models/wallet.go:102.16,105.3 2 0
github.com/fibercrypto/FiberCryptoWallet/src/coin/skycoin/models/wallet.go:107.17,109.17 2 1
github.com/fibercrypto/FiberCryptoWallet/src/coin/skycoin/models/wallet.go:113.3,123.17 10 1
github.com/fibercrypto/FiberCryptoWallet/src/coin/skycoin/models/wallet.go:127.3,127.38 1 1
github.com/fibercrypto/FiberCryptoWallet/src/coin/skycoin/models/wallet.go:109.17,112.4 2 0
github.com/fibercrypto/FiberCryptoWallet/src/coin/skycoin/models/wallet.go:123.17,126.4 2 0
github.com/fibercrypto/FiberCryptoWallet/src/coin/skycoin/models/wallet.go:128.8,138.17 9 1
github.com/fibercrypto/FiberCryptoWallet/src/coin/skycoin/models/wallet.go:142.3,142.38 1 1
github.com/fibercrypto/FiberCryptoWallet/src/coin/skycoin/models/wallet.go:138.17,141.4 2 0
github.com/fibercrypto/FiberCryptoWallet/src/coin/skycoin/models/wallet.go:149.63,151.2 1 0
github.com/fibercrypto/FiberCryptoWallet/src/coin/skycoin/models/wallet.go:154.68,159.2 1 0
github.com/fibercrypto/FiberCryptoWallet/src/coin/skycoin/models/wallet.go:161.88,164.16 3 1
github.com/fibercrypto/FiberCryptoWallet/src/coin/skycoin/models/wallet.go:168.2,170.16 3 1
github.com/fibercrypto/FiberCryptoWallet/src/coin/skycoin/models/wallet.go:174.2,176.16 3 1
github.com/fibercrypto/FiberCryptoWallet/src/coin/skycoin/models/wallet.go:164.16,167.3 2 0
github.com/fibercrypto/FiberCryptoWallet/src/coin/skycoin/models/wallet.go:170.16,173.3 2 0
github.com/fibercrypto/FiberCryptoWallet/src/coin/skycoin/models/wallet.go:176.16,179.3 2 0
github.com/fibercrypto/FiberCryptoWallet/src/coin/skycoin/models/wallet.go:182.88,185.16 3 1
github.com/fibercrypto/FiberCryptoWallet/src/coin/skycoin/models/wallet.go:189.2,191.16 3 1
github.com/fibercrypto/FiberCryptoWallet/src/coin/skycoin/models/wallet.go:195.2,197.16 3 1
github.com/fibercrypto/FiberCryptoWallet/src/coin/skycoin/models/wallet.go:185.16,188.3 2 0
github.com/fibercrypto/FiberCryptoWallet/src/coin/skycoin/models/wallet.go:191.16,194.3 2 0
github.com/fibercrypto/FiberCryptoWallet/src/coin/skycoin/models/wallet.go:197.16,200.3 2 0
github.com/fibercrypto/FiberCryptoWallet/src/coin/skycoin/models/wallet.go:203.81,206.16 3 1
github.com/fibercrypto/FiberCryptoWallet/src/coin/skycoin/models/wallet.go:210.2,213.16 4 1
github.com/fibercrypto/FiberCryptoWallet/src/coin/skycoin/models/wallet.go:217.2,217.32 1 1
github.com/fibercrypto/FiberCryptoWallet/src/coin/skycoin/models/wallet.go:206.16,209.3 2 0
github.com/fibercrypto/FiberCryptoWallet/src/coin/skycoin/models/wallet.go:213.16,216.3 2 0
github.com/fibercrypto/FiberCryptoWallet/src/coin/skycoin/models/wallet.go:221.69,224.16 3 1
github.com/fibercrypto/FiberCryptoWallet/src/coin/skycoin/models/wallet.go:228.2,231.16 4 1
github.com/fibercrypto/FiberCryptoWallet/src/coin/skycoin/models/wallet.go:235.2,237.13 3 1
github.com/fibercrypto/FiberCryptoWallet/src/coin/skycoin/models/wallet.go:224.16,227.3 2 0
github.com/fibercrypto/FiberCryptoWallet/src/coin/skycoin/models/wallet.go:231.16,234.3 2 0
github.com/fibercrypto/FiberCryptoWallet/src/coin/skycoin/models/wallet.go:240.52,244.16 3 0
github.com/fibercrypto/FiberCryptoWallet/src/coin/skycoin/models/wallet.go:247.2,249.6 3 0
github.com/fibercrypto/FiberCryptoWallet/src/coin/skycoin/models/wallet.go:264.2,265.16 2 0
github.com/fibercrypto/FiberCryptoWallet/src/coin/skycoin/models/wallet.go:268.2,271.3 1 0
github.com/fibercrypto/FiberCryptoWallet/src/coin/skycoin/models/wallet.go:244.16,246.3 1 0
github.com/fibercrypto/FiberCryptoWallet/src/coin/skycoin/models/wallet.go:249.6,252.32 3 0
github.com/fibercrypto/FiberCryptoWallet/src/coin/skycoin/models/wallet.go:258.3,259.12 2 0
github.com/fibercrypto/FiberCryptoWallet/src/coin/skycoin/models/wallet.go:252.32,253.19 1 0
github.com/fibercrypto/FiberCryptoWallet/src/coin/skycoin/models/wallet.go:253.19,255.10 2 0
github.com/fibercrypto/FiberCryptoWallet/src/coin/skycoin/models/wallet.go:259.12,260.9 1 0
github.com/fibercrypto/FiberCryptoWallet/src/coin/skycoin/models/wallet.go:265.16,267.3 1 0
github.com/fibercrypto/FiberCryptoWallet/src/coin/skycoin/models/wallet.go:282.59,284.30 2 0
github.com/fibercrypto/FiberCryptoWallet/src/coin/skycoin/models/wallet.go:288.2,288.26 1 0
github.com/fibercrypto/FiberCryptoWallet/src/coin/skycoin/models/wallet.go:284.30,287.3 2 0
github.com/fibercrypto/FiberCryptoWallet/src/coin/skycoin/models/wallet.go:291.57,293.30 2 0
github.com/fibercrypto/FiberCryptoWallet/src/coin/skycoin/models/wallet.go:297.2,297.26 1 0
github.com/fibercrypto/FiberCryptoWallet/src/coin/skycoin/models/wallet.go:293.30,296.3 2 0
github.com/fibercrypto/FiberCryptoWallet/src/coin/skycoin/models/wallet.go:303.83,305.46 2 0
github.com/fibercrypto/FiberCryptoWallet/src/coin/skycoin/models/wallet.go:309.2,310.16 2 0
github.com/fibercrypto/FiberCryptoWallet/src/coin/skycoin/models/wallet.go:314.2,315.16 2 0
github.com/fibercrypto/FiberCryptoWallet/src/coin/skycoin/models/wallet.go:319.2,319.22 1 0
github.com/fibercrypto/FiberCryptoWallet/src/coin/skycoin/models/wallet.go:305.46,307.3 1 0
github.com/fibercrypto/FiberCryptoWallet/src/coin/skycoin/models/wallet.go:310.16,313.3 2 0
github.com/fibercrypto/FiberCryptoWallet/src/coin/skycoin/models/wallet.go:315.16,318.3 2 0
github.com/fibercrypto/FiberCryptoWallet/src/coin/skycoin/models/wallet.go:322.75,325.16 3 0
github.com/fibercrypto/FiberCryptoWallet/src/coin/skycoin/models/wallet.go:329.2,329.18 1 0
github.com/fibercrypto/FiberCryptoWallet/src/coin/skycoin/models/wallet.go:325.16,328.3 2 0
github.com/fibercrypto/FiberCryptoWallet/src/coin/skycoin/models/wallet.go:336.46,338.2 1 0
github.com/fibercrypto/FiberCryptoWallet/src/coin/skycoin/models/wallet.go:351.56,353.2 1 0
github.com/fibercrypto/FiberCryptoWallet/src/coin/skycoin/models/wallet.go:355.157,357.19 2 1
github.com/fibercrypto/FiberCryptoWallet/src/coin/skycoin/models/wallet.go:360.2,361.8 2 1
github.com/fibercrypto/FiberCryptoWallet/src/coin/skycoin/models/wallet.go:357.19,359.3 1 1
github.com/fibercrypto/FiberCryptoWallet/src/coin/skycoin/models/wallet.go:364.127,366.16 2 1
github.com/fibercrypto/FiberCryptoWallet/src/coin/skycoin/models/wallet.go:370.2,372.15 3 1
github.com/fibercrypto/FiberCryptoWallet/src/coin/skycoin/models/wallet.go:376.2,377.16 2 1
github.com/fibercrypto/FiberCryptoWallet/src/coin/skycoin/models/wallet.go:381.2,382.16 2 1
github.com/fibercrypto/FiberCryptoWallet/src/coin/skycoin/models/wallet.go:386.2,393.16 3 1
github.com/fibercrypto/FiberCryptoWallet/src/coin/skycoin/models/wallet.go:397.2,398.18 2 1
github.com/fibercrypto/FiberCryptoWallet/src/coin/skycoin/models/wallet.go:366.16,369.3 2 0
github.com/fibercrypto/FiberCryptoWallet/src/coin/skycoin/models/wallet.go:372.15,375.3 2 0
github.com/fibercrypto/FiberCryptoWallet/src/coin/skycoin/models/wallet.go:377.16,380.3 2 0
github.com/fibercrypto/FiberCryptoWallet/src/coin/skycoin/models/wallet.go:382.16,385.3 2 0
github.com/fibercrypto/FiberCryptoWallet/src/coin/skycoin/models/wallet.go:393.16,396.3 2 0
github.com/fibercrypto/FiberCryptoWallet/src/coin/skycoin/models/wallet.go:401.44,404.2 2 1
github.com/fibercrypto/FiberCryptoWallet/src/coin/skycoin/models/wallet.go:406.48,409.16 3 1
github.com/fibercrypto/FiberCryptoWallet/src/coin/skycoin/models/wallet.go:413.2,416.16 4 1
github.com/fibercrypto/FiberCryptoWallet/src/coin/skycoin/models/wallet.go:409.16,412.3 2 0
github.com/fibercrypto/FiberCryptoWallet/src/coin/skycoin/models/wallet.go:416.16,419.3 2 0
github.com/fibercrypto/FiberCryptoWallet/src/coin/skycoin/models/wallet.go:422.41,425.2 2 1
github.com/fibercrypto/FiberCryptoWallet/src/coin/skycoin/models/wallet.go:427.127,430.16 3 1
github.com/fibercrypto/FiberCryptoWallet/src/coin/skycoin/models/wallet.go:434.2,439.16 5 1
github.com/fibercrypto/FiberCryptoWallet/src/coin/skycoin/models/wallet.go:443.2,444.86 2 1
github.com/fibercrypto/FiberCryptoWallet/src/coin/skycoin/models/wallet.go:466.2,466.103 1 1
github.com/fibercrypto/FiberCryptoWallet/src/coin/skycoin/models/wallet.go:430.16,433.3 2 0
github.com/fibercrypto/FiberCryptoWallet/src/coin/skycoin/models/wallet.go:439.16,442.3 2 0
github.com/fibercrypto/FiberCryptoWallet/src/coin/skycoin/models/wallet.go:444.86,451.17 7 1
github.com/fibercrypto/FiberCryptoWallet/src/coin/skycoin/models/wallet.go:455.3,458.17 3 1
github.com/fibercrypto/FiberCryptoWallet/src/coin/skycoin/models/wallet.go:463.3,463.43 1 1
github.com/fibercrypto/FiberCryptoWallet/src/coin/skycoin/models/wallet.go:451.17,454.4 2 0
github.com/fibercrypto/FiberCryptoWallet/src/coin/skycoin/models/wallet.go:458.17,461.4 2 0
github.com/fibercrypto/FiberCryptoWallet/src/coin/skycoin/models/wallet.go:471.183,476.17 4 1
github.com/fibercrypto/FiberCryptoWallet/src/coin/skycoin/models/wallet.go:484.2,484.18 1 1
github.com/fibercrypto/FiberCryptoWallet/src/coin/skycoin/models/wallet.go:492.2,494.9 3 1
github.com/fibercrypto/FiberCryptoWallet/src/coin/skycoin/models/wallet.go:498.2,501.9 3 1
github.com/fibercrypto/FiberCryptoWallet/src/coin/skycoin/models/wallet.go:505.2,508.29 2 1
github.com/fibercrypto/FiberCryptoWallet/src/coin/skycoin/models/wallet.go:513.2,516.25 3 1
github.com/fibercrypto/FiberCryptoWallet/src/coin/skycoin/models/wallet.go:547.2,549.19 2 1
github.com/fibercrypto/FiberCryptoWallet/src/coin/skycoin/models/wallet.go:556.2,556.28 1 1
github.com/fibercrypto/FiberCryptoWallet/src/coin/skycoin/models/wallet.go:476.17,478.29 2 1
github.com/fibercrypto/FiberCryptoWallet/src/coin/skycoin/models/wallet.go:481.3,481.24 1 1
github.com/fibercrypto/FiberCryptoWallet/src/coin/skycoin/models/wallet.go:478.29,480.4 1 1
github.com/fibercrypto/FiberCryptoWallet/src/coin/skycoin/models/wallet.go:484.18,486.29 2 0
github.com/fibercrypto/FiberCryptoWallet/src/coin/skycoin/models/wallet.go:489.3,489.22 1 0
github.com/fibercrypto/FiberCryptoWallet/src/coin/skycoin/models/wallet.go:486.29,488.4 1 0
github.com/fibercrypto/FiberCryptoWallet/src/coin/skycoin/models/wallet.go:494.9,497.3 2 0
github.com/fibercrypto/FiberCryptoWallet/src/coin/skycoin/models/wallet.go:501.9,504.3 2 0
github.com/fibercrypto/FiberCryptoWallet/src/coin/skycoin/models/wallet.go:508.29,512.3 3 1
github.com/fibercrypto/FiberCryptoWallet/src/coin/skycoin/models/wallet.go:516.25,518.17 2 1
github.com/fibercrypto/FiberCryptoWallet/src/coin/skycoin/models/wallet.go:522.3,523.17 2 1
github.com/fibercrypto/FiberCryptoWallet/src/coin/skycoin/models/wallet.go:527.3,531.42 5 1
github.com/fibercrypto/FiberCryptoWallet/src/coin/skycoin/models/wallet.go:545.3,545.42 1 1
github.com/fibercrypto/FiberCryptoWallet/src/coin/skycoin/models/wallet.go:518.17,521.4 2 0
github.com/fibercrypto/FiberCryptoWallet/src/coin/skycoin/models/wallet.go:523.17,526.4 2 0
github.com/fibercrypto/FiberCryptoWallet/src/coin/skycoin/models/wallet.go:531.42,533.18 2 1
github.com/fibercrypto/FiberCryptoWallet/src/coin/skycoin/models/wallet.go:537.4,538.18 2 1
github.com/fibercrypto/FiberCryptoWallet/src/coin/skycoin/models/wallet.go:543.4,543.48 1 1
github.com/fibercrypto/FiberCryptoWallet/src/coin/skycoin/models/wallet.go:533.18,536.5 2 0
github.com/fibercrypto/FiberCryptoWallet/src/coin/skycoin/models/wallet.go:538.18,541.5 2 0
github.com/fibercrypto/FiberCryptoWallet/src/coin/skycoin/models/wallet.go:549.19,551.15 2 1
github.com/fibercrypto/FiberCryptoWallet/src/coin/skycoin/models/wallet.go:551.15,553.4 1 1
github.com/fibercrypto/FiberCryptoWallet/src/coin/skycoin/models/wallet.go:560.169,562.86 2 1
github.com/fibercrypto/FiberCryptoWallet/src/coin/skycoin/models/wallet.go:584.2,584.73 1 1
github.com/fibercrypto/FiberCryptoWallet/src/coin/skycoin/models/wallet.go:562.86,569.17 7 1
github.com/fibercrypto/FiberCryptoWallet/src/coin/skycoin/models/wallet.go:573.3,576.17 3 1
github.com/fibercrypto/FiberCryptoWallet/src/coin/skycoin/models/wallet.go:581.3,581.43 1 1
github.com/fibercrypto/FiberCryptoWallet/src/coin/skycoin/models/wallet.go:569.17,572.4 2 0
github.com/fibercrypto/FiberCryptoWallet/src/coin/skycoin/models/wallet.go:576.17,579.4 2 0
github.com/fibercrypto/FiberCryptoWallet/src/coin/skycoin/models/wallet.go:587.148,588.86 1 1
github.com/fibercrypto/FiberCryptoWallet/src/coin/skycoin/models/wallet.go:610.2,610.77 1 1
github.com/fibercrypto/FiberCryptoWallet/src/coin/skycoin/models/wallet.go:588.86,595.17 7 1
github.com/fibercrypto/FiberCryptoWallet/src/coin/skycoin/models/wallet.go:599.3,602.17 3 1
github.com/fibercrypto/FiberCryptoWallet/src/coin/skycoin/models/wallet.go:607.3,607.43 1 1
github.com/fibercrypto/FiberCryptoWallet/src/coin/skycoin/models/wallet.go:595.17,598.4 2 0
github.com/fibercrypto/FiberCryptoWallet/src/coin/skycoin/models/wallet.go:602.17,605.4 2 0
github.com/fibercrypto/FiberCryptoWallet/src/coin/skycoin/models/wallet.go:613.138,616.16 3 1
github.com/fibercrypto/FiberCryptoWallet/src/coin/skycoin/models/wallet.go:620.2,622.16 3 1
github.com/fibercrypto/FiberCryptoWallet/src/coin/skycoin/models/wallet.go:626.2,628.16 3 1
github.com/fibercrypto/FiberCryptoWallet/src/coin/skycoin/models/wallet.go:632.2,633.105 2 1
github.com/fibercrypto/FiberCryptoWallet/src/coin/skycoin/models/wallet.go:637.2,637.54 1 1
github.com/fibercrypto/FiberCryptoWallet/src/coin/skycoin/models/wallet.go:650.2,650.45 1 1
github.com/fibercrypto/FiberCryptoWallet/src/coin/skycoin/models/wallet.go:616.16,619.3 2 0
github.com/fibercrypto/FiberCryptoWallet/src/coin/skycoin/models/wallet.go:622.16,625.3 2 0
github.com/fibercrypto/FiberCryptoWallet/src/coin/skycoin/models/wallet.go:628.16,631.3 2 0
github.com/fibercrypto/FiberCryptoWallet/src/coin/skycoin/models/wallet.go:633.105,635.3 1 1
github.com/fibercrypto/FiberCryptoWallet/src/coin/skycoin/models/wallet.go:637.54,641.17 4 1
github.com/fibercrypto/FiberCryptoWallet/src/coin/skycoin/models/wallet.go:645.3,645.33 1 1
github.com/fibercrypto/FiberCryptoWallet/src/coin/skycoin/models/wallet.go:641.17,644.4 2 0
github.com/fibercrypto/FiberCryptoWallet/src/coin/skycoin/models/wallet.go:645.33,647.4 1 1
github.com/fibercrypto/FiberCryptoWallet/src/coin/skycoin/models/wallet.go:654.64,657.2 2 1
github.com/fibercrypto/FiberCryptoWallet/src/coin/skycoin/models/wallet.go:659.77,662.16 3 1
github.com/fibercrypto/FiberCryptoWallet/src/coin/skycoin/models/wallet.go:666.2,669.16 4 1
github.com/fibercrypto/FiberCryptoWallet/src/coin/skycoin/models/wallet.go:673.2,674.37 2 1
github.com/fibercrypto/FiberCryptoWallet/src/coin/skycoin/models/wallet.go:678.2,678.50 1 1
github.com/fibercrypto/FiberCryptoWallet/src/coin/skycoin/models/wallet.go:662.16,665.3 2 0
github.com/fibercrypto/FiberCryptoWallet/src/coin/skycoin/models/wallet.go:669.16,672.3 2 0
github.com/fibercrypto/FiberCryptoWallet/src/coin/skycoin/models/wallet.go:674.37,676.3 1 1
github.com/fibercrypto/FiberCryptoWallet/src/coin/skycoin/models/wallet.go:682.89,684.2 1 0
github.com/fibercrypto/FiberCryptoWallet/src/coin/skycoin/models/wallet.go:691.153,693.20 2 1
github.com/fibercrypto/FiberCryptoWallet/src/coin/skycoin/models/wallet.go:704.2,705.8 2 1
github.com/fibercrypto/FiberCryptoWallet/src/coin/skycoin/models/wallet.go:693.20,695.3 1 1
github.com/fibercrypto/FiberCryptoWallet/src/coin/skycoin/models/wallet.go:695.8,697.34 2 0
github.com/fibercrypto/FiberCryptoWallet/src/coin/skycoin/models/wallet.go:697.34,699.18 2 0
github.com/fibercrypto/FiberCryptoWallet/src/coin/skycoin/models/wallet.go:699.18,701.5 1 0
github.com/fibercrypto/FiberCryptoWallet/src/coin/skycoin/models/wallet.go:708.50,710.2 1 0
github.com/fibercrypto/FiberCryptoWallet/src/coin/skycoin/models/wallet.go:712.56,714.2 1 0
github.com/fibercrypto/FiberCryptoWallet/src/coin/skycoin/models/wallet.go:716.68,725.2 1 1
github.com/fibercrypto/FiberCryptoWallet/src/coin/skycoin/models/wallet.go:727.90,729.2 1 1
github.com/fibercrypto/FiberCryptoWallet/src/coin/skycoin/models/wallet.go:731.58,735.2 1 1
github.com/fibercrypto/FiberCryptoWallet/src/coin/skycoin/models/wallet.go:743.64,745.30 2 0
github.com/fibercrypto/FiberCryptoWallet/src/coin/skycoin/models/wallet.go:748.2,748.26 1 0
github.com/fibercrypto/FiberCryptoWallet/src/coin/skycoin/models/wallet.go:745.30,747.3 1 0
github.com/fibercrypto/FiberCryptoWallet/src/coin/skycoin/models/wallet.go:751.62,753.30 2 1
github.com/fibercrypto/FiberCryptoWallet/src/coin/skycoin/models/wallet.go:756.2,756.26 1 1
github.com/fibercrypto/FiberCryptoWallet/src/coin/skycoin/models/wallet.go:753.30,755.3 1 1
github.com/fibercrypto/FiberCryptoWallet/src/coin/skycoin/models/wallet.go:764.69,768.16 4 0
github.com/fibercrypto/FiberCryptoWallet/src/coin/skycoin/models/wallet.go:773.2,773.28 1 0
github.com/fibercrypto/FiberCryptoWallet/src/coin/skycoin/models/wallet.go:797.2,797.42 1 0
github.com/fibercrypto/FiberCryptoWallet/src/coin/skycoin/models/wallet.go:768.16,771.3 2 0
github.com/fibercrypto/FiberCryptoWallet/src/coin/skycoin/models/wallet.go:773.28,774.27 1 0
github.com/fibercrypto/FiberCryptoWallet/src/coin/skycoin/models/wallet.go:774.27,776.43 2 0
github.com/fibercrypto/FiberCryptoWallet/src/coin/skycoin/models/wallet.go:780.4,782.18 3 0
github.com/fibercrypto/FiberCryptoWallet/src/coin/skycoin/models/wallet.go:786.4,793.6 1 0
github.com/fibercrypto/FiberCryptoWallet/src/coin/skycoin/models/wallet.go:776.43,777.13 1 0
github.com/fibercrypto/FiberCryptoWallet/src/coin/skycoin/models/wallet.go:782.18,785.5 2 0
github.com/fibercrypto/FiberCryptoWallet/src/coin/skycoin/models/wallet.go:800.68,804.16 4 1
github.com/fibercrypto/FiberCryptoWallet/src/coin/skycoin/models/wallet.go:808.2,815.3 1 0
github.com/fibercrypto/FiberCryptoWallet/src/coin/skycoin/models/wallet.go:804.16,807.3 2 1
github.com/fibercrypto/FiberCryptoWallet/src/coin/skycoin/models/wallet.go:818.175,822.16 3 1
github.com/fibercrypto/FiberCryptoWallet/src/coin/skycoin/models/wallet.go:827.2,839.24 5 1
github.com/fibercrypto/FiberCryptoWallet/src/coin/skycoin/models/wallet.go:853.2,853.59 1 1
github.com/fibercrypto/FiberCryptoWallet/src/coin/skycoin/models/wallet.go:858.2,865.8 1 1
github.com/fibercrypto/FiberCryptoWallet/src/coin/skycoin/models/wallet.go:822.16,825.3 2 0
github.com/fibercrypto/FiberCryptoWallet/src/coin/skycoin/models/wallet.go:839.24,841.17 2 0
github.com/fibercrypto/FiberCryptoWallet/src/coin/skycoin/models/wallet.go:841.17,844.4 2 0
github.com/fibercrypto/FiberCryptoWallet/src/coin/skycoin/models/wallet.go:845.8,847.17 2 1
github.com/fibercrypto/FiberCryptoWallet/src/coin/skycoin/models/wallet.go:847.17,850.4 2 0
github.com/fibercrypto/FiberCryptoWallet/src/coin/skycoin/models/wallet.go:853.59,856.3 2 0
github.com/fibercrypto/FiberCryptoWallet/src/coin/skycoin/models/wallet.go:869.62,871.2 1 0
github.com/fibercrypto/FiberCryptoWallet/src/coin/skycoin/models/wallet.go:874.67,879.2 1 0
github.com/fibercrypto/FiberCryptoWallet/src/coin/skycoin/models/wallet.go:881.66,883.6 2 1
github.com/fibercrypto/FiberCryptoWallet/src/coin/skycoin/models/wallet.go:891.2,891.13 1 1
github.com/fibercrypto/FiberCryptoWallet/src/coin/skycoin/models/wallet.go:883.6,887.44 4 1
github.com/fibercrypto/FiberCryptoWallet/src/coin/skycoin/models/wallet.go:887.44,888.9 1 1
github.com/fibercrypto/FiberCryptoWallet/src/coin/skycoin/models/wallet.go:895.92,899.16 4 0
github.com/fibercrypto/FiberCryptoWallet/src/coin/skycoin/models/wallet.go:904.2,904.23 1 0
github.com/fibercrypto/FiberCryptoWallet/src/coin/skycoin/models/wallet.go:908.2,909.16 2 0
github.com/fibercrypto/FiberCryptoWallet/src/coin/skycoin/models/wallet.go:913.2,915.78 2 0
github.com/fibercrypto/FiberCryptoWallet/src/coin/skycoin/models/wallet.go:920.2,920.59 1 0
github.com/fibercrypto/FiberCryptoWallet/src/coin/skycoin/models/wallet.go:899.16,902.3 2 0
github.com/fibercrypto/FiberCryptoWallet/src/coin/skycoin/models/wallet.go:904.23,906.3 1 0
github.com/fibercrypto/FiberCryptoWallet/src/coin/skycoin/models/wallet.go:909.16,912.3 2 0
github.com/fibercrypto/FiberCryptoWallet/src/coin/skycoin/models/wallet.go:915.78,918.3 2 0
github.com/fibercrypto/FiberCryptoWallet/src/coin/skycoin/models/wallet.go:920.59,923.3 2 0
github.com/fibercrypto/FiberCryptoWallet/src/coin/skycoin/models/wallet.go:927.92,931.16 4 0
github.com/fibercrypto/FiberCryptoWallet/src/coin/skycoin/models/wallet.go:935.2,935.24 1 0
github.com/fibercrypto/FiberCryptoWallet/src/coin/skycoin/models/wallet.go:938.2,939.16 2 0
github.com/fibercrypto/FiberCryptoWallet/src/coin/skycoin/models/wallet.go:943.2,946.16 3 0
github.com/fibercrypto/FiberCryptoWallet/src/coin/skycoin/models/wallet.go:950.2,950.70 1 0
github.com/fibercrypto/FiberCryptoWallet/src/coin/skycoin/models/wallet.go:931.16,934.3 2 0
github.com/fibercrypto/FiberCryptoWallet/src/coin/skycoin/models/wallet.go:935.24,937.3 1 0
github.com/fibercrypto/FiberCryptoWallet/src/coin/skycoin/models/wallet.go:939.16,942.3 2 0
github.com/fibercrypto/FiberCryptoWallet/src/coin/skycoin/models/wallet.go:946.16,949.3 2 0
github.com/fibercrypto/FiberCryptoWallet/src/coin/skycoin/models/wallet.go:950.70,953.3 2 0
github.com/fibercrypto/FiberCryptoWallet/src/coin/skycoin/models/wallet.go:956.80,961.16 4 0
github.com/fibercrypto/FiberCryptoWallet/src/coin/skycoin/models/wallet.go:965.2,965.31 1 0
github.com/fibercrypto/FiberCryptoWallet/src/coin/skycoin/models/wallet.go:961.16,964.3 2 0
github.com/fibercrypto/FiberCryptoWallet/src/coin/skycoin/models/wallet.go:971.92,974.33 3 1
github.com/fibercrypto/FiberCryptoWallet/src/coin/skycoin/models/wallet.go:977.2,979.16 3 1
github.com/fibercrypto/FiberCryptoWallet/src/coin/skycoin/models/wallet.go:983.2,985.34 2 1
github.com/fibercrypto/FiberCryptoWallet/src/coin/skycoin/models/wallet.go:996.2,996.20 1 1
github.com/fibercrypto/FiberCryptoWallet/src/coin/skycoin/models/wallet.go:974.33,976.3 1 1
github.com/fibercrypto/FiberCryptoWallet/src/coin/skycoin/models/wallet.go:979.16,982.3 2 0
github.com/fibercrypto/FiberCryptoWallet/src/coin/skycoin/models/wallet.go:985.34,988.17 3 1
github.com/fibercrypto/FiberCryptoWallet/src/coin/skycoin/models/wallet.go:992.3,992.20 1 1
github.com/fibercrypto/FiberCryptoWallet/src/coin/skycoin/models/wallet.go:988.17,991.4 2 0
github.com/fibercrypto/FiberCryptoWallet/src/coin/skycoin/models/wallet.go:992.20,994.4 1 1
github.com/fibercrypto/FiberCryptoWallet/src/coin/skycoin/models/wallet.go:1008.156,1010.19 2 1
github.com/fibercrypto/FiberCryptoWallet/src/coin/skycoin/models/wallet.go:1013.2,1014.8 2 1
github.com/fibercrypto/FiberCryptoWallet/src/coin/skycoin/models/wallet.go:1010.19,1012.3 1 1
github.com/fibercrypto/FiberCryptoWallet/src/coin/skycoin/models/wallet.go:1017.63,1029.38 10 1
github.com/fibercrypto/FiberCryptoWallet/src/coin/skycoin/models/wallet.go:1032.2,1032.28 1 1
github.com/fibercrypto/FiberCryptoWallet/src/coin/skycoin/models/wallet.go:1036.2,1036.14 1 1
github.com/fibercrypto/FiberCryptoWallet/src/coin/skycoin/models/wallet.go:1029.38,1031.3 1 0
github.com/fibercrypto/FiberCryptoWallet/src/coin/skycoin/models/wallet.go:1032.28,1034.3 1 0
github.com/fibercrypto/FiberCryptoWallet/src/coin/skycoin/models/wallet.go:1039.126,1047.16 7 1
github.com/fibercrypto/FiberCryptoWallet/src/coin/skycoin/models/wallet.go:1051.2,1051.70 1 1
github.com/fibercrypto/FiberCryptoWallet/src/coin/skycoin/models/wallet.go:1181.2,1183.27 2 1
github.com/fibercrypto/FiberCryptoWallet/src/coin/skycoin/models/wallet.go:1186.2,1187.16 2 1
github.com/fibercrypto/FiberCryptoWallet/src/coin/skycoin/models/wallet.go:1192.2,1193.16 2 1
github.com/fibercrypto/FiberCryptoWallet/src/coin/skycoin/models/wallet.go:1197.2,1197.23 1 1
github.com/fibercrypto/FiberCryptoWallet/src/coin/skycoin/models/wallet.go:1047.16,1050.3 2 0
github.com/fibercrypto/FiberCryptoWallet/src/coin/skycoin/models/wallet.go:1051.70,1054.17 2 0
github.com/fibercrypto/FiberCryptoWallet/src/coin/skycoin/models/wallet.go:1058.3,1058.27 1 0
github.com/fibercrypto/FiberCryptoWallet/src/coin/skycoin/models/wallet.go:1072.3,1073.17 2 0
github.com/fibercrypto/FiberCryptoWallet/src/coin/skycoin/models/wallet.go:1076.3,1078.17 3 0
github.com/fibercrypto/FiberCryptoWallet/src/coin/skycoin/models/wallet.go:1082.3,1083.17 2 0
github.com/fibercrypto/FiberCryptoWallet/src/coin/skycoin/models/wallet.go:1087.3,1088.31 2 0
github.com/fibercrypto/FiberCryptoWallet/src/coin/skycoin/models/wallet.go:1054.17,1056.4 1 0
github.com/fibercrypto/FiberCryptoWallet/src/coin/skycoin/models/wallet.go:1058.27,1060.18 2 0
github.com/fibercrypto/FiberCryptoWallet/src/coin/skycoin/models/wallet.go:1065.4,1066.18 2 0
github.com/fibercrypto/FiberCryptoWallet/src/coin/skycoin/models/wallet.go:1060.18,1063.5 2 0
github.com/fibercrypto/FiberCryptoWallet/src/coin/skycoin/models/wallet.go:1066.18,1069.5 2 0
github.com/fibercrypto/FiberCryptoWallet/src/coin/skycoin/models/wallet.go:1073.17,1075.4 1 0
github.com/fibercrypto/FiberCryptoWallet/src/coin/skycoin/models/wallet.go:1078.17,1081.4 2 0
github.com/fibercrypto/FiberCryptoWallet/src/coin/skycoin/models/wallet.go:1083.17,1086.4 2 0
github.com/fibercrypto/FiberCryptoWallet/src/coin/skycoin/models/wallet.go:1088.31,1090.18 2 0
github.com/fibercrypto/FiberCryptoWallet/src/coin/skycoin/models/wallet.go:1094.4,1096.18 3 0
github.com/fibercrypto/FiberCryptoWallet/src/coin/skycoin/models/wallet.go:1100.4,1102.18 3 0
github.com/fibercrypto/FiberCryptoWallet/src/coin/skycoin/models/wallet.go:1107.4,1118.5 1 0
github.com/fibercrypto/FiberCryptoWallet/src/coin/skycoin/models/wallet.go:1090.18,1093.5 2 0
github.com/fibercrypto/FiberCryptoWallet/src/coin/skycoin/models/wallet.go:1096.18,1099.5 2 0
github.com/fibercrypto/FiberCryptoWallet/src/coin/skycoin/models/wallet.go:1102.18,1105.5 2 0
github.com/fibercrypto/FiberCryptoWallet/src/coin/skycoin/models/wallet.go:1120.8,1123.10 2 1
github.com/fibercrypto/FiberCryptoWallet/src/coin/skycoin/models/wallet.go:1129.3,1132.17 4 1
github.com/fibercrypto/FiberCryptoWallet/src/coin/skycoin/models/wallet.go:1136.3,1138.27 2 1
github.com/fibercrypto/FiberCryptoWallet/src/coin/skycoin/models/wallet.go:1153.3,1154.35 2 1
github.com/fibercrypto/FiberCryptoWallet/src/coin/skycoin/models/wallet.go:1123.10,1126.4 2 0
github.com/fibercrypto/FiberCryptoWallet/src/coin/skycoin/models/wallet.go:1132.17,1135.4 2 0
github.com/fibercrypto/FiberCryptoWallet/src/coin/skycoin/models/wallet.go:1138.27,1141.18 2 0
github.com/fibercrypto/FiberCryptoWallet/src/coin/skycoin/models/wallet.go:1146.4,1147.18 2 0
github.com/fibercrypto/FiberCryptoWallet/src/coin/skycoin/models/wallet.go:1141.18,1144.5 2 0
github.com/fibercrypto/FiberCryptoWallet/src/coin/skycoin/models/wallet.go:1147.18,1150.5 2 0
github.com/fibercrypto/FiberCryptoWallet/src/coin/skycoin/models/wallet.go:1154.35,1156.18 2 1
github.com/fibercrypto/FiberCryptoWallet/src/coin/skycoin/models/wallet.go:1159.4,1160.18 2 1
github.com/fibercrypto/FiberCryptoWallet/src/coin/skycoin/models/wallet.go:1163.4,1164.18 2 1
github.com/fibercrypto/FiberCryptoWallet/src/coin/skycoin/models/wallet.go:1167.4,1178.6 1 1
github.com/fibercrypto/FiberCryptoWallet/src/coin/skycoin/models/wallet.go:1156.18,1158.5 1 0
github.com/fibercrypto/FiberCryptoWallet/src/coin/skycoin/models/wallet.go:1160.18,1162.5 1 0
github.com/fibercrypto/FiberCryptoWallet/src/coin/skycoin/models/wallet.go:1164.18,1166.5 1 0
github.com/fibercrypto/FiberCryptoWallet/src/coin/skycoin/models/wallet.go:1183.27,1185.3 1 1
github.com/fibercrypto/FiberCryptoWallet/src/coin/skycoin/models/wallet.go:1187.16,1190.3 2 1
github.com/fibercrypto/FiberCryptoWallet/src/coin/skycoin/models/wallet.go:1193.16,1196.3 2 0
github.com/fibercrypto/FiberCryptoWallet/src/coin/skycoin/models/wallet.go:1201.40,1204.2 2 1
github.com/fibercrypto/FiberCryptoWallet/src/coin/skycoin/models/wallet.go:1206.43,1209.2 2 0
github.com/fibercrypto/FiberCryptoWallet/src/coin/skycoin/models/wallet.go:1211.50,1214.16 3 0
github.com/fibercrypto/FiberCryptoWallet/src/coin/skycoin/models/wallet.go:1218.2,1221.16 3 0
github.com/fibercrypto/FiberCryptoWallet/src/coin/skycoin/models/wallet.go:1225.2,1225.21 1 0
github.com/fibercrypto/FiberCryptoWallet/src/coin/skycoin/models/wallet.go:1214.16,1217.3 2 0
github.com/fibercrypto/FiberCryptoWallet/src/coin/skycoin/models/wallet.go:1221.16,1224.3 2 0
github.com/fibercrypto/FiberCryptoWallet/src/coin/skycoin/models/wallet.go:1229.93,1231.2 1 1
github.com/fibercrypto/FiberCryptoWallet/src/coin/skycoin/models/wallet.go:1233.126,1236.16 3 1
github.com/fibercrypto/FiberCryptoWallet/src/coin/skycoin/models/wallet.go:1240.2,1243.16 3 1
github.com/fibercrypto/FiberCryptoWallet/src/coin/skycoin/models/wallet.go:1247.2,1254.16 7 1
github.com/fibercrypto/FiberCryptoWallet/src/coin/skycoin/models/wallet.go:1258.2,1258.22 1 1
github.com/fibercrypto/FiberCryptoWallet/src/coin/skycoin/models/wallet.go:1262.2,1262.88 1 1
github.com/fibercrypto/FiberCryptoWallet/src/coin/skycoin/models/wallet.go:1276.2,1276.109 1 1
github.com/fibercrypto/FiberCryptoWallet/src/coin/skycoin/models/wallet.go:1236.16,1239.3 2 0
github.com/fibercrypto/FiberCryptoWallet/src/coin/skycoin/models/wallet.go:1243.16,1246.3 2 0
github.com/fibercrypto/FiberCryptoWallet/src/coin/skycoin/models/wallet.go:1254.16,1257.3 2 0
github.com/fibercrypto/FiberCryptoWallet/src/coin/skycoin/models/wallet.go:1258.22,1260.3 1 1
github.com/fibercrypto/FiberCryptoWallet/src/coin/skycoin/models/wallet.go:1262.88,1264.17 2 1
github.com/fibercrypto/FiberCryptoWallet/src/coin/skycoin/models/wallet.go:1268.3,1270.17 3 1
github.com/fibercrypto/FiberCryptoWallet/src/coin/skycoin/models/wallet.go:1274.3,1274.36 1 1
github.com/fibercrypto/FiberCryptoWallet/src/coin/skycoin/models/wallet.go:1264.17,1267.4 2 0
github.com/fibercrypto/FiberCryptoWallet/src/coin/skycoin/models/wallet.go:1270.17,1273.4 2 0
github.com/fibercrypto/FiberCryptoWallet/src/coin/skycoin/models/wallet.go:1279.167,1281.88 2 1
github.com/fibercrypto/FiberCryptoWallet/src/coin/skycoin/models/wallet.go:1297.2,1297.73 1 1
github.com/fibercrypto/FiberCryptoWallet/src/coin/skycoin/models/wallet.go:1281.88,1283.17 2 1
github.com/fibercrypto/FiberCryptoWallet/src/coin/skycoin/models/wallet.go:1287.3,1289.17 3 1
github.com/fibercrypto/FiberCryptoWallet/src/coin/skycoin/models/wallet.go:1293.3,1293.36 1 1
github.com/fibercrypto/FiberCryptoWallet/src/coin/skycoin/models/wallet.go:1283.17,1286.4 2 0
github.com/fibercrypto/FiberCryptoWallet/src/coin/skycoin/models/wallet.go:1289.17,1292.4 2 0
github.com/fibercrypto/FiberCryptoWallet/src/coin/skycoin/models/wallet.go:1300.146,1302.88 2 1
github.com/fibercrypto/FiberCryptoWallet/src/coin/skycoin/models/wallet.go:1318.2,1318.77 1 1
github.com/fibercrypto/FiberCryptoWallet/src/coin/skycoin/models/wallet.go:1302.88,1304.17 2 1
github.com/fibercrypto/FiberCryptoWallet/src/coin/skycoin/models/wallet.go:1308.3,1310.17 3 1
github.com/fibercrypto/FiberCryptoWallet/src/coin/skycoin/models/wallet.go:1314.3,1314.36 1 1
github.com/fibercrypto/FiberCryptoWallet/src/coin/skycoin/models/wallet.go:1304.17,1307.4 2 0
github.com/fibercrypto/FiberCryptoWallet/src/coin/skycoin/models/wallet.go:1310.17,1313.4 2 0
github.com/fibercrypto/FiberCryptoWallet/src/coin/skycoin/models/wallet.go:1321.137,1323.71 1 1
github.com/fibercrypto/FiberCryptoWallet/src/coin/skycoin/models/wallet.go:1327.2,1330.16 4 1
github.com/fibercrypto/FiberCryptoWallet/src/coin/skycoin/models/wallet.go:1335.2,1335.85 1 1
github.com/fibercrypto/FiberCryptoWallet/src/coin/skycoin/models/wallet.go:1340.2,1340.73 1 1
github.com/fibercrypto/FiberCryptoWallet/src/coin/skycoin/models/wallet.go:1344.2,1346.55 2 1
github.com/fibercrypto/FiberCryptoWallet/src/coin/skycoin/models/wallet.go:1350.2,1350.51 1 1
github.com/fibercrypto/FiberCryptoWallet/src/coin/skycoin/models/wallet.go:1362.2,1362.36 1 1
github.com/fibercrypto/FiberCryptoWallet/src/coin/skycoin/models/wallet.go:1386.2,1386.49 1 1
github.com/fibercrypto/FiberCryptoWallet/src/coin/skycoin/models/wallet.go:1430.2,1431.16 2 1
github.com/fibercrypto/FiberCryptoWallet/src/coin/skycoin/models/wallet.go:1436.2,1438.29 3 1
github.com/fibercrypto/FiberCryptoWallet/src/coin/skycoin/models/wallet.go:1441.2,1441.44 1 1
github.com/fibercrypto/FiberCryptoWallet/src/coin/skycoin/models/wallet.go:1323.71,1326.3 2 0
github.com/fibercrypto/FiberCryptoWallet/src/coin/skycoin/models/wallet.go:1330.16,1333.3 2 0
github.com/fibercrypto/FiberCryptoWallet/src/coin/skycoin/models/wallet.go:1335.85,1338.3 2 1
github.com/fibercrypto/FiberCryptoWallet/src/coin/skycoin/models/wallet.go:1340.73,1342.3 1 1
github.com/fibercrypto/FiberCryptoWallet/src/coin/skycoin/models/wallet.go:1346.55,1348.3 1 1
github.com/fibercrypto/FiberCryptoWallet/src/coin/skycoin/models/wallet.go:1350.51,1353.55 2 0
github.com/fibercrypto/FiberCryptoWallet/src/coin/skycoin/models/wallet.go:1353.55,1355.113 2 0
github.com/fibercrypto/FiberCryptoWallet/src/coin/skycoin/models/wallet.go:1358.4,1358.20 1 0
github.com/fibercrypto/FiberCryptoWallet/src/coin/skycoin/models/wallet.go:1355.113,1357.5 1 0
github.com/fibercrypto/FiberCryptoWallet/src/coin/skycoin/models/wallet.go:1362.36,1365.73 2 0
github.com/fibercrypto/FiberCryptoWallet/src/coin/skycoin/models/wallet.go:1377.3,1377.55 1 0
github.com/fibercrypto/FiberCryptoWallet/src/coin/skycoin/models/wallet.go:1365.73,1367.35 2 0
github.com/fibercrypto/FiberCryptoWallet/src/coin/skycoin/models/wallet.go:1374.4,1374.25 1 0
github.com/fibercrypto/FiberCryptoWallet/src/coin/skycoin/models/wallet.go:1367.35,1369.19 2 0
github.com/fibercrypto/FiberCryptoWallet/src/coin/skycoin/models/wallet.go:1372.5,1372.49 1 0
github.com/fibercrypto/FiberCryptoWallet/src/coin/skycoin/models/wallet.go:1369.19,1371.6 1 0
github.com/fibercrypto/FiberCryptoWallet/src/coin/skycoin/models/wallet.go:1377.55,1379.111 2 0
github.com/fibercrypto/FiberCryptoWallet/src/coin/skycoin/models/wallet.go:1382.4,1382.20 1 0
github.com/fibercrypto/FiberCryptoWallet/src/coin/skycoin/models/wallet.go:1379.111,1381.5 1 0
github.com/fibercrypto/FiberCryptoWallet/src/coin/skycoin/models/wallet.go:1386.49,1388.85 2 1
github.com/fibercrypto/FiberCryptoWallet/src/coin/skycoin/models/wallet.go:1392.3,1392.33 1 1
github.com/fibercrypto/FiberCryptoWallet/src/coin/skycoin/models/wallet.go:1417.3,1419.17 2 1
github.com/fibercrypto/FiberCryptoWallet/src/coin/skycoin/models/wallet.go:1424.3,1424.66 1 1
github.com/fibercrypto/FiberCryptoWallet/src/coin/skycoin/models/wallet.go:1388.85,1390.4 1 1
github.com/fibercrypto/FiberCryptoWallet/src/coin/skycoin/models/wallet.go:1392.33,1393.85 1 0
github.com/fibercrypto/FiberCryptoWallet/src/coin/skycoin/models/wallet.go:1393.85,1395.19 2 0
github.com/fibercrypto/FiberCryptoWallet/src/coin/skycoin/models/wallet.go:1399.5,1401.82 3 0
github.com/fibercrypto/FiberCryptoWallet/src/coin/skycoin/models/wallet.go:1414.5,1414.22 1 0
github.com/fibercrypto/FiberCryptoWallet/src/coin/skycoin/models/wallet.go:1395.19,1398.6 2 0
github.com/fibercrypto/FiberCryptoWallet/src/coin/skycoin/models/wallet.go:1401.82,1409.6 4 0
github.com/fibercrypto/FiberCryptoWallet/src/coin/skycoin/models/wallet.go:1409.20,1412.6 2 0
github.com/fibercrypto/FiberCryptoWallet/src/coin/skycoin/models/wallet.go:1419.17,1422.4 2 0
github.com/fibercrypto/FiberCryptoWallet/src/coin/skycoin/models/wallet.go:1424.66,1427.4 2 0
github.com/fibercrypto/FiberCryptoWallet/src/coin/skycoin/models/wallet.go:1431.16,1434.3 2 0
github.com/fibercrypto/FiberCryptoWallet/src/coin/skycoin/models/wallet.go:1438.29,1440.3 1 1
github.com/fibercrypto/FiberCryptoWallet/src/coin/skycoin/models/wallet.go:1445.63,1448.2 2 1
github.com/fibercrypto/FiberCryptoWallet/src/coin/skycoin/models/wallet.go:1449.76,1453.16 4 1
github.com/fibercrypto/FiberCryptoWallet/src/coin/skycoin/models/wallet.go:1457.2,1459.33 3 1
github.com/fibercrypto/FiberCryptoWallet/src/coin/skycoin/models/wallet.go:1463.2,1463.46 1 1
github.com/fibercrypto/FiberCryptoWallet/src/coin/skycoin/models/wallet.go:1453.16,1456.3 2 0
github.com/fibercrypto/FiberCryptoWallet/src/coin/skycoin/models/wallet.go:1459.33,1461.3 1 1
github.com/fibercrypto/FiberCryptoWallet/src/coin/skycoin/models/wallet.go:1467.55,1469.2 1 0
github.com/fibercrypto/FiberCryptoWallet/src/coin/skycoin/models/wallet.go:1471.74,1472.18 1 0
github.com/fibercrypto/FiberCryptoWallet/src/coin/skycoin/models/wallet.go:1476.2,1477.22 2 0
github.com/fibercrypto/FiberCryptoWallet/src/coin/skycoin/models/wallet.go:1480.2,1481.22 2 0
github.com/fibercrypto/FiberCryptoWallet/src/coin/skycoin/models/wallet.go:1486.2,1486.70 1 0
github.com/fibercrypto/FiberCryptoWallet/src/coin/skycoin/models/wallet.go:1490.2,1491.16 2 0
github.com/fibercrypto/FiberCryptoWallet/src/coin/skycoin/models/wallet.go:1494.2,1495.16 2 0
github.com/fibercrypto/FiberCryptoWallet/src/coin/skycoin/models/wallet.go:1498.2,1498.104 1 0
github.com/fibercrypto/FiberCryptoWallet/src/coin/skycoin/models/wallet.go:1472.18,1474.3 1 0
github.com/fibercrypto/FiberCryptoWallet/src/coin/skycoin/models/wallet.go:1477.22,1479.3 1 0
github.com/fibercrypto/FiberCryptoWallet/src/coin/skycoin/models/wallet.go:1481.22,1483.3 1 0
github.com/fibercrypto/FiberCryptoWallet/src/coin/skycoin/models/wallet.go:1486.70,1488.3 1 0
github.com/fibercrypto/FiberCryptoWallet/src/coin/skycoin/models/wallet.go:1491.16,1493.3 1 0
github.com/fibercrypto/FiberCryptoWallet/src/coin/skycoin/models/wallet.go:1495.16,1497.3 1 0
github.com/fibercrypto/FiberCryptoWallet/src/coin/skycoin/models/wallet.go:1501.84,1503.87 1 0
github.com/fibercrypto/FiberCryptoWallet/src/coin/skycoin/models/wallet.go:1507.2,1508.26 2 0
github.com/fibercrypto/FiberCryptoWallet/src/coin/skycoin/models/wallet.go:1503.87,1505.3 1 0
github.com/fibercrypto/FiberCryptoWallet/src/coin/skycoin/models/wallet.go:1512.88,1514.2 1 0
github.com/fibercrypto/FiberCryptoWallet/src/coin/skycoin/models/wallet.go:1521.152,1523.20 2 1
github.com/fibercrypto/FiberCryptoWallet/src/coin/skycoin/models/wallet.go:1534.2,1535.8 2 1
github.com/fibercrypto/FiberCryptoWallet/src/coin/skycoin/models/wallet.go:1523.20,1525.3 1 0
github.com/fibercrypto/FiberCryptoWallet/src/coin/skycoin/models/wallet.go:1525.8,1527.34 2 1
github.com/fibercrypto/FiberCryptoWallet/src/coin/skycoin/models/wallet.go:1527.34,1529.18 2 1
github.com/fibercrypto/FiberCryptoWallet/src/coin/skycoin/models/wallet.go:1529.18,1531.5 1 0
github.com/fibercrypto/FiberCryptoWallet/src/coin/skycoin/models/wallet.go:1538.49,1540.2 1 0
github.com/fibercrypto/FiberCryptoWallet/src/coin/skycoin/models/wallet.go:1542.55,1544.2 1 0
github.com/fibercrypto/FiberCryptoWallet/src/coin/skycoin/models/blockchain.go:20.51,22.21 2 0
github.com/fibercrypto/FiberCryptoWallet/src/coin/skycoin/models/blockchain.go:25.2,25.40 1 0
github.com/fibercrypto/FiberCryptoWallet/src/coin/skycoin/models/blockchain.go:22.21,24.3 1 0
github.com/fibercrypto/FiberCryptoWallet/src/coin/skycoin/models/blockchain.go:28.55,30.21 2 0
github.com/fibercrypto/FiberCryptoWallet/src/coin/skycoin/models/blockchain.go:33.2,33.48 1 0
github.com/fibercrypto/FiberCryptoWallet/src/coin/skycoin/models/blockchain.go:30.21,32.3 1 0
github.com/fibercrypto/FiberCryptoWallet/src/coin/skycoin/models/blockchain.go:36.54,38.21 2 1
github.com/fibercrypto/FiberCryptoWallet/src/coin/skycoin/models/blockchain.go:41.2,41.35 1 1
github.com/fibercrypto/FiberCryptoWallet/src/coin/skycoin/models/blockchain.go:38.21,40.3 1 0
github.com/fibercrypto/FiberCryptoWallet/src/coin/skycoin/models/blockchain.go:44.59,46.21 2 0
github.com/fibercrypto/FiberCryptoWallet/src/coin/skycoin/models/blockchain.go:49.2,49.48 1 0
github.com/fibercrypto/FiberCryptoWallet/src/coin/skycoin/models/blockchain.go:46.21,48.3 1 0
github.com/fibercrypto/FiberCryptoWallet/src/coin/skycoin/models/blockchain.go:51.53,53.21 2 0
github.com/fibercrypto/FiberCryptoWallet/src/coin/skycoin/models/blockchain.go:56.2,56.15 1 0
github.com/fibercrypto/FiberCryptoWallet/src/coin/skycoin/models/blockchain.go:53.21,55.3 1 0
github.com/fibercrypto/FiberCryptoWallet/src/coin/skycoin/models/blockchain.go:59.63,61.21 2 0
github.com/fibercrypto/FiberCryptoWallet/src/coin/skycoin/models/blockchain.go:64.2,64.24 1 0
github.com/fibercrypto/FiberCryptoWallet/src/coin/skycoin/models/blockchain.go:67.2,67.15 1 0
github.com/fibercrypto/FiberCryptoWallet/src/coin/skycoin/models/blockchain.go:61.21,63.3 1 0
github.com/fibercrypto/FiberCryptoWallet/src/coin/skycoin/models/blockchain.go:64.24,66.3 1 0
github.com/fibercrypto/FiberCryptoWallet/src/coin/skycoin/models/blockchain.go:70.56,72.21 2 0
github.com/fibercrypto/FiberCryptoWallet/src/coin/skycoin/models/blockchain.go:75.2,75.18 1 0
github.com/fibercrypto/FiberCryptoWallet/src/coin/skycoin/models/blockchain.go:72.21,74.3 1 0
github.com/fibercrypto/FiberCryptoWallet/src/coin/skycoin/models/blockchain.go:94.83,96.2 1 0
github.com/fibercrypto/FiberCryptoWallet/src/coin/skycoin/models/blockchain.go:97.112,100.54 3 1
github.com/fibercrypto/FiberCryptoWallet/src/coin/skycoin/models/blockchain.go:109.2,109.16 1 1
github.com/fibercrypto/FiberCryptoWallet/src/coin/skycoin/models/blockchain.go:100.54,101.29 1 1
github.com/fibercrypto/FiberCryptoWallet/src/coin/skycoin/models/blockchain.go:104.3,104.48 1 1
github.com/fibercrypto/FiberCryptoWallet/src/coin/skycoin/models/blockchain.go:101.29,103.4 1 1
github.com/fibercrypto/FiberCryptoWallet/src/coin/skycoin/models/blockchain.go:104.48,106.4 1 0
github.com/fibercrypto/FiberCryptoWallet/src/coin/skycoin/models/blockchain.go:110.11,111.42 1 1
github.com/fibercrypto/FiberCryptoWallet/src/coin/skycoin/models/blockchain.go:114.3,114.45 1 1
github.com/fibercrypto/FiberCryptoWallet/src/coin/skycoin/models/blockchain.go:115.16,116.42 1 1
github.com/fibercrypto/FiberCryptoWallet/src/coin/skycoin/models/blockchain.go:119.3,119.50 1 1
github.com/fibercrypto/FiberCryptoWallet/src/coin/skycoin/models/blockchain.go:120.10,121.33 1 0
github.com/fibercrypto/FiberCryptoWallet/src/coin/skycoin/models/blockchain.go:111.42,113.4 1 1
github.com/fibercrypto/FiberCryptoWallet/src/coin/skycoin/models/blockchain.go:116.42,118.4 1 1
github.com/fibercrypto/FiberCryptoWallet/src/coin/skycoin/models/blockchain.go:125.71,128.54 3 1
github.com/fibercrypto/FiberCryptoWallet/src/coin/skycoin/models/blockchain.go:136.2,136.43 1 1
github.com/fibercrypto/FiberCryptoWallet/src/coin/skycoin/models/blockchain.go:128.54,129.29 1 1
github.com/fibercrypto/FiberCryptoWallet/src/coin/skycoin/models/blockchain.go:132.3,132.48 1 1
github.com/fibercrypto/FiberCryptoWallet/src/coin/skycoin/models/blockchain.go:129.29,131.4 1 1
github.com/fibercrypto/FiberCryptoWallet/src/coin/skycoin/models/blockchain.go:132.48,134.4 1 0
github.com/fibercrypto/FiberCryptoWallet/src/coin/skycoin/models/blockchain.go:139.72,141.28 2 1
github.com/fibercrypto/FiberCryptoWallet/src/coin/skycoin/models/blockchain.go:151.2,151.52 1 1
github.com/fibercrypto/FiberCryptoWallet/src/coin/skycoin/models/blockchain.go:141.28,142.29 1 1
github.com/fibercrypto/FiberCryptoWallet/src/coin/skycoin/models/blockchain.go:145.3,145.48 1 1
github.com/fibercrypto/FiberCryptoWallet/src/coin/skycoin/models/blockchain.go:142.29,144.4 1 1
github.com/fibercrypto/FiberCryptoWallet/src/coin/skycoin/models/blockchain.go:145.48,148.4 2 0
github.com/fibercrypto/FiberCryptoWallet/src/coin/skycoin/models/blockchain.go:154.62,157.2 2 0
github.com/fibercrypto/FiberCryptoWallet/src/coin/skycoin/models/blockchain.go:159.62,163.16 3 1
github.com/fibercrypto/FiberCryptoWallet/src/coin/skycoin/models/blockchain.go:167.2,171.16 4 1
github.com/fibercrypto/FiberCryptoWallet/src/coin/skycoin/models/blockchain.go:176.2,177.16 2 1
github.com/fibercrypto/FiberCryptoWallet/src/coin/skycoin/models/blockchain.go:182.2,183.16 2 1
github.com/fibercrypto/FiberCryptoWallet/src/coin/skycoin/models/blockchain.go:188.2,189.16 2 1
github.com/fibercrypto/FiberCryptoWallet/src/coin/skycoin/models/blockchain.go:194.2,195.16 2 1
github.com/fibercrypto/FiberCryptoWallet/src/coin/skycoin/models/blockchain.go:200.2,202.16 3 1
github.com/fibercrypto/FiberCryptoWallet/src/coin/skycoin/models/blockchain.go:207.2,207.12 1 1
github.com/fibercrypto/FiberCryptoWallet/src/coin/skycoin/models/blockchain.go:163.16,166.3 2 0
github.com/fibercrypto/FiberCryptoWallet/src/coin/skycoin/models/blockchain.go:171.16,174.3 2 0
github.com/fibercrypto/FiberCryptoWallet/src/coin/skycoin/models/blockchain.go:177.16,180.3 2 0
github.com/fibercrypto/FiberCryptoWallet/src/coin/skycoin/models/blockchain.go:183.16,186.3 2 0
github.com/fibercrypto/FiberCryptoWallet/src/coin/skycoin/models/blockchain.go:189.16,192.3 2 0
github.com/fibercrypto/FiberCryptoWallet/src/coin/skycoin/models/blockchain.go:195.16,198.3 2 0
github.com/fibercrypto/FiberCryptoWallet/src/coin/skycoin/models/blockchain.go:202.16,205.3 2 0
github.com/fibercrypto/FiberCryptoWallet/src/coin/skycoin/models/blockchain.go:210.62,213.16 3 1
github.com/fibercrypto/FiberCryptoWallet/src/coin/skycoin/models/blockchain.go:217.2,222.16 4 1
github.com/fibercrypto/FiberCryptoWallet/src/coin/skycoin/models/blockchain.go:226.2,230.16 4 1
github.com/fibercrypto/FiberCryptoWallet/src/coin/skycoin/models/blockchain.go:233.2,239.12 2 1
github.com/fibercrypto/FiberCryptoWallet/src/coin/skycoin/models/blockchain.go:213.16,216.3 2 0
github.com/fibercrypto/FiberCryptoWallet/src/coin/skycoin/models/blockchain.go:222.16,225.3 2 0
github.com/fibercrypto/FiberCryptoWallet/src/coin/skycoin/models/blockchain.go:230.16,232.3 1 0
github.com/fibercrypto/FiberCryptoWallet/src/coin/skycoin/models/cipher.go:13.56,15.2 1 1
github.com/fibercrypto/FiberCryptoWallet/src/coin/skycoin/models/cipher.go:17.47,18.18 1 1
github.com/fibercrypto/FiberCryptoWallet/src/coin/skycoin/models/cipher.go:22.2,22.14 1 1
github.com/fibercrypto/FiberCryptoWallet/src/coin/skycoin/models/cipher.go:18.18,21.3 2 1
github.com/fibercrypto/FiberCryptoWallet/src/coin/skycoin/models/cipher.go:25.50,27.2 1 1
github.com/fibercrypto/FiberCryptoWallet/src/coin/skycoin/models/cipher.go:29.82,31.2 1 1
github.com/fibercrypto/FiberCryptoWallet/src/coin/skycoin/models/cipher.go:38.44,40.2 1 0
github.com/fibercrypto/FiberCryptoWallet/src/coin/skycoin/models/cipher.go:42.45,44.2 1 1
github.com/fibercrypto/FiberCryptoWallet/src/coin/skycoin/models/cipher.go:46.67,48.2 1 1
github.com/fibercrypto/FiberCryptoWallet/src/coin/skycoin/models/cipher.go:50.78,52.16 2 0
github.com/fibercrypto/FiberCryptoWallet/src/coin/skycoin/models/cipher.go:55.2,57.20 2 0
github.com/fibercrypto/FiberCryptoWallet/src/coin/skycoin/models/cipher.go:52.16,54.3 1 0
