mode: set
github.com/fibercrypto/FiberCryptoWallet/src/coin/skycoin/models/account.go:19.71,22.16 2 1
github.com/fibercrypto/FiberCryptoWallet/src/coin/skycoin/models/account.go:26.2,29.16 4 1
github.com/fibercrypto/FiberCryptoWallet/src/coin/skycoin/models/account.go:34.2,34.19 1 1
github.com/fibercrypto/FiberCryptoWallet/src/coin/skycoin/models/account.go:22.16,25.3 2 0
github.com/fibercrypto/FiberCryptoWallet/src/coin/skycoin/models/account.go:29.16,32.3 2 0
github.com/fibercrypto/FiberCryptoWallet/src/coin/skycoin/models/account.go:34.19,36.3 1 1
github.com/fibercrypto/FiberCryptoWallet/src/coin/skycoin/models/account.go:36.8,36.31 1 1
github.com/fibercrypto/FiberCryptoWallet/src/coin/skycoin/models/account.go:36.31,38.3 1 1
github.com/fibercrypto/FiberCryptoWallet/src/coin/skycoin/models/account.go:38.8,40.3 1 1
github.com/fibercrypto/FiberCryptoWallet/src/coin/skycoin/models/account.go:42.51,44.2 1 0
github.com/fibercrypto/FiberCryptoWallet/src/coin/skycoin/models/account.go:45.81,47.16 2 1
github.com/fibercrypto/FiberCryptoWallet/src/coin/skycoin/models/account.go:51.2,54.16 4 1
github.com/fibercrypto/FiberCryptoWallet/src/coin/skycoin/models/account.go:59.2,61.27 3 1
github.com/fibercrypto/FiberCryptoWallet/src/coin/skycoin/models/account.go:75.2,75.56 1 1
github.com/fibercrypto/FiberCryptoWallet/src/coin/skycoin/models/account.go:47.16,50.3 2 0
github.com/fibercrypto/FiberCryptoWallet/src/coin/skycoin/models/account.go:54.16,57.3 2 0
github.com/fibercrypto/FiberCryptoWallet/src/coin/skycoin/models/account.go:61.27,73.3 1 1
github.com/fibercrypto/FiberCryptoWallet/src/coin/skycoin/models/account.go:77.73,80.16 2 1
github.com/fibercrypto/FiberCryptoWallet/src/coin/skycoin/models/account.go:84.2,87.16 4 1
github.com/fibercrypto/FiberCryptoWallet/src/coin/skycoin/models/account.go:92.2,92.25 1 1
github.com/fibercrypto/FiberCryptoWallet/src/coin/skycoin/models/account.go:105.2,105.52 1 1
github.com/fibercrypto/FiberCryptoWallet/src/coin/skycoin/models/account.go:80.16,83.3 2 0
github.com/fibercrypto/FiberCryptoWallet/src/coin/skycoin/models/account.go:87.16,90.3 2 0
github.com/fibercrypto/FiberCryptoWallet/src/coin/skycoin/models/account.go:92.25,94.26 2 1
github.com/fibercrypto/FiberCryptoWallet/src/coin/skycoin/models/account.go:98.3,101.5 1 1
github.com/fibercrypto/FiberCryptoWallet/src/coin/skycoin/models/account.go:94.26,96.4 1 1
github.com/fibercrypto/FiberCryptoWallet/src/coin/skycoin/models/account.go:108.89,110.2 1 0
github.com/fibercrypto/FiberCryptoWallet/src/coin/skycoin/models/account.go:112.68,114.16 2 1
github.com/fibercrypto/FiberCryptoWallet/src/coin/skycoin/models/account.go:118.2,121.16 4 1
github.com/fibercrypto/FiberCryptoWallet/src/coin/skycoin/models/account.go:126.2,126.19 1 1
github.com/fibercrypto/FiberCryptoWallet/src/coin/skycoin/models/account.go:114.16,117.3 2 0
github.com/fibercrypto/FiberCryptoWallet/src/coin/skycoin/models/account.go:121.16,124.3 2 0
github.com/fibercrypto/FiberCryptoWallet/src/coin/skycoin/models/account.go:126.19,128.3 1 1
github.com/fibercrypto/FiberCryptoWallet/src/coin/skycoin/models/account.go:128.8,128.31 1 1
github.com/fibercrypto/FiberCryptoWallet/src/coin/skycoin/models/account.go:128.31,130.3 1 1
github.com/fibercrypto/FiberCryptoWallet/src/coin/skycoin/models/account.go:130.8,132.3 1 1
github.com/fibercrypto/FiberCryptoWallet/src/coin/skycoin/models/account.go:136.48,138.2 1 0
github.com/fibercrypto/FiberCryptoWallet/src/coin/skycoin/models/account.go:140.78,143.16 3 1
github.com/fibercrypto/FiberCryptoWallet/src/coin/skycoin/models/account.go:147.2,148.27 2 1
github.com/fibercrypto/FiberCryptoWallet/src/coin/skycoin/models/account.go:154.2,154.52 1 1
github.com/fibercrypto/FiberCryptoWallet/src/coin/skycoin/models/account.go:143.16,146.3 2 0
github.com/fibercrypto/FiberCryptoWallet/src/coin/skycoin/models/account.go:148.27,150.23 2 1
github.com/fibercrypto/FiberCryptoWallet/src/coin/skycoin/models/account.go:150.23,152.4 1 1
github.com/fibercrypto/FiberCryptoWallet/src/coin/skycoin/models/account.go:157.70,160.16 3 1
github.com/fibercrypto/FiberCryptoWallet/src/coin/skycoin/models/account.go:164.2,165.27 2 1
github.com/fibercrypto/FiberCryptoWallet/src/coin/skycoin/models/account.go:172.2,172.44 1 1
github.com/fibercrypto/FiberCryptoWallet/src/coin/skycoin/models/account.go:160.16,163.3 2 0
github.com/fibercrypto/FiberCryptoWallet/src/coin/skycoin/models/account.go:165.27,167.23 2 1
github.com/fibercrypto/FiberCryptoWallet/src/coin/skycoin/models/account.go:167.23,169.4 1 1
github.com/fibercrypto/FiberCryptoWallet/src/coin/skycoin/models/account.go:175.86,177.16 2 1
github.com/fibercrypto/FiberCryptoWallet/src/coin/skycoin/models/account.go:181.2,184.17 4 1
github.com/fibercrypto/FiberCryptoWallet/src/coin/skycoin/models/account.go:188.2,189.43 2 1
github.com/fibercrypto/FiberCryptoWallet/src/coin/skycoin/models/account.go:192.2,192.49 1 1
github.com/fibercrypto/FiberCryptoWallet/src/coin/skycoin/models/account.go:177.16,180.3 2 0
github.com/fibercrypto/FiberCryptoWallet/src/coin/skycoin/models/account.go:184.17,187.3 2 0
github.com/fibercrypto/FiberCryptoWallet/src/coin/skycoin/models/account.go:189.43,191.3 1 1
github.com/fibercrypto/FiberCryptoWallet/src/coin/skycoin/models/account.go:195.67,199.16 4 1
github.com/fibercrypto/FiberCryptoWallet/src/coin/skycoin/models/account.go:203.2,205.33 3 1
github.com/fibercrypto/FiberCryptoWallet/src/coin/skycoin/models/account.go:209.2,210.16 2 1
github.com/fibercrypto/FiberCryptoWallet/src/coin/skycoin/models/account.go:214.2,217.16 4 1
github.com/fibercrypto/FiberCryptoWallet/src/coin/skycoin/models/account.go:222.2,223.16 2 1
github.com/fibercrypto/FiberCryptoWallet/src/coin/skycoin/models/account.go:228.2,228.19 1 1
github.com/fibercrypto/FiberCryptoWallet/src/coin/skycoin/models/account.go:199.16,202.3 2 0
github.com/fibercrypto/FiberCryptoWallet/src/coin/skycoin/models/account.go:205.33,207.3 1 1
github.com/fibercrypto/FiberCryptoWallet/src/coin/skycoin/models/account.go:210.16,213.3 2 0
github.com/fibercrypto/FiberCryptoWallet/src/coin/skycoin/models/account.go:217.16,220.3 2 0
github.com/fibercrypto/FiberCryptoWallet/src/coin/skycoin/models/account.go:223.16,226.3 2 0
github.com/fibercrypto/FiberCryptoWallet/src/coin/skycoin/models/account.go:228.19,230.17 2 1
github.com/fibercrypto/FiberCryptoWallet/src/coin/skycoin/models/account.go:234.3,235.18 2 1
github.com/fibercrypto/FiberCryptoWallet/src/coin/skycoin/models/account.go:239.3,239.48 1 1
github.com/fibercrypto/FiberCryptoWallet/src/coin/skycoin/models/account.go:230.17,233.4 2 0
github.com/fibercrypto/FiberCryptoWallet/src/coin/skycoin/models/account.go:235.18,238.4 2 0
github.com/fibercrypto/FiberCryptoWallet/src/coin/skycoin/models/account.go:240.8,240.31 1 1
github.com/fibercrypto/FiberCryptoWallet/src/coin/skycoin/models/account.go:240.31,242.17 2 1
github.com/fibercrypto/FiberCryptoWallet/src/coin/skycoin/models/account.go:246.3,247.18 2 1
github.com/fibercrypto/FiberCryptoWallet/src/coin/skycoin/models/account.go:251.3,251.52 1 1
github.com/fibercrypto/FiberCryptoWallet/src/coin/skycoin/models/account.go:242.17,245.4 2 0
github.com/fibercrypto/FiberCryptoWallet/src/coin/skycoin/models/account.go:247.18,250.4 2 0
github.com/fibercrypto/FiberCryptoWallet/src/coin/skycoin/models/account.go:252.8,254.3 1 1
github.com/fibercrypto/FiberCryptoWallet/src/coin/skycoin/models/account.go:258.47,260.2 1 0
github.com/fibercrypto/FiberCryptoWallet/src/coin/skycoin/models/account.go:262.77,265.16 3 1
github.com/fibercrypto/FiberCryptoWallet/src/coin/skycoin/models/account.go:269.2,270.27 2 1
github.com/fibercrypto/FiberCryptoWallet/src/coin/skycoin/models/account.go:276.2,276.52 1 1
github.com/fibercrypto/FiberCryptoWallet/src/coin/skycoin/models/account.go:265.16,268.3 2 0
github.com/fibercrypto/FiberCryptoWallet/src/coin/skycoin/models/account.go:270.27,272.23 2 1
github.com/fibercrypto/FiberCryptoWallet/src/coin/skycoin/models/account.go:272.23,274.4 1 1
github.com/fibercrypto/FiberCryptoWallet/src/coin/skycoin/models/account.go:279.69,281.16 2 1
github.com/fibercrypto/FiberCryptoWallet/src/coin/skycoin/models/account.go:285.2,286.27 2 1
github.com/fibercrypto/FiberCryptoWallet/src/coin/skycoin/models/account.go:293.2,293.44 1 1
github.com/fibercrypto/FiberCryptoWallet/src/coin/skycoin/models/account.go:281.16,284.3 2 0
github.com/fibercrypto/FiberCryptoWallet/src/coin/skycoin/models/account.go:286.27,288.23 2 1
github.com/fibercrypto/FiberCryptoWallet/src/coin/skycoin/models/account.go:288.23,290.4 1 1
github.com/fibercrypto/FiberCryptoWallet/src/coin/skycoin/models/account.go:296.85,298.16 2 1
github.com/fibercrypto/FiberCryptoWallet/src/coin/skycoin/models/account.go:302.2,305.17 4 1
github.com/fibercrypto/FiberCryptoWallet/src/coin/skycoin/models/account.go:309.2,310.43 2 1
github.com/fibercrypto/FiberCryptoWallet/src/coin/skycoin/models/account.go:313.2,313.49 1 1
github.com/fibercrypto/FiberCryptoWallet/src/coin/skycoin/models/account.go:298.16,301.3 2 0
github.com/fibercrypto/FiberCryptoWallet/src/coin/skycoin/models/account.go:305.17,308.3 2 0
github.com/fibercrypto/FiberCryptoWallet/src/coin/skycoin/models/account.go:310.43,312.3 1 1
github.com/fibercrypto/FiberCryptoWallet/src/coin/skycoin/models/account.go:316.110,318.26 2 1
github.com/fibercrypto/FiberCryptoWallet/src/coin/skycoin/models/account.go:322.2,327.37 2 1
github.com/fibercrypto/FiberCryptoWallet/src/coin/skycoin/models/account.go:347.2,347.44 1 1
github.com/fibercrypto/FiberCryptoWallet/src/coin/skycoin/models/account.go:367.2,367.43 1 1
github.com/fibercrypto/FiberCryptoWallet/src/coin/skycoin/models/account.go:386.2,386.59 1 1
github.com/fibercrypto/FiberCryptoWallet/src/coin/skycoin/models/account.go:399.2,404.26 3 1
github.com/fibercrypto/FiberCryptoWallet/src/coin/skycoin/models/account.go:447.2,449.16 3 1
github.com/fibercrypto/FiberCryptoWallet/src/coin/skycoin/models/account.go:454.2,455.16 2 1
github.com/fibercrypto/FiberCryptoWallet/src/coin/skycoin/models/account.go:460.2,461.16 2 1
github.com/fibercrypto/FiberCryptoWallet/src/coin/skycoin/models/account.go:466.2,466.20 1 1
github.com/fibercrypto/FiberCryptoWallet/src/coin/skycoin/models/account.go:318.26,320.3 1 1
github.com/fibercrypto/FiberCryptoWallet/src/coin/skycoin/models/account.go:327.37,328.40 1 1
github.com/fibercrypto/FiberCryptoWallet/src/coin/skycoin/models/account.go:333.3,334.17 2 1
github.com/fibercrypto/FiberCryptoWallet/src/coin/skycoin/models/account.go:339.3,343.30 4 1
github.com/fibercrypto/FiberCryptoWallet/src/coin/skycoin/models/account.go:328.40,331.4 2 0
github.com/fibercrypto/FiberCryptoWallet/src/coin/skycoin/models/account.go:334.17,337.4 2 0
github.com/fibercrypto/FiberCryptoWallet/src/coin/skycoin/models/account.go:347.44,348.40 1 0
github.com/fibercrypto/FiberCryptoWallet/src/coin/skycoin/models/account.go:353.3,354.17 2 0
github.com/fibercrypto/FiberCryptoWallet/src/coin/skycoin/models/account.go:359.3,363.30 4 0
github.com/fibercrypto/FiberCryptoWallet/src/coin/skycoin/models/account.go:348.40,351.4 2 0
github.com/fibercrypto/FiberCryptoWallet/src/coin/skycoin/models/account.go:354.17,357.4 2 0
github.com/fibercrypto/FiberCryptoWallet/src/coin/skycoin/models/account.go:367.43,368.40 1 1
github.com/fibercrypto/FiberCryptoWallet/src/coin/skycoin/models/account.go:373.3,374.17 2 1
github.com/fibercrypto/FiberCryptoWallet/src/coin/skycoin/models/account.go:379.3,383.30 4 1
github.com/fibercrypto/FiberCryptoWallet/src/coin/skycoin/models/account.go:368.40,371.4 2 0
github.com/fibercrypto/FiberCryptoWallet/src/coin/skycoin/models/account.go:374.17,377.4 2 0
github.com/fibercrypto/FiberCryptoWallet/src/coin/skycoin/models/account.go:386.59,388.17 2 1
github.com/fibercrypto/FiberCryptoWallet/src/coin/skycoin/models/account.go:393.3,396.9 1 1
github.com/fibercrypto/FiberCryptoWallet/src/coin/skycoin/models/account.go:388.17,391.4 2 0
github.com/fibercrypto/FiberCryptoWallet/src/coin/skycoin/models/account.go:404.26,411.17 5 1
github.com/fibercrypto/FiberCryptoWallet/src/coin/skycoin/models/account.go:416.3,417.17 2 1
github.com/fibercrypto/FiberCryptoWallet/src/coin/skycoin/models/account.go:422.3,423.17 2 1
github.com/fibercrypto/FiberCryptoWallet/src/coin/skycoin/models/account.go:428.3,429.17 2 1
github.com/fibercrypto/FiberCryptoWallet/src/coin/skycoin/models/account.go:434.3,435.17 2 1
github.com/fibercrypto/FiberCryptoWallet/src/coin/skycoin/models/account.go:440.3,441.17 2 1
github.com/fibercrypto/FiberCryptoWallet/src/coin/skycoin/models/account.go:411.17,414.4 2 0
github.com/fibercrypto/FiberCryptoWallet/src/coin/skycoin/models/account.go:417.17,420.4 2 0
github.com/fibercrypto/FiberCryptoWallet/src/coin/skycoin/models/account.go:423.17,426.4 2 0
github.com/fibercrypto/FiberCryptoWallet/src/coin/skycoin/models/account.go:429.17,432.4 2 0
github.com/fibercrypto/FiberCryptoWallet/src/coin/skycoin/models/account.go:435.17,438.4 2 0
github.com/fibercrypto/FiberCryptoWallet/src/coin/skycoin/models/account.go:441.17,444.4 2 0
github.com/fibercrypto/FiberCryptoWallet/src/coin/skycoin/models/account.go:449.16,452.3 2 0
github.com/fibercrypto/FiberCryptoWallet/src/coin/skycoin/models/account.go:455.16,458.3 2 0
github.com/fibercrypto/FiberCryptoWallet/src/coin/skycoin/models/account.go:461.16,464.3 2 0
github.com/fibercrypto/FiberCryptoWallet/src/coin/skycoin/models/blockchain.go:20.51,22.21 2 0
github.com/fibercrypto/FiberCryptoWallet/src/coin/skycoin/models/blockchain.go:25.2,25.40 1 0
github.com/fibercrypto/FiberCryptoWallet/src/coin/skycoin/models/blockchain.go:22.21,24.3 1 0
github.com/fibercrypto/FiberCryptoWallet/src/coin/skycoin/models/blockchain.go:28.55,30.21 2 0
github.com/fibercrypto/FiberCryptoWallet/src/coin/skycoin/models/blockchain.go:33.2,33.48 1 0
github.com/fibercrypto/FiberCryptoWallet/src/coin/skycoin/models/blockchain.go:30.21,32.3 1 0
github.com/fibercrypto/FiberCryptoWallet/src/coin/skycoin/models/blockchain.go:36.54,38.21 2 1
github.com/fibercrypto/FiberCryptoWallet/src/coin/skycoin/models/blockchain.go:41.2,41.35 1 1
github.com/fibercrypto/FiberCryptoWallet/src/coin/skycoin/models/blockchain.go:38.21,40.3 1 0
github.com/fibercrypto/FiberCryptoWallet/src/coin/skycoin/models/blockchain.go:44.59,46.21 2 0
github.com/fibercrypto/FiberCryptoWallet/src/coin/skycoin/models/blockchain.go:49.2,49.48 1 0
github.com/fibercrypto/FiberCryptoWallet/src/coin/skycoin/models/blockchain.go:46.21,48.3 1 0
github.com/fibercrypto/FiberCryptoWallet/src/coin/skycoin/models/blockchain.go:51.53,53.21 2 0
github.com/fibercrypto/FiberCryptoWallet/src/coin/skycoin/models/blockchain.go:56.2,56.15 1 0
github.com/fibercrypto/FiberCryptoWallet/src/coin/skycoin/models/blockchain.go:53.21,55.3 1 0
github.com/fibercrypto/FiberCryptoWallet/src/coin/skycoin/models/blockchain.go:59.63,61.21 2 0
github.com/fibercrypto/FiberCryptoWallet/src/coin/skycoin/models/blockchain.go:64.2,64.24 1 0
github.com/fibercrypto/FiberCryptoWallet/src/coin/skycoin/models/blockchain.go:67.2,67.15 1 0
github.com/fibercrypto/FiberCryptoWallet/src/coin/skycoin/models/blockchain.go:61.21,63.3 1 0
github.com/fibercrypto/FiberCryptoWallet/src/coin/skycoin/models/blockchain.go:64.24,66.3 1 0
github.com/fibercrypto/FiberCryptoWallet/src/coin/skycoin/models/blockchain.go:70.56,72.21 2 0
github.com/fibercrypto/FiberCryptoWallet/src/coin/skycoin/models/blockchain.go:75.2,75.18 1 0
github.com/fibercrypto/FiberCryptoWallet/src/coin/skycoin/models/blockchain.go:72.21,74.3 1 0
github.com/fibercrypto/FiberCryptoWallet/src/coin/skycoin/models/blockchain.go:94.83,96.2 1 0
github.com/fibercrypto/FiberCryptoWallet/src/coin/skycoin/models/blockchain.go:97.112,100.54 3 1
github.com/fibercrypto/FiberCryptoWallet/src/coin/skycoin/models/blockchain.go:109.2,109.16 1 1
github.com/fibercrypto/FiberCryptoWallet/src/coin/skycoin/models/blockchain.go:100.54,101.29 1 1
github.com/fibercrypto/FiberCryptoWallet/src/coin/skycoin/models/blockchain.go:104.3,104.48 1 1
github.com/fibercrypto/FiberCryptoWallet/src/coin/skycoin/models/blockchain.go:101.29,103.4 1 1
github.com/fibercrypto/FiberCryptoWallet/src/coin/skycoin/models/blockchain.go:104.48,106.4 1 0
github.com/fibercrypto/FiberCryptoWallet/src/coin/skycoin/models/blockchain.go:110.11,111.42 1 1
github.com/fibercrypto/FiberCryptoWallet/src/coin/skycoin/models/blockchain.go:114.3,114.45 1 1
github.com/fibercrypto/FiberCryptoWallet/src/coin/skycoin/models/blockchain.go:115.16,116.42 1 1
github.com/fibercrypto/FiberCryptoWallet/src/coin/skycoin/models/blockchain.go:119.3,119.50 1 1
github.com/fibercrypto/FiberCryptoWallet/src/coin/skycoin/models/blockchain.go:120.10,121.33 1 0
github.com/fibercrypto/FiberCryptoWallet/src/coin/skycoin/models/blockchain.go:111.42,113.4 1 1
github.com/fibercrypto/FiberCryptoWallet/src/coin/skycoin/models/blockchain.go:116.42,118.4 1 1
github.com/fibercrypto/FiberCryptoWallet/src/coin/skycoin/models/blockchain.go:125.71,128.54 3 1
github.com/fibercrypto/FiberCryptoWallet/src/coin/skycoin/models/blockchain.go:136.2,136.43 1 1
github.com/fibercrypto/FiberCryptoWallet/src/coin/skycoin/models/blockchain.go:128.54,129.29 1 1
github.com/fibercrypto/FiberCryptoWallet/src/coin/skycoin/models/blockchain.go:132.3,132.48 1 1
github.com/fibercrypto/FiberCryptoWallet/src/coin/skycoin/models/blockchain.go:129.29,131.4 1 1
github.com/fibercrypto/FiberCryptoWallet/src/coin/skycoin/models/blockchain.go:132.48,134.4 1 0
github.com/fibercrypto/FiberCryptoWallet/src/coin/skycoin/models/blockchain.go:139.72,141.28 2 1
github.com/fibercrypto/FiberCryptoWallet/src/coin/skycoin/models/blockchain.go:151.2,151.52 1 1
github.com/fibercrypto/FiberCryptoWallet/src/coin/skycoin/models/blockchain.go:141.28,142.29 1 1
github.com/fibercrypto/FiberCryptoWallet/src/coin/skycoin/models/blockchain.go:145.3,145.48 1 1
github.com/fibercrypto/FiberCryptoWallet/src/coin/skycoin/models/blockchain.go:142.29,144.4 1 1
github.com/fibercrypto/FiberCryptoWallet/src/coin/skycoin/models/blockchain.go:145.48,148.4 2 0
github.com/fibercrypto/FiberCryptoWallet/src/coin/skycoin/models/blockchain.go:154.62,157.2 2 0
github.com/fibercrypto/FiberCryptoWallet/src/coin/skycoin/models/blockchain.go:159.62,163.16 3 1
github.com/fibercrypto/FiberCryptoWallet/src/coin/skycoin/models/blockchain.go:167.2,171.16 4 1
github.com/fibercrypto/FiberCryptoWallet/src/coin/skycoin/models/blockchain.go:176.2,177.16 2 1
github.com/fibercrypto/FiberCryptoWallet/src/coin/skycoin/models/blockchain.go:182.2,183.16 2 1
github.com/fibercrypto/FiberCryptoWallet/src/coin/skycoin/models/blockchain.go:188.2,189.16 2 1
github.com/fibercrypto/FiberCryptoWallet/src/coin/skycoin/models/blockchain.go:194.2,195.16 2 1
github.com/fibercrypto/FiberCryptoWallet/src/coin/skycoin/models/blockchain.go:200.2,202.16 3 1
github.com/fibercrypto/FiberCryptoWallet/src/coin/skycoin/models/blockchain.go:207.2,207.12 1 1
github.com/fibercrypto/FiberCryptoWallet/src/coin/skycoin/models/blockchain.go:163.16,166.3 2 0
github.com/fibercrypto/FiberCryptoWallet/src/coin/skycoin/models/blockchain.go:171.16,174.3 2 0
github.com/fibercrypto/FiberCryptoWallet/src/coin/skycoin/models/blockchain.go:177.16,180.3 2 0
github.com/fibercrypto/FiberCryptoWallet/src/coin/skycoin/models/blockchain.go:183.16,186.3 2 0
github.com/fibercrypto/FiberCryptoWallet/src/coin/skycoin/models/blockchain.go:189.16,192.3 2 0
github.com/fibercrypto/FiberCryptoWallet/src/coin/skycoin/models/blockchain.go:195.16,198.3 2 0
github.com/fibercrypto/FiberCryptoWallet/src/coin/skycoin/models/blockchain.go:202.16,205.3 2 0
github.com/fibercrypto/FiberCryptoWallet/src/coin/skycoin/models/blockchain.go:210.62,213.16 3 1
github.com/fibercrypto/FiberCryptoWallet/src/coin/skycoin/models/blockchain.go:217.2,222.16 4 1
github.com/fibercrypto/FiberCryptoWallet/src/coin/skycoin/models/blockchain.go:226.2,230.16 4 1
github.com/fibercrypto/FiberCryptoWallet/src/coin/skycoin/models/blockchain.go:233.2,239.12 2 1
github.com/fibercrypto/FiberCryptoWallet/src/coin/skycoin/models/blockchain.go:213.16,216.3 2 0
github.com/fibercrypto/FiberCryptoWallet/src/coin/skycoin/models/blockchain.go:222.16,225.3 2 0
github.com/fibercrypto/FiberCryptoWallet/src/coin/skycoin/models/blockchain.go:230.16,232.3 1 0
github.com/fibercrypto/FiberCryptoWallet/src/coin/skycoin/models/wallet.go:50.54,52.2 1 1
github.com/fibercrypto/FiberCryptoWallet/src/coin/skycoin/models/wallet.go:54.46,55.18 1 1
github.com/fibercrypto/FiberCryptoWallet/src/coin/skycoin/models/wallet.go:59.2,59.14 1 1
github.com/fibercrypto/FiberCryptoWallet/src/coin/skycoin/models/wallet.go:55.18,58.3 2 1
github.com/fibercrypto/FiberCryptoWallet/src/coin/skycoin/models/wallet.go:62.49,64.2 1 1
github.com/fibercrypto/FiberCryptoWallet/src/coin/skycoin/models/wallet.go:66.77,68.2 1 1
github.com/fibercrypto/FiberCryptoWallet/src/coin/skycoin/models/wallet.go:75.70,78.16 3 1
github.com/fibercrypto/FiberCryptoWallet/src/coin/skycoin/models/wallet.go:82.2,86.16 4 1
github.com/fibercrypto/FiberCryptoWallet/src/coin/skycoin/models/wallet.go:90.2,91.27 2 1
github.com/fibercrypto/FiberCryptoWallet/src/coin/skycoin/models/wallet.go:97.2,97.42 1 1
github.com/fibercrypto/FiberCryptoWallet/src/coin/skycoin/models/wallet.go:78.16,81.3 2 0
github.com/fibercrypto/FiberCryptoWallet/src/coin/skycoin/models/wallet.go:86.16,89.3 2 0
github.com/fibercrypto/FiberCryptoWallet/src/coin/skycoin/models/wallet.go:91.27,95.3 3 1
github.com/fibercrypto/FiberCryptoWallet/src/coin/skycoin/models/wallet.go:100.176,104.16 4 1
github.com/fibercrypto/FiberCryptoWallet/src/coin/skycoin/models/wallet.go:108.2,109.17 2 1
github.com/fibercrypto/FiberCryptoWallet/src/coin/skycoin/models/wallet.go:146.2,147.17 2 1
github.com/fibercrypto/FiberCryptoWallet/src/coin/skycoin/models/wallet.go:104.16,107.3 2 0
github.com/fibercrypto/FiberCryptoWallet/src/coin/skycoin/models/wallet.go:109.17,111.17 2 1
github.com/fibercrypto/FiberCryptoWallet/src/coin/skycoin/models/wallet.go:115.3,125.17 10 1
github.com/fibercrypto/FiberCryptoWallet/src/coin/skycoin/models/wallet.go:129.3,129.38 1 1
github.com/fibercrypto/FiberCryptoWallet/src/coin/skycoin/models/wallet.go:111.17,114.4 2 0
github.com/fibercrypto/FiberCryptoWallet/src/coin/skycoin/models/wallet.go:125.17,128.4 2 0
github.com/fibercrypto/FiberCryptoWallet/src/coin/skycoin/models/wallet.go:130.8,140.17 9 1
github.com/fibercrypto/FiberCryptoWallet/src/coin/skycoin/models/wallet.go:144.3,144.38 1 1
github.com/fibercrypto/FiberCryptoWallet/src/coin/skycoin/models/wallet.go:140.17,143.4 2 0
github.com/fibercrypto/FiberCryptoWallet/src/coin/skycoin/models/wallet.go:150.88,153.16 3 1
github.com/fibercrypto/FiberCryptoWallet/src/coin/skycoin/models/wallet.go:157.2,159.16 3 1
github.com/fibercrypto/FiberCryptoWallet/src/coin/skycoin/models/wallet.go:163.2,165.16 3 1
github.com/fibercrypto/FiberCryptoWallet/src/coin/skycoin/models/wallet.go:153.16,156.3 2 0
github.com/fibercrypto/FiberCryptoWallet/src/coin/skycoin/models/wallet.go:159.16,162.3 2 0
github.com/fibercrypto/FiberCryptoWallet/src/coin/skycoin/models/wallet.go:165.16,168.3 2 0
github.com/fibercrypto/FiberCryptoWallet/src/coin/skycoin/models/wallet.go:171.88,174.16 3 1
github.com/fibercrypto/FiberCryptoWallet/src/coin/skycoin/models/wallet.go:178.2,180.16 3 1
github.com/fibercrypto/FiberCryptoWallet/src/coin/skycoin/models/wallet.go:184.2,186.16 3 1
github.com/fibercrypto/FiberCryptoWallet/src/coin/skycoin/models/wallet.go:174.16,177.3 2 0
github.com/fibercrypto/FiberCryptoWallet/src/coin/skycoin/models/wallet.go:180.16,183.3 2 0
github.com/fibercrypto/FiberCryptoWallet/src/coin/skycoin/models/wallet.go:186.16,189.3 2 0
github.com/fibercrypto/FiberCryptoWallet/src/coin/skycoin/models/wallet.go:192.81,195.16 3 1
github.com/fibercrypto/FiberCryptoWallet/src/coin/skycoin/models/wallet.go:199.2,202.16 4 1
github.com/fibercrypto/FiberCryptoWallet/src/coin/skycoin/models/wallet.go:206.2,206.32 1 1
github.com/fibercrypto/FiberCryptoWallet/src/coin/skycoin/models/wallet.go:195.16,198.3 2 0
github.com/fibercrypto/FiberCryptoWallet/src/coin/skycoin/models/wallet.go:202.16,205.3 2 0
github.com/fibercrypto/FiberCryptoWallet/src/coin/skycoin/models/wallet.go:208.69,211.16 3 1
github.com/fibercrypto/FiberCryptoWallet/src/coin/skycoin/models/wallet.go:215.2,218.16 4 1
github.com/fibercrypto/FiberCryptoWallet/src/coin/skycoin/models/wallet.go:222.2,224.13 3 1
github.com/fibercrypto/FiberCryptoWallet/src/coin/skycoin/models/wallet.go:211.16,214.3 2 0
github.com/fibercrypto/FiberCryptoWallet/src/coin/skycoin/models/wallet.go:218.16,221.3 2 0
github.com/fibercrypto/FiberCryptoWallet/src/coin/skycoin/models/wallet.go:227.52,231.16 3 0
github.com/fibercrypto/FiberCryptoWallet/src/coin/skycoin/models/wallet.go:234.2,236.6 3 0
github.com/fibercrypto/FiberCryptoWallet/src/coin/skycoin/models/wallet.go:251.2,252.16 2 0
github.com/fibercrypto/FiberCryptoWallet/src/coin/skycoin/models/wallet.go:255.2,258.3 1 0
github.com/fibercrypto/FiberCryptoWallet/src/coin/skycoin/models/wallet.go:231.16,233.3 1 0
github.com/fibercrypto/FiberCryptoWallet/src/coin/skycoin/models/wallet.go:236.6,239.32 3 0
github.com/fibercrypto/FiberCryptoWallet/src/coin/skycoin/models/wallet.go:245.3,246.12 2 0
github.com/fibercrypto/FiberCryptoWallet/src/coin/skycoin/models/wallet.go:239.32,240.19 1 0
github.com/fibercrypto/FiberCryptoWallet/src/coin/skycoin/models/wallet.go:240.19,242.10 2 0
github.com/fibercrypto/FiberCryptoWallet/src/coin/skycoin/models/wallet.go:246.12,247.9 1 0
github.com/fibercrypto/FiberCryptoWallet/src/coin/skycoin/models/wallet.go:252.16,254.3 1 0
github.com/fibercrypto/FiberCryptoWallet/src/coin/skycoin/models/wallet.go:269.59,271.30 2 0
github.com/fibercrypto/FiberCryptoWallet/src/coin/skycoin/models/wallet.go:275.2,275.26 1 0
github.com/fibercrypto/FiberCryptoWallet/src/coin/skycoin/models/wallet.go:271.30,274.3 2 0
github.com/fibercrypto/FiberCryptoWallet/src/coin/skycoin/models/wallet.go:278.57,280.30 2 0
github.com/fibercrypto/FiberCryptoWallet/src/coin/skycoin/models/wallet.go:284.2,284.26 1 0
github.com/fibercrypto/FiberCryptoWallet/src/coin/skycoin/models/wallet.go:280.30,283.3 2 0
github.com/fibercrypto/FiberCryptoWallet/src/coin/skycoin/models/wallet.go:290.83,292.46 2 0
github.com/fibercrypto/FiberCryptoWallet/src/coin/skycoin/models/wallet.go:296.2,297.16 2 0
github.com/fibercrypto/FiberCryptoWallet/src/coin/skycoin/models/wallet.go:301.2,302.16 2 0
github.com/fibercrypto/FiberCryptoWallet/src/coin/skycoin/models/wallet.go:306.2,306.22 1 0
github.com/fibercrypto/FiberCryptoWallet/src/coin/skycoin/models/wallet.go:292.46,294.3 1 0
github.com/fibercrypto/FiberCryptoWallet/src/coin/skycoin/models/wallet.go:297.16,300.3 2 0
github.com/fibercrypto/FiberCryptoWallet/src/coin/skycoin/models/wallet.go:302.16,305.3 2 0
github.com/fibercrypto/FiberCryptoWallet/src/coin/skycoin/models/wallet.go:309.75,312.16 3 0
github.com/fibercrypto/FiberCryptoWallet/src/coin/skycoin/models/wallet.go:316.2,316.18 1 0
github.com/fibercrypto/FiberCryptoWallet/src/coin/skycoin/models/wallet.go:312.16,315.3 2 0
github.com/fibercrypto/FiberCryptoWallet/src/coin/skycoin/models/wallet.go:323.46,325.2 1 0
github.com/fibercrypto/FiberCryptoWallet/src/coin/skycoin/models/wallet.go:338.56,340.2 1 0
github.com/fibercrypto/FiberCryptoWallet/src/coin/skycoin/models/wallet.go:342.157,344.19 2 1
github.com/fibercrypto/FiberCryptoWallet/src/coin/skycoin/models/wallet.go:347.2,348.8 2 1
github.com/fibercrypto/FiberCryptoWallet/src/coin/skycoin/models/wallet.go:344.19,346.3 1 1
github.com/fibercrypto/FiberCryptoWallet/src/coin/skycoin/models/wallet.go:351.127,353.16 2 1
github.com/fibercrypto/FiberCryptoWallet/src/coin/skycoin/models/wallet.go:357.2,359.15 3 1
github.com/fibercrypto/FiberCryptoWallet/src/coin/skycoin/models/wallet.go:363.2,364.16 2 1
github.com/fibercrypto/FiberCryptoWallet/src/coin/skycoin/models/wallet.go:368.2,369.16 2 1
github.com/fibercrypto/FiberCryptoWallet/src/coin/skycoin/models/wallet.go:373.2,380.16 3 1
github.com/fibercrypto/FiberCryptoWallet/src/coin/skycoin/models/wallet.go:384.2,385.18 2 1
github.com/fibercrypto/FiberCryptoWallet/src/coin/skycoin/models/wallet.go:353.16,356.3 2 0
github.com/fibercrypto/FiberCryptoWallet/src/coin/skycoin/models/wallet.go:359.15,362.3 2 0
github.com/fibercrypto/FiberCryptoWallet/src/coin/skycoin/models/wallet.go:364.16,367.3 2 0
github.com/fibercrypto/FiberCryptoWallet/src/coin/skycoin/models/wallet.go:369.16,372.3 2 0
github.com/fibercrypto/FiberCryptoWallet/src/coin/skycoin/models/wallet.go:380.16,383.3 2 0
github.com/fibercrypto/FiberCryptoWallet/src/coin/skycoin/models/wallet.go:388.44,391.2 2 1
github.com/fibercrypto/FiberCryptoWallet/src/coin/skycoin/models/wallet.go:393.48,396.16 3 1
github.com/fibercrypto/FiberCryptoWallet/src/coin/skycoin/models/wallet.go:400.2,403.16 4 1
github.com/fibercrypto/FiberCryptoWallet/src/coin/skycoin/models/wallet.go:396.16,399.3 2 0
github.com/fibercrypto/FiberCryptoWallet/src/coin/skycoin/models/wallet.go:403.16,406.3 2 0
github.com/fibercrypto/FiberCryptoWallet/src/coin/skycoin/models/wallet.go:409.41,412.2 2 1
github.com/fibercrypto/FiberCryptoWallet/src/coin/skycoin/models/wallet.go:414.127,417.16 3 1
github.com/fibercrypto/FiberCryptoWallet/src/coin/skycoin/models/wallet.go:421.2,426.16 5 1
github.com/fibercrypto/FiberCryptoWallet/src/coin/skycoin/models/wallet.go:430.2,431.86 2 1
github.com/fibercrypto/FiberCryptoWallet/src/coin/skycoin/models/wallet.go:453.2,453.103 1 1
github.com/fibercrypto/FiberCryptoWallet/src/coin/skycoin/models/wallet.go:417.16,420.3 2 0
github.com/fibercrypto/FiberCryptoWallet/src/coin/skycoin/models/wallet.go:426.16,429.3 2 0
github.com/fibercrypto/FiberCryptoWallet/src/coin/skycoin/models/wallet.go:431.86,438.17 7 1
github.com/fibercrypto/FiberCryptoWallet/src/coin/skycoin/models/wallet.go:442.3,445.17 3 1
github.com/fibercrypto/FiberCryptoWallet/src/coin/skycoin/models/wallet.go:450.3,450.43 1 1
github.com/fibercrypto/FiberCryptoWallet/src/coin/skycoin/models/wallet.go:438.17,441.4 2 0
github.com/fibercrypto/FiberCryptoWallet/src/coin/skycoin/models/wallet.go:445.17,448.4 2 0
github.com/fibercrypto/FiberCryptoWallet/src/coin/skycoin/models/wallet.go:458.183,463.17 4 1
github.com/fibercrypto/FiberCryptoWallet/src/coin/skycoin/models/wallet.go:471.2,471.18 1 1
github.com/fibercrypto/FiberCryptoWallet/src/coin/skycoin/models/wallet.go:479.2,481.9 3 1
github.com/fibercrypto/FiberCryptoWallet/src/coin/skycoin/models/wallet.go:485.2,488.9 3 1
github.com/fibercrypto/FiberCryptoWallet/src/coin/skycoin/models/wallet.go:492.2,495.29 2 1
github.com/fibercrypto/FiberCryptoWallet/src/coin/skycoin/models/wallet.go:500.2,503.25 3 1
github.com/fibercrypto/FiberCryptoWallet/src/coin/skycoin/models/wallet.go:534.2,536.19 2 1
github.com/fibercrypto/FiberCryptoWallet/src/coin/skycoin/models/wallet.go:543.2,543.28 1 1
github.com/fibercrypto/FiberCryptoWallet/src/coin/skycoin/models/wallet.go:463.17,465.29 2 1
github.com/fibercrypto/FiberCryptoWallet/src/coin/skycoin/models/wallet.go:468.3,468.24 1 1
github.com/fibercrypto/FiberCryptoWallet/src/coin/skycoin/models/wallet.go:465.29,467.4 1 1
github.com/fibercrypto/FiberCryptoWallet/src/coin/skycoin/models/wallet.go:471.18,473.29 2 0
github.com/fibercrypto/FiberCryptoWallet/src/coin/skycoin/models/wallet.go:476.3,476.22 1 0
github.com/fibercrypto/FiberCryptoWallet/src/coin/skycoin/models/wallet.go:473.29,475.4 1 0
github.com/fibercrypto/FiberCryptoWallet/src/coin/skycoin/models/wallet.go:481.9,484.3 2 0
github.com/fibercrypto/FiberCryptoWallet/src/coin/skycoin/models/wallet.go:488.9,491.3 2 0
github.com/fibercrypto/FiberCryptoWallet/src/coin/skycoin/models/wallet.go:495.29,499.3 3 1
github.com/fibercrypto/FiberCryptoWallet/src/coin/skycoin/models/wallet.go:503.25,505.17 2 1
github.com/fibercrypto/FiberCryptoWallet/src/coin/skycoin/models/wallet.go:509.3,510.17 2 1
github.com/fibercrypto/FiberCryptoWallet/src/coin/skycoin/models/wallet.go:514.3,518.42 5 1
github.com/fibercrypto/FiberCryptoWallet/src/coin/skycoin/models/wallet.go:532.3,532.42 1 1
github.com/fibercrypto/FiberCryptoWallet/src/coin/skycoin/models/wallet.go:505.17,508.4 2 0
github.com/fibercrypto/FiberCryptoWallet/src/coin/skycoin/models/wallet.go:510.17,513.4 2 0
github.com/fibercrypto/FiberCryptoWallet/src/coin/skycoin/models/wallet.go:518.42,520.18 2 1
github.com/fibercrypto/FiberCryptoWallet/src/coin/skycoin/models/wallet.go:524.4,525.18 2 1
github.com/fibercrypto/FiberCryptoWallet/src/coin/skycoin/models/wallet.go:530.4,530.48 1 1
github.com/fibercrypto/FiberCryptoWallet/src/coin/skycoin/models/wallet.go:520.18,523.5 2 0
github.com/fibercrypto/FiberCryptoWallet/src/coin/skycoin/models/wallet.go:525.18,528.5 2 0
github.com/fibercrypto/FiberCryptoWallet/src/coin/skycoin/models/wallet.go:536.19,538.15 2 1
github.com/fibercrypto/FiberCryptoWallet/src/coin/skycoin/models/wallet.go:538.15,540.4 1 1
github.com/fibercrypto/FiberCryptoWallet/src/coin/skycoin/models/wallet.go:547.169,549.86 2 1
github.com/fibercrypto/FiberCryptoWallet/src/coin/skycoin/models/wallet.go:571.2,571.73 1 1
github.com/fibercrypto/FiberCryptoWallet/src/coin/skycoin/models/wallet.go:549.86,556.17 7 1
github.com/fibercrypto/FiberCryptoWallet/src/coin/skycoin/models/wallet.go:560.3,563.17 3 1
github.com/fibercrypto/FiberCryptoWallet/src/coin/skycoin/models/wallet.go:568.3,568.43 1 1
github.com/fibercrypto/FiberCryptoWallet/src/coin/skycoin/models/wallet.go:556.17,559.4 2 0
github.com/fibercrypto/FiberCryptoWallet/src/coin/skycoin/models/wallet.go:563.17,566.4 2 0
github.com/fibercrypto/FiberCryptoWallet/src/coin/skycoin/models/wallet.go:574.148,575.86 1 1
github.com/fibercrypto/FiberCryptoWallet/src/coin/skycoin/models/wallet.go:597.2,597.77 1 1
github.com/fibercrypto/FiberCryptoWallet/src/coin/skycoin/models/wallet.go:575.86,582.17 7 1
github.com/fibercrypto/FiberCryptoWallet/src/coin/skycoin/models/wallet.go:586.3,589.17 3 1
github.com/fibercrypto/FiberCryptoWallet/src/coin/skycoin/models/wallet.go:594.3,594.43 1 1
github.com/fibercrypto/FiberCryptoWallet/src/coin/skycoin/models/wallet.go:582.17,585.4 2 0
github.com/fibercrypto/FiberCryptoWallet/src/coin/skycoin/models/wallet.go:589.17,592.4 2 0
github.com/fibercrypto/FiberCryptoWallet/src/coin/skycoin/models/wallet.go:600.138,603.16 3 1
github.com/fibercrypto/FiberCryptoWallet/src/coin/skycoin/models/wallet.go:607.2,609.16 3 1
github.com/fibercrypto/FiberCryptoWallet/src/coin/skycoin/models/wallet.go:613.2,615.16 3 1
github.com/fibercrypto/FiberCryptoWallet/src/coin/skycoin/models/wallet.go:619.2,620.105 2 1
github.com/fibercrypto/FiberCryptoWallet/src/coin/skycoin/models/wallet.go:624.2,624.54 1 1
github.com/fibercrypto/FiberCryptoWallet/src/coin/skycoin/models/wallet.go:637.2,637.45 1 1
github.com/fibercrypto/FiberCryptoWallet/src/coin/skycoin/models/wallet.go:603.16,606.3 2 0
github.com/fibercrypto/FiberCryptoWallet/src/coin/skycoin/models/wallet.go:609.16,612.3 2 0
github.com/fibercrypto/FiberCryptoWallet/src/coin/skycoin/models/wallet.go:615.16,618.3 2 0
github.com/fibercrypto/FiberCryptoWallet/src/coin/skycoin/models/wallet.go:620.105,622.3 1 1
github.com/fibercrypto/FiberCryptoWallet/src/coin/skycoin/models/wallet.go:624.54,628.17 4 1
github.com/fibercrypto/FiberCryptoWallet/src/coin/skycoin/models/wallet.go:632.3,632.33 1 1
github.com/fibercrypto/FiberCryptoWallet/src/coin/skycoin/models/wallet.go:628.17,631.4 2 0
github.com/fibercrypto/FiberCryptoWallet/src/coin/skycoin/models/wallet.go:632.33,634.4 1 1
github.com/fibercrypto/FiberCryptoWallet/src/coin/skycoin/models/wallet.go:641.64,644.2 2 1
github.com/fibercrypto/FiberCryptoWallet/src/coin/skycoin/models/wallet.go:646.77,649.16 3 1
github.com/fibercrypto/FiberCryptoWallet/src/coin/skycoin/models/wallet.go:653.2,656.16 4 1
github.com/fibercrypto/FiberCryptoWallet/src/coin/skycoin/models/wallet.go:660.2,661.37 2 1
github.com/fibercrypto/FiberCryptoWallet/src/coin/skycoin/models/wallet.go:665.2,665.50 1 1
github.com/fibercrypto/FiberCryptoWallet/src/coin/skycoin/models/wallet.go:649.16,652.3 2 0
github.com/fibercrypto/FiberCryptoWallet/src/coin/skycoin/models/wallet.go:656.16,659.3 2 0
github.com/fibercrypto/FiberCryptoWallet/src/coin/skycoin/models/wallet.go:661.37,663.3 1 1
github.com/fibercrypto/FiberCryptoWallet/src/coin/skycoin/models/wallet.go:669.89,671.2 1 0
github.com/fibercrypto/FiberCryptoWallet/src/coin/skycoin/models/wallet.go:678.153,680.20 2 1
github.com/fibercrypto/FiberCryptoWallet/src/coin/skycoin/models/wallet.go:691.2,692.8 2 1
github.com/fibercrypto/FiberCryptoWallet/src/coin/skycoin/models/wallet.go:680.20,682.3 1 1
github.com/fibercrypto/FiberCryptoWallet/src/coin/skycoin/models/wallet.go:682.8,684.34 2 0
github.com/fibercrypto/FiberCryptoWallet/src/coin/skycoin/models/wallet.go:684.34,686.18 2 0
github.com/fibercrypto/FiberCryptoWallet/src/coin/skycoin/models/wallet.go:686.18,688.5 1 0
github.com/fibercrypto/FiberCryptoWallet/src/coin/skycoin/models/wallet.go:695.50,697.2 1 0
github.com/fibercrypto/FiberCryptoWallet/src/coin/skycoin/models/wallet.go:699.56,701.2 1 0
github.com/fibercrypto/FiberCryptoWallet/src/coin/skycoin/models/wallet.go:703.68,712.2 1 1
github.com/fibercrypto/FiberCryptoWallet/src/coin/skycoin/models/wallet.go:714.90,716.2 1 1
github.com/fibercrypto/FiberCryptoWallet/src/coin/skycoin/models/wallet.go:718.58,722.2 1 1
github.com/fibercrypto/FiberCryptoWallet/src/coin/skycoin/models/wallet.go:730.64,732.30 2 0
github.com/fibercrypto/FiberCryptoWallet/src/coin/skycoin/models/wallet.go:735.2,735.26 1 0
github.com/fibercrypto/FiberCryptoWallet/src/coin/skycoin/models/wallet.go:732.30,734.3 1 0
github.com/fibercrypto/FiberCryptoWallet/src/coin/skycoin/models/wallet.go:738.62,740.30 2 1
github.com/fibercrypto/FiberCryptoWallet/src/coin/skycoin/models/wallet.go:743.2,743.26 1 1
github.com/fibercrypto/FiberCryptoWallet/src/coin/skycoin/models/wallet.go:740.30,742.3 1 1
github.com/fibercrypto/FiberCryptoWallet/src/coin/skycoin/models/wallet.go:751.69,755.16 4 0
github.com/fibercrypto/FiberCryptoWallet/src/coin/skycoin/models/wallet.go:760.2,760.28 1 0
github.com/fibercrypto/FiberCryptoWallet/src/coin/skycoin/models/wallet.go:784.2,784.42 1 0
github.com/fibercrypto/FiberCryptoWallet/src/coin/skycoin/models/wallet.go:755.16,758.3 2 0
github.com/fibercrypto/FiberCryptoWallet/src/coin/skycoin/models/wallet.go:760.28,761.27 1 0
github.com/fibercrypto/FiberCryptoWallet/src/coin/skycoin/models/wallet.go:761.27,763.43 2 0
github.com/fibercrypto/FiberCryptoWallet/src/coin/skycoin/models/wallet.go:767.4,769.18 3 0
github.com/fibercrypto/FiberCryptoWallet/src/coin/skycoin/models/wallet.go:773.4,780.6 1 0
github.com/fibercrypto/FiberCryptoWallet/src/coin/skycoin/models/wallet.go:763.43,764.13 1 0
github.com/fibercrypto/FiberCryptoWallet/src/coin/skycoin/models/wallet.go:769.18,772.5 2 0
github.com/fibercrypto/FiberCryptoWallet/src/coin/skycoin/models/wallet.go:787.68,791.16 4 1
github.com/fibercrypto/FiberCryptoWallet/src/coin/skycoin/models/wallet.go:795.2,802.3 1 0
github.com/fibercrypto/FiberCryptoWallet/src/coin/skycoin/models/wallet.go:791.16,794.3 2 1
github.com/fibercrypto/FiberCryptoWallet/src/coin/skycoin/models/wallet.go:805.175,809.16 3 1
github.com/fibercrypto/FiberCryptoWallet/src/coin/skycoin/models/wallet.go:814.2,826.24 5 1
github.com/fibercrypto/FiberCryptoWallet/src/coin/skycoin/models/wallet.go:840.2,840.59 1 1
github.com/fibercrypto/FiberCryptoWallet/src/coin/skycoin/models/wallet.go:845.2,852.8 1 1
github.com/fibercrypto/FiberCryptoWallet/src/coin/skycoin/models/wallet.go:809.16,812.3 2 0
github.com/fibercrypto/FiberCryptoWallet/src/coin/skycoin/models/wallet.go:826.24,828.17 2 0
github.com/fibercrypto/FiberCryptoWallet/src/coin/skycoin/models/wallet.go:828.17,831.4 2 0
github.com/fibercrypto/FiberCryptoWallet/src/coin/skycoin/models/wallet.go:832.8,834.17 2 1
github.com/fibercrypto/FiberCryptoWallet/src/coin/skycoin/models/wallet.go:834.17,837.4 2 0
github.com/fibercrypto/FiberCryptoWallet/src/coin/skycoin/models/wallet.go:840.59,843.3 2 0
github.com/fibercrypto/FiberCryptoWallet/src/coin/skycoin/models/wallet.go:855.66,857.6 2 1
github.com/fibercrypto/FiberCryptoWallet/src/coin/skycoin/models/wallet.go:865.2,865.13 1 1
github.com/fibercrypto/FiberCryptoWallet/src/coin/skycoin/models/wallet.go:857.6,861.44 4 1
github.com/fibercrypto/FiberCryptoWallet/src/coin/skycoin/models/wallet.go:861.44,862.9 1 1
github.com/fibercrypto/FiberCryptoWallet/src/coin/skycoin/models/wallet.go:869.92,873.16 4 0
github.com/fibercrypto/FiberCryptoWallet/src/coin/skycoin/models/wallet.go:878.2,878.23 1 0
github.com/fibercrypto/FiberCryptoWallet/src/coin/skycoin/models/wallet.go:882.2,883.16 2 0
github.com/fibercrypto/FiberCryptoWallet/src/coin/skycoin/models/wallet.go:887.2,889.78 2 0
github.com/fibercrypto/FiberCryptoWallet/src/coin/skycoin/models/wallet.go:894.2,894.59 1 0
github.com/fibercrypto/FiberCryptoWallet/src/coin/skycoin/models/wallet.go:873.16,876.3 2 0
github.com/fibercrypto/FiberCryptoWallet/src/coin/skycoin/models/wallet.go:878.23,880.3 1 0
github.com/fibercrypto/FiberCryptoWallet/src/coin/skycoin/models/wallet.go:883.16,886.3 2 0
github.com/fibercrypto/FiberCryptoWallet/src/coin/skycoin/models/wallet.go:889.78,892.3 2 0
github.com/fibercrypto/FiberCryptoWallet/src/coin/skycoin/models/wallet.go:894.59,897.3 2 0
github.com/fibercrypto/FiberCryptoWallet/src/coin/skycoin/models/wallet.go:901.92,905.16 4 0
github.com/fibercrypto/FiberCryptoWallet/src/coin/skycoin/models/wallet.go:909.2,909.24 1 0
github.com/fibercrypto/FiberCryptoWallet/src/coin/skycoin/models/wallet.go:912.2,913.16 2 0
github.com/fibercrypto/FiberCryptoWallet/src/coin/skycoin/models/wallet.go:917.2,920.16 3 0
github.com/fibercrypto/FiberCryptoWallet/src/coin/skycoin/models/wallet.go:924.2,924.70 1 0
github.com/fibercrypto/FiberCryptoWallet/src/coin/skycoin/models/wallet.go:905.16,908.3 2 0
github.com/fibercrypto/FiberCryptoWallet/src/coin/skycoin/models/wallet.go:909.24,911.3 1 0
github.com/fibercrypto/FiberCryptoWallet/src/coin/skycoin/models/wallet.go:913.16,916.3 2 0
github.com/fibercrypto/FiberCryptoWallet/src/coin/skycoin/models/wallet.go:920.16,923.3 2 0
github.com/fibercrypto/FiberCryptoWallet/src/coin/skycoin/models/wallet.go:924.70,927.3 2 0
github.com/fibercrypto/FiberCryptoWallet/src/coin/skycoin/models/wallet.go:930.80,935.16 4 0
github.com/fibercrypto/FiberCryptoWallet/src/coin/skycoin/models/wallet.go:939.2,939.31 1 0
github.com/fibercrypto/FiberCryptoWallet/src/coin/skycoin/models/wallet.go:935.16,938.3 2 0
github.com/fibercrypto/FiberCryptoWallet/src/coin/skycoin/models/wallet.go:945.92,948.33 3 1
github.com/fibercrypto/FiberCryptoWallet/src/coin/skycoin/models/wallet.go:951.2,953.16 3 1
github.com/fibercrypto/FiberCryptoWallet/src/coin/skycoin/models/wallet.go:957.2,959.34 2 1
github.com/fibercrypto/FiberCryptoWallet/src/coin/skycoin/models/wallet.go:970.2,970.20 1 1
github.com/fibercrypto/FiberCryptoWallet/src/coin/skycoin/models/wallet.go:948.33,950.3 1 1
github.com/fibercrypto/FiberCryptoWallet/src/coin/skycoin/models/wallet.go:953.16,956.3 2 0
github.com/fibercrypto/FiberCryptoWallet/src/coin/skycoin/models/wallet.go:959.34,962.17 3 1
github.com/fibercrypto/FiberCryptoWallet/src/coin/skycoin/models/wallet.go:966.3,966.20 1 1
github.com/fibercrypto/FiberCryptoWallet/src/coin/skycoin/models/wallet.go:962.17,965.4 2 0
github.com/fibercrypto/FiberCryptoWallet/src/coin/skycoin/models/wallet.go:966.20,968.4 1 1
github.com/fibercrypto/FiberCryptoWallet/src/coin/skycoin/models/wallet.go:982.156,984.19 2 1
github.com/fibercrypto/FiberCryptoWallet/src/coin/skycoin/models/wallet.go:987.2,988.8 2 1
github.com/fibercrypto/FiberCryptoWallet/src/coin/skycoin/models/wallet.go:984.19,986.3 1 1
github.com/fibercrypto/FiberCryptoWallet/src/coin/skycoin/models/wallet.go:991.63,1003.38 10 1
github.com/fibercrypto/FiberCryptoWallet/src/coin/skycoin/models/wallet.go:1006.2,1006.28 1 1
github.com/fibercrypto/FiberCryptoWallet/src/coin/skycoin/models/wallet.go:1010.2,1010.14 1 1
github.com/fibercrypto/FiberCryptoWallet/src/coin/skycoin/models/wallet.go:1003.38,1005.3 1 0
github.com/fibercrypto/FiberCryptoWallet/src/coin/skycoin/models/wallet.go:1006.28,1008.3 1 0
github.com/fibercrypto/FiberCryptoWallet/src/coin/skycoin/models/wallet.go:1013.126,1021.16 7 1
github.com/fibercrypto/FiberCryptoWallet/src/coin/skycoin/models/wallet.go:1025.2,1025.70 1 1
github.com/fibercrypto/FiberCryptoWallet/src/coin/skycoin/models/wallet.go:1155.2,1157.27 2 1
github.com/fibercrypto/FiberCryptoWallet/src/coin/skycoin/models/wallet.go:1160.2,1161.16 2 1
github.com/fibercrypto/FiberCryptoWallet/src/coin/skycoin/models/wallet.go:1166.2,1167.16 2 1
github.com/fibercrypto/FiberCryptoWallet/src/coin/skycoin/models/wallet.go:1171.2,1171.23 1 1
github.com/fibercrypto/FiberCryptoWallet/src/coin/skycoin/models/wallet.go:1021.16,1024.3 2 0
github.com/fibercrypto/FiberCryptoWallet/src/coin/skycoin/models/wallet.go:1025.70,1028.17 2 0
github.com/fibercrypto/FiberCryptoWallet/src/coin/skycoin/models/wallet.go:1032.3,1032.27 1 0
github.com/fibercrypto/FiberCryptoWallet/src/coin/skycoin/models/wallet.go:1046.3,1047.17 2 0
github.com/fibercrypto/FiberCryptoWallet/src/coin/skycoin/models/wallet.go:1050.3,1052.17 3 0
github.com/fibercrypto/FiberCryptoWallet/src/coin/skycoin/models/wallet.go:1056.3,1057.17 2 0
github.com/fibercrypto/FiberCryptoWallet/src/coin/skycoin/models/wallet.go:1061.3,1062.31 2 0
github.com/fibercrypto/FiberCryptoWallet/src/coin/skycoin/models/wallet.go:1028.17,1030.4 1 0
github.com/fibercrypto/FiberCryptoWallet/src/coin/skycoin/models/wallet.go:1032.27,1034.18 2 0
github.com/fibercrypto/FiberCryptoWallet/src/coin/skycoin/models/wallet.go:1039.4,1040.18 2 0
github.com/fibercrypto/FiberCryptoWallet/src/coin/skycoin/models/wallet.go:1034.18,1037.5 2 0
github.com/fibercrypto/FiberCryptoWallet/src/coin/skycoin/models/wallet.go:1040.18,1043.5 2 0
github.com/fibercrypto/FiberCryptoWallet/src/coin/skycoin/models/wallet.go:1047.17,1049.4 1 0
github.com/fibercrypto/FiberCryptoWallet/src/coin/skycoin/models/wallet.go:1052.17,1055.4 2 0
github.com/fibercrypto/FiberCryptoWallet/src/coin/skycoin/models/wallet.go:1057.17,1060.4 2 0
github.com/fibercrypto/FiberCryptoWallet/src/coin/skycoin/models/wallet.go:1062.31,1064.18 2 0
github.com/fibercrypto/FiberCryptoWallet/src/coin/skycoin/models/wallet.go:1068.4,1070.18 3 0
github.com/fibercrypto/FiberCryptoWallet/src/coin/skycoin/models/wallet.go:1074.4,1076.18 3 0
github.com/fibercrypto/FiberCryptoWallet/src/coin/skycoin/models/wallet.go:1081.4,1092.5 1 0
github.com/fibercrypto/FiberCryptoWallet/src/coin/skycoin/models/wallet.go:1064.18,1067.5 2 0
github.com/fibercrypto/FiberCryptoWallet/src/coin/skycoin/models/wallet.go:1070.18,1073.5 2 0
github.com/fibercrypto/FiberCryptoWallet/src/coin/skycoin/models/wallet.go:1076.18,1079.5 2 0
github.com/fibercrypto/FiberCryptoWallet/src/coin/skycoin/models/wallet.go:1094.8,1097.10 2 1
github.com/fibercrypto/FiberCryptoWallet/src/coin/skycoin/models/wallet.go:1103.3,1106.17 4 1
github.com/fibercrypto/FiberCryptoWallet/src/coin/skycoin/models/wallet.go:1110.3,1112.27 2 1
github.com/fibercrypto/FiberCryptoWallet/src/coin/skycoin/models/wallet.go:1127.3,1128.35 2 1
github.com/fibercrypto/FiberCryptoWallet/src/coin/skycoin/models/wallet.go:1097.10,1100.4 2 0
github.com/fibercrypto/FiberCryptoWallet/src/coin/skycoin/models/wallet.go:1106.17,1109.4 2 0
github.com/fibercrypto/FiberCryptoWallet/src/coin/skycoin/models/wallet.go:1112.27,1115.18 2 0
github.com/fibercrypto/FiberCryptoWallet/src/coin/skycoin/models/wallet.go:1120.4,1121.18 2 0
github.com/fibercrypto/FiberCryptoWallet/src/coin/skycoin/models/wallet.go:1115.18,1118.5 2 0
github.com/fibercrypto/FiberCryptoWallet/src/coin/skycoin/models/wallet.go:1121.18,1124.5 2 0
github.com/fibercrypto/FiberCryptoWallet/src/coin/skycoin/models/wallet.go:1128.35,1130.18 2 1
github.com/fibercrypto/FiberCryptoWallet/src/coin/skycoin/models/wallet.go:1133.4,1134.18 2 1
github.com/fibercrypto/FiberCryptoWallet/src/coin/skycoin/models/wallet.go:1137.4,1138.18 2 1
github.com/fibercrypto/FiberCryptoWallet/src/coin/skycoin/models/wallet.go:1141.4,1152.6 1 1
github.com/fibercrypto/FiberCryptoWallet/src/coin/skycoin/models/wallet.go:1130.18,1132.5 1 0
github.com/fibercrypto/FiberCryptoWallet/src/coin/skycoin/models/wallet.go:1134.18,1136.5 1 0
github.com/fibercrypto/FiberCryptoWallet/src/coin/skycoin/models/wallet.go:1138.18,1140.5 1 0
github.com/fibercrypto/FiberCryptoWallet/src/coin/skycoin/models/wallet.go:1157.27,1159.3 1 1
github.com/fibercrypto/FiberCryptoWallet/src/coin/skycoin/models/wallet.go:1161.16,1164.3 2 1
github.com/fibercrypto/FiberCryptoWallet/src/coin/skycoin/models/wallet.go:1167.16,1170.3 2 0
github.com/fibercrypto/FiberCryptoWallet/src/coin/skycoin/models/wallet.go:1175.40,1178.2 2 1
github.com/fibercrypto/FiberCryptoWallet/src/coin/skycoin/models/wallet.go:1180.43,1183.2 2 0
github.com/fibercrypto/FiberCryptoWallet/src/coin/skycoin/models/wallet.go:1185.50,1188.16 3 0
github.com/fibercrypto/FiberCryptoWallet/src/coin/skycoin/models/wallet.go:1192.2,1195.16 3 0
github.com/fibercrypto/FiberCryptoWallet/src/coin/skycoin/models/wallet.go:1199.2,1199.21 1 0
github.com/fibercrypto/FiberCryptoWallet/src/coin/skycoin/models/wallet.go:1188.16,1191.3 2 0
github.com/fibercrypto/FiberCryptoWallet/src/coin/skycoin/models/wallet.go:1195.16,1198.3 2 0
github.com/fibercrypto/FiberCryptoWallet/src/coin/skycoin/models/wallet.go:1203.93,1205.2 1 1
github.com/fibercrypto/FiberCryptoWallet/src/coin/skycoin/models/wallet.go:1207.126,1210.16 3 1
github.com/fibercrypto/FiberCryptoWallet/src/coin/skycoin/models/wallet.go:1214.2,1217.16 3 1
github.com/fibercrypto/FiberCryptoWallet/src/coin/skycoin/models/wallet.go:1221.2,1228.16 7 1
github.com/fibercrypto/FiberCryptoWallet/src/coin/skycoin/models/wallet.go:1232.2,1232.22 1 1
github.com/fibercrypto/FiberCryptoWallet/src/coin/skycoin/models/wallet.go:1236.2,1236.88 1 1
github.com/fibercrypto/FiberCryptoWallet/src/coin/skycoin/models/wallet.go:1250.2,1250.109 1 1
github.com/fibercrypto/FiberCryptoWallet/src/coin/skycoin/models/wallet.go:1210.16,1213.3 2 0
github.com/fibercrypto/FiberCryptoWallet/src/coin/skycoin/models/wallet.go:1217.16,1220.3 2 0
github.com/fibercrypto/FiberCryptoWallet/src/coin/skycoin/models/wallet.go:1228.16,1231.3 2 0
github.com/fibercrypto/FiberCryptoWallet/src/coin/skycoin/models/wallet.go:1232.22,1234.3 1 1
github.com/fibercrypto/FiberCryptoWallet/src/coin/skycoin/models/wallet.go:1236.88,1238.17 2 1
github.com/fibercrypto/FiberCryptoWallet/src/coin/skycoin/models/wallet.go:1242.3,1244.17 3 1
github.com/fibercrypto/FiberCryptoWallet/src/coin/skycoin/models/wallet.go:1248.3,1248.36 1 1
github.com/fibercrypto/FiberCryptoWallet/src/coin/skycoin/models/wallet.go:1238.17,1241.4 2 0
github.com/fibercrypto/FiberCryptoWallet/src/coin/skycoin/models/wallet.go:1244.17,1247.4 2 0
github.com/fibercrypto/FiberCryptoWallet/src/coin/skycoin/models/wallet.go:1253.167,1255.88 2 1
github.com/fibercrypto/FiberCryptoWallet/src/coin/skycoin/models/wallet.go:1271.2,1271.73 1 1
github.com/fibercrypto/FiberCryptoWallet/src/coin/skycoin/models/wallet.go:1255.88,1257.17 2 1
github.com/fibercrypto/FiberCryptoWallet/src/coin/skycoin/models/wallet.go:1261.3,1263.17 3 1
github.com/fibercrypto/FiberCryptoWallet/src/coin/skycoin/models/wallet.go:1267.3,1267.36 1 1
github.com/fibercrypto/FiberCryptoWallet/src/coin/skycoin/models/wallet.go:1257.17,1260.4 2 0
github.com/fibercrypto/FiberCryptoWallet/src/coin/skycoin/models/wallet.go:1263.17,1266.4 2 0
github.com/fibercrypto/FiberCryptoWallet/src/coin/skycoin/models/wallet.go:1274.146,1276.88 2 1
github.com/fibercrypto/FiberCryptoWallet/src/coin/skycoin/models/wallet.go:1292.2,1292.77 1 1
github.com/fibercrypto/FiberCryptoWallet/src/coin/skycoin/models/wallet.go:1276.88,1278.17 2 1
github.com/fibercrypto/FiberCryptoWallet/src/coin/skycoin/models/wallet.go:1282.3,1284.17 3 1
github.com/fibercrypto/FiberCryptoWallet/src/coin/skycoin/models/wallet.go:1288.3,1288.36 1 1
github.com/fibercrypto/FiberCryptoWallet/src/coin/skycoin/models/wallet.go:1278.17,1281.4 2 0
github.com/fibercrypto/FiberCryptoWallet/src/coin/skycoin/models/wallet.go:1284.17,1287.4 2 0
github.com/fibercrypto/FiberCryptoWallet/src/coin/skycoin/models/wallet.go:1295.137,1297.71 1 1
github.com/fibercrypto/FiberCryptoWallet/src/coin/skycoin/models/wallet.go:1301.2,1304.16 4 1
github.com/fibercrypto/FiberCryptoWallet/src/coin/skycoin/models/wallet.go:1309.2,1309.78 1 1
github.com/fibercrypto/FiberCryptoWallet/src/coin/skycoin/models/wallet.go:1314.2,1314.73 1 1
github.com/fibercrypto/FiberCryptoWallet/src/coin/skycoin/models/wallet.go:1318.2,1320.55 2 1
github.com/fibercrypto/FiberCryptoWallet/src/coin/skycoin/models/wallet.go:1324.2,1324.44 1 1
github.com/fibercrypto/FiberCryptoWallet/src/coin/skycoin/models/wallet.go:1336.2,1336.36 1 1
github.com/fibercrypto/FiberCryptoWallet/src/coin/skycoin/models/wallet.go:1360.2,1360.49 1 1
github.com/fibercrypto/FiberCryptoWallet/src/coin/skycoin/models/wallet.go:1404.2,1405.16 2 1
github.com/fibercrypto/FiberCryptoWallet/src/coin/skycoin/models/wallet.go:1410.2,1412.29 3 1
github.com/fibercrypto/FiberCryptoWallet/src/coin/skycoin/models/wallet.go:1415.2,1415.44 1 1
github.com/fibercrypto/FiberCryptoWallet/src/coin/skycoin/models/wallet.go:1297.71,1300.3 2 0
github.com/fibercrypto/FiberCryptoWallet/src/coin/skycoin/models/wallet.go:1304.16,1307.3 2 0
github.com/fibercrypto/FiberCryptoWallet/src/coin/skycoin/models/wallet.go:1309.78,1312.3 2 1
github.com/fibercrypto/FiberCryptoWallet/src/coin/skycoin/models/wallet.go:1314.73,1316.3 1 1
github.com/fibercrypto/FiberCryptoWallet/src/coin/skycoin/models/wallet.go:1320.55,1322.3 1 1
github.com/fibercrypto/FiberCryptoWallet/src/coin/skycoin/models/wallet.go:1324.44,1327.55 2 0
github.com/fibercrypto/FiberCryptoWallet/src/coin/skycoin/models/wallet.go:1327.55,1329.113 2 0
github.com/fibercrypto/FiberCryptoWallet/src/coin/skycoin/models/wallet.go:1332.4,1332.20 1 0
github.com/fibercrypto/FiberCryptoWallet/src/coin/skycoin/models/wallet.go:1329.113,1331.5 1 0
github.com/fibercrypto/FiberCryptoWallet/src/coin/skycoin/models/wallet.go:1336.36,1339.73 2 0
github.com/fibercrypto/FiberCryptoWallet/src/coin/skycoin/models/wallet.go:1351.3,1351.55 1 0
github.com/fibercrypto/FiberCryptoWallet/src/coin/skycoin/models/wallet.go:1339.73,1341.35 2 0
github.com/fibercrypto/FiberCryptoWallet/src/coin/skycoin/models/wallet.go:1348.4,1348.25 1 0
github.com/fibercrypto/FiberCryptoWallet/src/coin/skycoin/models/wallet.go:1341.35,1343.19 2 0
github.com/fibercrypto/FiberCryptoWallet/src/coin/skycoin/models/wallet.go:1346.5,1346.49 1 0
github.com/fibercrypto/FiberCryptoWallet/src/coin/skycoin/models/wallet.go:1343.19,1345.6 1 0
github.com/fibercrypto/FiberCryptoWallet/src/coin/skycoin/models/wallet.go:1351.55,1353.111 2 0
github.com/fibercrypto/FiberCryptoWallet/src/coin/skycoin/models/wallet.go:1356.4,1356.20 1 0
github.com/fibercrypto/FiberCryptoWallet/src/coin/skycoin/models/wallet.go:1353.111,1355.5 1 0
github.com/fibercrypto/FiberCryptoWallet/src/coin/skycoin/models/wallet.go:1360.49,1362.85 2 1
github.com/fibercrypto/FiberCryptoWallet/src/coin/skycoin/models/wallet.go:1366.3,1366.33 1 1
github.com/fibercrypto/FiberCryptoWallet/src/coin/skycoin/models/wallet.go:1391.3,1393.17 2 1
github.com/fibercrypto/FiberCryptoWallet/src/coin/skycoin/models/wallet.go:1398.3,1398.66 1 1
github.com/fibercrypto/FiberCryptoWallet/src/coin/skycoin/models/wallet.go:1362.85,1364.4 1 1
github.com/fibercrypto/FiberCryptoWallet/src/coin/skycoin/models/wallet.go:1366.33,1367.85 1 0
github.com/fibercrypto/FiberCryptoWallet/src/coin/skycoin/models/wallet.go:1367.85,1369.19 2 0
github.com/fibercrypto/FiberCryptoWallet/src/coin/skycoin/models/wallet.go:1373.5,1375.82 3 0
github.com/fibercrypto/FiberCryptoWallet/src/coin/skycoin/models/wallet.go:1388.5,1388.22 1 0
github.com/fibercrypto/FiberCryptoWallet/src/coin/skycoin/models/wallet.go:1369.19,1372.6 2 0
github.com/fibercrypto/FiberCryptoWallet/src/coin/skycoin/models/wallet.go:1375.82,1383.6 4 0
github.com/fibercrypto/FiberCryptoWallet/src/coin/skycoin/models/wallet.go:1383.20,1386.6 2 0
github.com/fibercrypto/FiberCryptoWallet/src/coin/skycoin/models/wallet.go:1393.17,1396.4 2 0
github.com/fibercrypto/FiberCryptoWallet/src/coin/skycoin/models/wallet.go:1398.66,1401.4 2 0
github.com/fibercrypto/FiberCryptoWallet/src/coin/skycoin/models/wallet.go:1405.16,1408.3 2 0
github.com/fibercrypto/FiberCryptoWallet/src/coin/skycoin/models/wallet.go:1412.29,1414.3 1 1
github.com/fibercrypto/FiberCryptoWallet/src/coin/skycoin/models/wallet.go:1419.63,1422.2 2 1
github.com/fibercrypto/FiberCryptoWallet/src/coin/skycoin/models/wallet.go:1423.76,1427.16 4 1
github.com/fibercrypto/FiberCryptoWallet/src/coin/skycoin/models/wallet.go:1431.2,1433.33 3 1
github.com/fibercrypto/FiberCryptoWallet/src/coin/skycoin/models/wallet.go:1437.2,1437.46 1 1
github.com/fibercrypto/FiberCryptoWallet/src/coin/skycoin/models/wallet.go:1427.16,1430.3 2 0
github.com/fibercrypto/FiberCryptoWallet/src/coin/skycoin/models/wallet.go:1433.33,1435.3 1 1
github.com/fibercrypto/FiberCryptoWallet/src/coin/skycoin/models/wallet.go:1441.55,1443.2 1 0
github.com/fibercrypto/FiberCryptoWallet/src/coin/skycoin/models/wallet.go:1445.74,1446.18 1 0
github.com/fibercrypto/FiberCryptoWallet/src/coin/skycoin/models/wallet.go:1450.2,1451.22 2 0
github.com/fibercrypto/FiberCryptoWallet/src/coin/skycoin/models/wallet.go:1454.2,1455.22 2 0
github.com/fibercrypto/FiberCryptoWallet/src/coin/skycoin/models/wallet.go:1460.2,1460.70 1 0
github.com/fibercrypto/FiberCryptoWallet/src/coin/skycoin/models/wallet.go:1464.2,1465.16 2 0
github.com/fibercrypto/FiberCryptoWallet/src/coin/skycoin/models/wallet.go:1468.2,1469.16 2 0
github.com/fibercrypto/FiberCryptoWallet/src/coin/skycoin/models/wallet.go:1472.2,1472.104 1 0
github.com/fibercrypto/FiberCryptoWallet/src/coin/skycoin/models/wallet.go:1446.18,1448.3 1 0
github.com/fibercrypto/FiberCryptoWallet/src/coin/skycoin/models/wallet.go:1451.22,1453.3 1 0
github.com/fibercrypto/FiberCryptoWallet/src/coin/skycoin/models/wallet.go:1455.22,1457.3 1 0
github.com/fibercrypto/FiberCryptoWallet/src/coin/skycoin/models/wallet.go:1460.70,1462.3 1 0
github.com/fibercrypto/FiberCryptoWallet/src/coin/skycoin/models/wallet.go:1465.16,1467.3 1 0
github.com/fibercrypto/FiberCryptoWallet/src/coin/skycoin/models/wallet.go:1469.16,1471.3 1 0
github.com/fibercrypto/FiberCryptoWallet/src/coin/skycoin/models/wallet.go:1475.84,1477.87 1 0
github.com/fibercrypto/FiberCryptoWallet/src/coin/skycoin/models/wallet.go:1481.2,1482.26 2 0
github.com/fibercrypto/FiberCryptoWallet/src/coin/skycoin/models/wallet.go:1477.87,1479.3 1 0
github.com/fibercrypto/FiberCryptoWallet/src/coin/skycoin/models/wallet.go:1486.88,1488.2 1 0
github.com/fibercrypto/FiberCryptoWallet/src/coin/skycoin/models/wallet.go:1495.152,1497.20 2 1
github.com/fibercrypto/FiberCryptoWallet/src/coin/skycoin/models/wallet.go:1508.2,1509.8 2 1
github.com/fibercrypto/FiberCryptoWallet/src/coin/skycoin/models/wallet.go:1497.20,1499.3 1 0
github.com/fibercrypto/FiberCryptoWallet/src/coin/skycoin/models/wallet.go:1499.8,1501.34 2 1
github.com/fibercrypto/FiberCryptoWallet/src/coin/skycoin/models/wallet.go:1501.34,1503.18 2 1
github.com/fibercrypto/FiberCryptoWallet/src/coin/skycoin/models/wallet.go:1503.18,1505.5 1 0
github.com/fibercrypto/FiberCryptoWallet/src/coin/skycoin/models/wallet.go:1512.49,1514.2 1 0
github.com/fibercrypto/FiberCryptoWallet/src/coin/skycoin/models/wallet.go:1516.55,1518.2 1 0
github.com/fibercrypto/FiberCryptoWallet/src/coin/skycoin/models/api.go:16.56,18.2 1 1
github.com/fibercrypto/FiberCryptoWallet/src/coin/skycoin/models/api.go:20.92,23.2 2 1
github.com/fibercrypto/FiberCryptoWallet/src/coin/skycoin/models/api.go:24.97,27.2 2 1
github.com/fibercrypto/FiberCryptoWallet/src/coin/skycoin/models/api.go:28.106,31.2 2 1
github.com/fibercrypto/FiberCryptoWallet/src/coin/skycoin/models/api.go:32.111,35.2 2 1
github.com/fibercrypto/FiberCryptoWallet/src/coin/skycoin/models/api.go:36.76,39.2 2 1
github.com/fibercrypto/FiberCryptoWallet/src/coin/skycoin/models/api.go:40.105,43.2 2 1
github.com/fibercrypto/FiberCryptoWallet/src/coin/skycoin/models/api.go:44.64,47.2 2 1
github.com/fibercrypto/FiberCryptoWallet/src/coin/skycoin/models/api.go:48.73,51.2 2 1
github.com/fibercrypto/FiberCryptoWallet/src/coin/skycoin/models/api.go:52.85,55.2 2 1
github.com/fibercrypto/FiberCryptoWallet/src/coin/skycoin/models/api.go:56.80,59.2 2 1
github.com/fibercrypto/FiberCryptoWallet/src/coin/skycoin/models/api.go:60.103,63.2 2 1
github.com/fibercrypto/FiberCryptoWallet/src/coin/skycoin/models/api.go:64.73,67.2 2 1
github.com/fibercrypto/FiberCryptoWallet/src/coin/skycoin/models/api.go:68.63,71.2 2 1
github.com/fibercrypto/FiberCryptoWallet/src/coin/skycoin/models/api.go:72.96,75.2 2 1
github.com/fibercrypto/FiberCryptoWallet/src/coin/skycoin/models/api.go:76.66,80.2 2 1
github.com/fibercrypto/FiberCryptoWallet/src/coin/skycoin/models/api.go:81.95,84.2 2 1
github.com/fibercrypto/FiberCryptoWallet/src/coin/skycoin/models/api.go:85.90,88.2 2 1
github.com/fibercrypto/FiberCryptoWallet/src/coin/skycoin/models/api.go:89.90,92.2 2 1
github.com/fibercrypto/FiberCryptoWallet/src/coin/skycoin/models/api.go:93.81,96.2 2 1
github.com/fibercrypto/FiberCryptoWallet/src/coin/skycoin/models/api.go:97.119,100.2 2 1
github.com/fibercrypto/FiberCryptoWallet/src/coin/skycoin/models/api.go:101.110,104.2 2 0
github.com/fibercrypto/FiberCryptoWallet/src/coin/skycoin/models/api.go:105.83,108.2 2 0
github.com/fibercrypto/FiberCryptoWallet/src/coin/skycoin/models/api.go:109.126,112.2 2 1
github.com/fibercrypto/FiberCryptoWallet/src/coin/skycoin/models/api.go:113.130,116.2 2 1
github.com/fibercrypto/FiberCryptoWallet/src/coin/skycoin/models/api.go:117.118,120.2 2 1
github.com/fibercrypto/FiberCryptoWallet/src/coin/skycoin/models/api.go:122.82,125.2 2 1
github.com/fibercrypto/FiberCryptoWallet/src/coin/skycoin/models/cipher.go:13.56,15.2 1 1
github.com/fibercrypto/FiberCryptoWallet/src/coin/skycoin/models/cipher.go:17.47,18.18 1 1
github.com/fibercrypto/FiberCryptoWallet/src/coin/skycoin/models/cipher.go:22.2,22.14 1 1
github.com/fibercrypto/FiberCryptoWallet/src/coin/skycoin/models/cipher.go:18.18,21.3 2 1
github.com/fibercrypto/FiberCryptoWallet/src/coin/skycoin/models/cipher.go:25.50,27.2 1 1
github.com/fibercrypto/FiberCryptoWallet/src/coin/skycoin/models/cipher.go:29.82,31.2 1 1
github.com/fibercrypto/FiberCryptoWallet/src/coin/skycoin/models/cipher.go:38.44,40.2 1 0
github.com/fibercrypto/FiberCryptoWallet/src/coin/skycoin/models/cipher.go:42.45,44.2 1 1
github.com/fibercrypto/FiberCryptoWallet/src/coin/skycoin/models/cipher.go:46.67,48.2 1 1
github.com/fibercrypto/FiberCryptoWallet/src/coin/skycoin/models/cipher.go:50.78,52.16 2 0
github.com/fibercrypto/FiberCryptoWallet/src/coin/skycoin/models/cipher.go:55.2,57.20 2 0
github.com/fibercrypto/FiberCryptoWallet/src/coin/skycoin/models/cipher.go:52.16,54.3 1 0
github.com/fibercrypto/FiberCryptoWallet/src/coin/skycoin/models/coin.go:31.66,34.2 2 0
github.com/fibercrypto/FiberCryptoWallet/src/coin/skycoin/models/coin.go:36.69,39.2 2 0
github.com/fibercrypto/FiberCryptoWallet/src/coin/skycoin/models/coin.go:41.74,44.2 2 0
github.com/fibercrypto/FiberCryptoWallet/src/coin/skycoin/models/coin.go:46.75,49.55 3 0
github.com/fibercrypto/FiberCryptoWallet/src/coin/skycoin/models/coin.go:52.2,52.15 1 0
github.com/fibercrypto/FiberCryptoWallet/src/coin/skycoin/models/coin.go:49.55,51.3 1 0
github.com/fibercrypto/FiberCryptoWallet/src/coin/skycoin/models/coin.go:55.77,58.57 3 1
github.com/fibercrypto/FiberCryptoWallet/src/coin/skycoin/models/coin.go:61.2,61.16 1 1
github.com/fibercrypto/FiberCryptoWallet/src/coin/skycoin/models/coin.go:58.57,60.3 1 1
github.com/fibercrypto/FiberCryptoWallet/src/coin/skycoin/models/coin.go:64.54,67.2 2 0
github.com/fibercrypto/FiberCryptoWallet/src/coin/skycoin/models/coin.go:69.81,71.24 2 0
github.com/fibercrypto/FiberCryptoWallet/src/coin/skycoin/models/coin.go:76.2,77.50 2 0
github.com/fibercrypto/FiberCryptoWallet/src/coin/skycoin/models/coin.go:71.24,73.3 1 0
github.com/fibercrypto/FiberCryptoWallet/src/coin/skycoin/models/coin.go:73.8,73.61 1 0
github.com/fibercrypto/FiberCryptoWallet/src/coin/skycoin/models/coin.go:73.61,75.3 1 0
github.com/fibercrypto/FiberCryptoWallet/src/coin/skycoin/models/coin.go:80.99,87.2 1 0
github.com/fibercrypto/FiberCryptoWallet/src/coin/skycoin/models/coin.go:89.147,100.2 1 0
github.com/fibercrypto/FiberCryptoWallet/src/coin/skycoin/models/coin.go:102.212,114.2 2 1
github.com/fibercrypto/FiberCryptoWallet/src/coin/skycoin/models/coin.go:116.121,120.36 4 1
github.com/fibercrypto/FiberCryptoWallet/src/coin/skycoin/models/coin.go:133.2,133.38 1 1
github.com/fibercrypto/FiberCryptoWallet/src/coin/skycoin/models/coin.go:141.2,148.8 1 1
github.com/fibercrypto/FiberCryptoWallet/src/coin/skycoin/models/coin.go:120.36,132.3 1 0
github.com/fibercrypto/FiberCryptoWallet/src/coin/skycoin/models/coin.go:133.38,140.3 1 0
github.com/fibercrypto/FiberCryptoWallet/src/coin/skycoin/models/coin.go:152.95,154.2 1 0
github.com/fibercrypto/FiberCryptoWallet/src/coin/skycoin/models/coin.go:156.76,158.16 2 1
github.com/fibercrypto/FiberCryptoWallet/src/coin/skycoin/models/coin.go:161.2,162.16 2 1
github.com/fibercrypto/FiberCryptoWallet/src/coin/skycoin/models/coin.go:165.2,165.27 1 1
github.com/fibercrypto/FiberCryptoWallet/src/coin/skycoin/models/coin.go:158.16,160.3 1 0
github.com/fibercrypto/FiberCryptoWallet/src/coin/skycoin/models/coin.go:162.16,164.3 1 0
github.com/fibercrypto/FiberCryptoWallet/src/coin/skycoin/models/coin.go:169.82,171.2 1 0
github.com/fibercrypto/FiberCryptoWallet/src/coin/skycoin/models/coin.go:173.83,175.58 2 0
github.com/fibercrypto/FiberCryptoWallet/src/coin/skycoin/models/coin.go:180.2,181.16 2 0
github.com/fibercrypto/FiberCryptoWallet/src/coin/skycoin/models/coin.go:184.2,184.17 1 0
github.com/fibercrypto/FiberCryptoWallet/src/coin/skycoin/models/coin.go:187.2,187.29 1 0
github.com/fibercrypto/FiberCryptoWallet/src/coin/skycoin/models/coin.go:175.58,177.3 1 0
github.com/fibercrypto/FiberCryptoWallet/src/coin/skycoin/models/coin.go:177.8,179.3 1 0
github.com/fibercrypto/FiberCryptoWallet/src/coin/skycoin/models/coin.go:181.16,183.3 1 0
github.com/fibercrypto/FiberCryptoWallet/src/coin/skycoin/models/coin.go:184.17,186.3 1 0
github.com/fibercrypto/FiberCryptoWallet/src/coin/skycoin/models/coin.go:191.62,192.30 1 0
github.com/fibercrypto/FiberCryptoWallet/src/coin/skycoin/models/coin.go:196.2,196.46 1 0
github.com/fibercrypto/FiberCryptoWallet/src/coin/skycoin/models/coin.go:192.30,195.3 1 0
github.com/fibercrypto/FiberCryptoWallet/src/coin/skycoin/models/coin.go:200.60,201.30 1 0
github.com/fibercrypto/FiberCryptoWallet/src/coin/skycoin/models/coin.go:205.2,205.45 1 0
github.com/fibercrypto/FiberCryptoWallet/src/coin/skycoin/models/coin.go:201.30,204.3 1 0
github.com/fibercrypto/FiberCryptoWallet/src/coin/skycoin/models/coin.go:208.64,210.16 2 0
github.com/fibercrypto/FiberCryptoWallet/src/coin/skycoin/models/coin.go:213.2,214.17 2 0
github.com/fibercrypto/FiberCryptoWallet/src/coin/skycoin/models/coin.go:217.2,217.33 1 0
github.com/fibercrypto/FiberCryptoWallet/src/coin/skycoin/models/coin.go:210.16,212.3 1 0
github.com/fibercrypto/FiberCryptoWallet/src/coin/skycoin/models/coin.go:214.17,216.3 1 0
github.com/fibercrypto/FiberCryptoWallet/src/coin/skycoin/models/coin.go:221.69,223.2 1 0
github.com/fibercrypto/FiberCryptoWallet/src/coin/skycoin/models/coin.go:233.64,235.2 1 1
github.com/fibercrypto/FiberCryptoWallet/src/coin/skycoin/models/coin.go:237.51,238.18 1 1
github.com/fibercrypto/FiberCryptoWallet/src/coin/skycoin/models/coin.go:242.2,242.14 1 1
github.com/fibercrypto/FiberCryptoWallet/src/coin/skycoin/models/coin.go:238.18,241.3 2 1
github.com/fibercrypto/FiberCryptoWallet/src/coin/skycoin/models/coin.go:245.54,247.2 1 1
github.com/fibercrypto/FiberCryptoWallet/src/coin/skycoin/models/coin.go:249.97,251.2 1 1
github.com/fibercrypto/FiberCryptoWallet/src/coin/skycoin/models/coin.go:261.76,263.2 1 1
github.com/fibercrypto/FiberCryptoWallet/src/coin/skycoin/models/coin.go:265.57,266.18 1 1
github.com/fibercrypto/FiberCryptoWallet/src/coin/skycoin/models/coin.go:270.2,270.14 1 1
github.com/fibercrypto/FiberCryptoWallet/src/coin/skycoin/models/coin.go:266.18,269.3 2 1
github.com/fibercrypto/FiberCryptoWallet/src/coin/skycoin/models/coin.go:273.60,275.2 1 1
github.com/fibercrypto/FiberCryptoWallet/src/coin/skycoin/models/coin.go:277.110,279.2 1 1
github.com/fibercrypto/FiberCryptoWallet/src/coin/skycoin/models/coin.go:281.105,288.2 1 1
github.com/fibercrypto/FiberCryptoWallet/src/coin/skycoin/models/coin.go:297.72,300.2 2 0
github.com/fibercrypto/FiberCryptoWallet/src/coin/skycoin/models/coin.go:302.75,305.2 2 0
github.com/fibercrypto/FiberCryptoWallet/src/coin/skycoin/models/coin.go:307.80,310.2 2 0
github.com/fibercrypto/FiberCryptoWallet/src/coin/skycoin/models/coin.go:312.81,314.26 2 1
github.com/fibercrypto/FiberCryptoWallet/src/coin/skycoin/models/coin.go:322.2,322.22 1 1
github.com/fibercrypto/FiberCryptoWallet/src/coin/skycoin/models/coin.go:314.26,316.17 2 1
github.com/fibercrypto/FiberCryptoWallet/src/coin/skycoin/models/coin.go:320.3,320.25 1 1
github.com/fibercrypto/FiberCryptoWallet/src/coin/skycoin/models/coin.go:316.17,319.4 1 0
github.com/fibercrypto/FiberCryptoWallet/src/coin/skycoin/models/coin.go:325.83,327.27 2 0
github.com/fibercrypto/FiberCryptoWallet/src/coin/skycoin/models/coin.go:341.2,341.23 1 0
github.com/fibercrypto/FiberCryptoWallet/src/coin/skycoin/models/coin.go:327.27,329.38 2 0
github.com/fibercrypto/FiberCryptoWallet/src/coin/skycoin/models/coin.go:339.3,339.27 1 0
github.com/fibercrypto/FiberCryptoWallet/src/coin/skycoin/models/coin.go:329.38,331.18 2 0
github.com/fibercrypto/FiberCryptoWallet/src/coin/skycoin/models/coin.go:334.4,337.6 1 0
github.com/fibercrypto/FiberCryptoWallet/src/coin/skycoin/models/coin.go:331.18,333.5 1 0
github.com/fibercrypto/FiberCryptoWallet/src/coin/skycoin/models/coin.go:344.87,346.24 2 0
github.com/fibercrypto/FiberCryptoWallet/src/coin/skycoin/models/coin.go:349.2,349.15 1 0
github.com/fibercrypto/FiberCryptoWallet/src/coin/skycoin/models/coin.go:346.24,348.3 1 0
github.com/fibercrypto/FiberCryptoWallet/src/coin/skycoin/models/coin.go:352.60,355.2 2 0
github.com/fibercrypto/FiberCryptoWallet/src/coin/skycoin/models/coin.go:358.65,360.2 1 1
github.com/fibercrypto/FiberCryptoWallet/src/coin/skycoin/models/coin.go:363.63,365.2 1 1
github.com/fibercrypto/FiberCryptoWallet/src/coin/skycoin/models/coin.go:368.72,370.2 1 1
github.com/fibercrypto/FiberCryptoWallet/src/coin/skycoin/models/coin.go:372.85,374.2 1 1
github.com/fibercrypto/FiberCryptoWallet/src/coin/skycoin/models/coin.go:387.59,390.2 2 0
github.com/fibercrypto/FiberCryptoWallet/src/coin/skycoin/models/coin.go:392.62,395.2 2 0
github.com/fibercrypto/FiberCryptoWallet/src/coin/skycoin/models/coin.go:397.67,400.45 2 1
github.com/fibercrypto/FiberCryptoWallet/src/coin/skycoin/models/coin.go:404.2,405.16 2 1
github.com/fibercrypto/FiberCryptoWallet/src/coin/skycoin/models/coin.go:408.2,410.16 3 1
github.com/fibercrypto/FiberCryptoWallet/src/coin/skycoin/models/coin.go:413.2,413.27 1 1
github.com/fibercrypto/FiberCryptoWallet/src/coin/skycoin/models/coin.go:417.2,418.19 2 1
github.com/fibercrypto/FiberCryptoWallet/src/coin/skycoin/models/coin.go:400.45,402.3 1 1
github.com/fibercrypto/FiberCryptoWallet/src/coin/skycoin/models/coin.go:405.16,407.3 1 0
github.com/fibercrypto/FiberCryptoWallet/src/coin/skycoin/models/coin.go:410.16,412.3 1 0
github.com/fibercrypto/FiberCryptoWallet/src/coin/skycoin/models/coin.go:413.27,416.3 2 1
github.com/fibercrypto/FiberCryptoWallet/src/coin/skycoin/models/coin.go:421.68,424.23 2 1
github.com/fibercrypto/FiberCryptoWallet/src/coin/skycoin/models/coin.go:431.2,431.19 1 1
github.com/fibercrypto/FiberCryptoWallet/src/coin/skycoin/models/coin.go:424.23,426.17 2 1
github.com/fibercrypto/FiberCryptoWallet/src/coin/skycoin/models/coin.go:429.3,429.19 1 1
github.com/fibercrypto/FiberCryptoWallet/src/coin/skycoin/models/coin.go:426.17,428.4 1 0
github.com/fibercrypto/FiberCryptoWallet/src/coin/skycoin/models/coin.go:434.70,437.24 2 0
github.com/fibercrypto/FiberCryptoWallet/src/coin/skycoin/models/coin.go:446.2,446.20 1 0
github.com/fibercrypto/FiberCryptoWallet/src/coin/skycoin/models/coin.go:437.24,439.38 2 0
github.com/fibercrypto/FiberCryptoWallet/src/coin/skycoin/models/coin.go:439.38,444.4 1 0
github.com/fibercrypto/FiberCryptoWallet/src/coin/skycoin/models/coin.go:449.47,452.2 2 1
github.com/fibercrypto/FiberCryptoWallet/src/coin/skycoin/models/coin.go:454.74,456.24 2 0
github.com/fibercrypto/FiberCryptoWallet/src/coin/skycoin/models/coin.go:461.2,462.50 2 0
github.com/fibercrypto/FiberCryptoWallet/src/coin/skycoin/models/coin.go:456.24,458.3 1 0
github.com/fibercrypto/FiberCryptoWallet/src/coin/skycoin/models/coin.go:458.8,458.61 1 0
github.com/fibercrypto/FiberCryptoWallet/src/coin/skycoin/models/coin.go:458.61,460.3 1 0
github.com/fibercrypto/FiberCryptoWallet/src/coin/skycoin/models/coin.go:466.75,468.2 1 1
github.com/fibercrypto/FiberCryptoWallet/src/coin/skycoin/models/coin.go:471.88,473.2 1 1
github.com/fibercrypto/FiberCryptoWallet/src/coin/skycoin/models/coin.go:476.55,478.2 1 0
github.com/fibercrypto/FiberCryptoWallet/src/coin/skycoin/models/coin.go:481.53,483.2 1 0
github.com/fibercrypto/FiberCryptoWallet/src/coin/skycoin/models/coin.go:486.62,488.2 1 0
github.com/fibercrypto/FiberCryptoWallet/src/coin/skycoin/models/coin.go:490.91,492.16 2 1
github.com/fibercrypto/FiberCryptoWallet/src/coin/skycoin/models/coin.go:495.2,497.16 3 1
github.com/fibercrypto/FiberCryptoWallet/src/coin/skycoin/models/coin.go:500.2,501.48 2 1
github.com/fibercrypto/FiberCryptoWallet/src/coin/skycoin/models/coin.go:508.2,508.20 1 1
github.com/fibercrypto/FiberCryptoWallet/src/coin/skycoin/models/coin.go:492.16,494.3 1 0
github.com/fibercrypto/FiberCryptoWallet/src/coin/skycoin/models/coin.go:497.16,499.3 1 0
github.com/fibercrypto/FiberCryptoWallet/src/coin/skycoin/models/coin.go:501.48,506.3 1 1
github.com/fibercrypto/FiberCryptoWallet/src/coin/skycoin/models/coin.go:511.113,514.16 3 1
github.com/fibercrypto/FiberCryptoWallet/src/coin/skycoin/models/coin.go:517.2,519.34 2 1
github.com/fibercrypto/FiberCryptoWallet/src/coin/skycoin/models/coin.go:559.2,559.20 1 1
github.com/fibercrypto/FiberCryptoWallet/src/coin/skycoin/models/coin.go:514.16,516.3 1 0
github.com/fibercrypto/FiberCryptoWallet/src/coin/skycoin/models/coin.go:519.34,521.17 2 1
github.com/fibercrypto/FiberCryptoWallet/src/coin/skycoin/models/coin.go:524.3,525.17 2 1
github.com/fibercrypto/FiberCryptoWallet/src/coin/skycoin/models/coin.go:528.3,529.17 2 1
github.com/fibercrypto/FiberCryptoWallet/src/coin/skycoin/models/coin.go:532.3,546.17 3 1
github.com/fibercrypto/FiberCryptoWallet/src/coin/skycoin/models/coin.go:549.3,550.17 2 1
github.com/fibercrypto/FiberCryptoWallet/src/coin/skycoin/models/coin.go:553.3,556.5 1 1
github.com/fibercrypto/FiberCryptoWallet/src/coin/skycoin/models/coin.go:521.17,523.4 1 0
github.com/fibercrypto/FiberCryptoWallet/src/coin/skycoin/models/coin.go:525.17,527.4 1 0
github.com/fibercrypto/FiberCryptoWallet/src/coin/skycoin/models/coin.go:529.17,531.4 1 0
github.com/fibercrypto/FiberCryptoWallet/src/coin/skycoin/models/coin.go:546.17,548.4 1 0
github.com/fibercrypto/FiberCryptoWallet/src/coin/skycoin/models/coin.go:550.17,552.4 1 0
github.com/fibercrypto/FiberCryptoWallet/src/coin/skycoin/models/coin.go:570.51,573.2 2 1
github.com/fibercrypto/FiberCryptoWallet/src/coin/skycoin/models/coin.go:575.76,578.27 2 1
github.com/fibercrypto/FiberCryptoWallet/src/coin/skycoin/models/coin.go:605.2,605.23 1 1
github.com/fibercrypto/FiberCryptoWallet/src/coin/skycoin/models/coin.go:578.27,581.17 2 1
github.com/fibercrypto/FiberCryptoWallet/src/coin/skycoin/models/coin.go:584.3,586.17 3 1
github.com/fibercrypto/FiberCryptoWallet/src/coin/skycoin/models/coin.go:589.3,590.17 2 1
github.com/fibercrypto/FiberCryptoWallet/src/coin/skycoin/models/coin.go:594.3,602.26 2 1
github.com/fibercrypto/FiberCryptoWallet/src/coin/skycoin/models/coin.go:581.17,583.4 1 0
github.com/fibercrypto/FiberCryptoWallet/src/coin/skycoin/models/coin.go:586.17,588.4 1 0
github.com/fibercrypto/FiberCryptoWallet/src/coin/skycoin/models/coin.go:590.17,592.4 1 0
github.com/fibercrypto/FiberCryptoWallet/src/coin/skycoin/models/coin.go:610.63,612.2 1 0
github.com/fibercrypto/FiberCryptoWallet/src/coin/skycoin/models/coin.go:615.76,619.17 3 1
github.com/fibercrypto/FiberCryptoWallet/src/coin/skycoin/models/coin.go:622.2,622.19 1 1
github.com/fibercrypto/FiberCryptoWallet/src/coin/skycoin/models/coin.go:634.2,635.50 2 0
github.com/fibercrypto/FiberCryptoWallet/src/coin/skycoin/models/coin.go:619.17,621.3 1 1
github.com/fibercrypto/FiberCryptoWallet/src/coin/skycoin/models/coin.go:622.19,624.17 2 1
github.com/fibercrypto/FiberCryptoWallet/src/coin/skycoin/models/coin.go:627.3,627.47 1 1
github.com/fibercrypto/FiberCryptoWallet/src/coin/skycoin/models/coin.go:624.17,626.4 1 0
github.com/fibercrypto/FiberCryptoWallet/src/coin/skycoin/models/coin.go:628.8,628.31 1 1
github.com/fibercrypto/FiberCryptoWallet/src/coin/skycoin/models/coin.go:628.31,630.3 1 1
github.com/fibercrypto/FiberCryptoWallet/src/coin/skycoin/models/coin.go:630.8,630.37 1 0
github.com/fibercrypto/FiberCryptoWallet/src/coin/skycoin/models/coin.go:630.37,632.3 1 0
github.com/fibercrypto/FiberCryptoWallet/src/coin/skycoin/models/coin.go:646.76,648.2 1 1
github.com/fibercrypto/FiberCryptoWallet/src/coin/skycoin/models/coin.go:650.58,651.20 1 1
github.com/fibercrypto/FiberCryptoWallet/src/coin/skycoin/models/coin.go:655.2,655.14 1 1
github.com/fibercrypto/FiberCryptoWallet/src/coin/skycoin/models/coin.go:651.20,654.3 2 1
github.com/fibercrypto/FiberCryptoWallet/src/coin/skycoin/models/coin.go:658.61,660.2 1 1
github.com/fibercrypto/FiberCryptoWallet/src/coin/skycoin/models/coin.go:662.103,664.2 1 1
github.com/fibercrypto/FiberCryptoWallet/src/coin/skycoin/models/coin.go:675.53,679.2 2 1
github.com/fibercrypto/FiberCryptoWallet/src/coin/skycoin/models/coin.go:681.64,684.2 2 1
github.com/fibercrypto/FiberCryptoWallet/src/coin/skycoin/models/coin.go:687.64,689.2 1 0
github.com/fibercrypto/FiberCryptoWallet/src/coin/skycoin/models/coin.go:692.78,695.17 3 1
github.com/fibercrypto/FiberCryptoWallet/src/coin/skycoin/models/coin.go:698.2,698.19 1 1
github.com/fibercrypto/FiberCryptoWallet/src/coin/skycoin/models/coin.go:710.2,711.50 2 0
github.com/fibercrypto/FiberCryptoWallet/src/coin/skycoin/models/coin.go:695.17,697.3 1 0
github.com/fibercrypto/FiberCryptoWallet/src/coin/skycoin/models/coin.go:698.19,700.17 2 1
github.com/fibercrypto/FiberCryptoWallet/src/coin/skycoin/models/coin.go:703.3,703.47 1 1
github.com/fibercrypto/FiberCryptoWallet/src/coin/skycoin/models/coin.go:700.17,702.4 1 0
github.com/fibercrypto/FiberCryptoWallet/src/coin/skycoin/models/coin.go:704.8,704.31 1 1
github.com/fibercrypto/FiberCryptoWallet/src/coin/skycoin/models/coin.go:704.31,706.3 1 1
github.com/fibercrypto/FiberCryptoWallet/src/coin/skycoin/models/coin.go:706.8,706.37 1 0
github.com/fibercrypto/FiberCryptoWallet/src/coin/skycoin/models/coin.go:706.37,708.3 1 0
github.com/fibercrypto/FiberCryptoWallet/src/coin/skycoin/models/coin.go:714.53,716.15 2 1
github.com/fibercrypto/FiberCryptoWallet/src/coin/skycoin/models/coin.go:720.2,721.16 2 1
github.com/fibercrypto/FiberCryptoWallet/src/coin/skycoin/models/coin.go:724.2,726.16 3 1
github.com/fibercrypto/FiberCryptoWallet/src/coin/skycoin/models/coin.go:729.2,729.89 1 1
github.com/fibercrypto/FiberCryptoWallet/src/coin/skycoin/models/coin.go:733.2,733.14 1 1
github.com/fibercrypto/FiberCryptoWallet/src/coin/skycoin/models/coin.go:716.15,718.3 1 0
github.com/fibercrypto/FiberCryptoWallet/src/coin/skycoin/models/coin.go:721.16,723.3 1 0
github.com/fibercrypto/FiberCryptoWallet/src/coin/skycoin/models/coin.go:726.16,728.3 1 0
github.com/fibercrypto/FiberCryptoWallet/src/coin/skycoin/models/coin.go:729.89,732.3 2 1
github.com/fibercrypto/FiberCryptoWallet/src/coin/skycoin/models/coin.go:736.94,738.27 2 0
github.com/fibercrypto/FiberCryptoWallet/src/coin/skycoin/models/coin.go:743.2,743.12 1 0
github.com/fibercrypto/FiberCryptoWallet/src/coin/skycoin/models/coin.go:738.27,742.3 1 0
github.com/fibercrypto/FiberCryptoWallet/src/coin/skycoin/models/coin.go:755.58,757.2 1 0
github.com/fibercrypto/FiberCryptoWallet/src/coin/skycoin/models/coin.go:759.83,760.27 1 0
github.com/fibercrypto/FiberCryptoWallet/src/coin/skycoin/models/coin.go:778.2,778.23 1 0
github.com/fibercrypto/FiberCryptoWallet/src/coin/skycoin/models/coin.go:760.27,763.17 2 0
github.com/fibercrypto/FiberCryptoWallet/src/coin/skycoin/models/coin.go:766.3,775.26 2 0
github.com/fibercrypto/FiberCryptoWallet/src/coin/skycoin/models/coin.go:763.17,765.4 1 0
github.com/fibercrypto/FiberCryptoWallet/src/coin/skycoin/models/coin.go:783.70,785.2 1 0
github.com/fibercrypto/FiberCryptoWallet/src/coin/skycoin/models/coin.go:788.83,790.17 2 0
github.com/fibercrypto/FiberCryptoWallet/src/coin/skycoin/models/coin.go:793.2,796.19 4 0
github.com/fibercrypto/FiberCryptoWallet/src/coin/skycoin/models/coin.go:810.2,810.16 1 0
github.com/fibercrypto/FiberCryptoWallet/src/coin/skycoin/models/coin.go:813.2,813.20 1 0
github.com/fibercrypto/FiberCryptoWallet/src/coin/skycoin/models/coin.go:790.17,792.3 1 0
github.com/fibercrypto/FiberCryptoWallet/src/coin/skycoin/models/coin.go:796.19,800.3 3 0
github.com/fibercrypto/FiberCryptoWallet/src/coin/skycoin/models/coin.go:800.8,800.31 1 0
github.com/fibercrypto/FiberCryptoWallet/src/coin/skycoin/models/coin.go:800.31,803.3 2 0
github.com/fibercrypto/FiberCryptoWallet/src/coin/skycoin/models/coin.go:803.8,803.37 1 0
github.com/fibercrypto/FiberCryptoWallet/src/coin/skycoin/models/coin.go:803.37,806.3 2 0
github.com/fibercrypto/FiberCryptoWallet/src/coin/skycoin/models/coin.go:806.8,809.3 2 0
github.com/fibercrypto/FiberCryptoWallet/src/coin/skycoin/models/coin.go:810.16,812.3 1 0
github.com/fibercrypto/FiberCryptoWallet/src/coin/skycoin/models/coin.go:816.98,818.29 2 0
github.com/fibercrypto/FiberCryptoWallet/src/coin/skycoin/models/coin.go:823.2,823.12 1 0
github.com/fibercrypto/FiberCryptoWallet/src/coin/skycoin/models/coin.go:818.29,822.3 1 0
github.com/fibercrypto/FiberCryptoWallet/src/coin/skycoin/models/coin.go:835.60,837.2 1 0
github.com/fibercrypto/FiberCryptoWallet/src/coin/skycoin/models/coin.go:839.71,841.2 1 0
github.com/fibercrypto/FiberCryptoWallet/src/coin/skycoin/models/coin.go:844.71,846.2 1 0
github.com/fibercrypto/FiberCryptoWallet/src/coin/skycoin/models/coin.go:849.85,851.17 2 0
github.com/fibercrypto/FiberCryptoWallet/src/coin/skycoin/models/coin.go:854.2,857.19 4 0
github.com/fibercrypto/FiberCryptoWallet/src/coin/skycoin/models/coin.go:870.2,870.16 1 0
github.com/fibercrypto/FiberCryptoWallet/src/coin/skycoin/models/coin.go:874.2,874.20 1 0
github.com/fibercrypto/FiberCryptoWallet/src/coin/skycoin/models/coin.go:851.17,853.3 1 0
github.com/fibercrypto/FiberCryptoWallet/src/coin/skycoin/models/coin.go:857.19,861.3 3 0
github.com/fibercrypto/FiberCryptoWallet/src/coin/skycoin/models/coin.go:861.8,861.31 1 0
github.com/fibercrypto/FiberCryptoWallet/src/coin/skycoin/models/coin.go:861.31,864.3 2 0
github.com/fibercrypto/FiberCryptoWallet/src/coin/skycoin/models/coin.go:864.8,864.37 1 0
github.com/fibercrypto/FiberCryptoWallet/src/coin/skycoin/models/coin.go:864.37,867.3 2 0
github.com/fibercrypto/FiberCryptoWallet/src/coin/skycoin/models/coin.go:867.8,869.3 1 0
github.com/fibercrypto/FiberCryptoWallet/src/coin/skycoin/models/coin.go:870.16,873.3 2 0
github.com/fibercrypto/FiberCryptoWallet/src/coin/skycoin/models/coin.go:877.60,878.15 1 1
github.com/fibercrypto/FiberCryptoWallet/src/coin/skycoin/models/coin.go:882.2,883.16 2 1
github.com/fibercrypto/FiberCryptoWallet/src/coin/skycoin/models/coin.go:886.2,888.16 3 1
github.com/fibercrypto/FiberCryptoWallet/src/coin/skycoin/models/coin.go:891.2,891.89 1 1
github.com/fibercrypto/FiberCryptoWallet/src/coin/skycoin/models/coin.go:895.2,895.14 1 1
github.com/fibercrypto/FiberCryptoWallet/src/coin/skycoin/models/coin.go:878.15,880.3 1 1
github.com/fibercrypto/FiberCryptoWallet/src/coin/skycoin/models/coin.go:883.16,885.3 1 0
github.com/fibercrypto/FiberCryptoWallet/src/coin/skycoin/models/coin.go:888.16,890.3 1 0
github.com/fibercrypto/FiberCryptoWallet/src/coin/skycoin/models/coin.go:891.89,894.3 2 1
github.com/fibercrypto/FiberCryptoWallet/src/coin/skycoin/models/coin.go:899.91,903.2 1 1
github.com/fibercrypto/FiberCryptoWallet/src/coin/skycoin/models/coin.go:916.66,918.2 1 0
github.com/fibercrypto/FiberCryptoWallet/src/coin/skycoin/models/coin.go:921.69,923.2 1 0
github.com/fibercrypto/FiberCryptoWallet/src/coin/skycoin/models/coin.go:925.74,927.2 1 0
github.com/fibercrypto/FiberCryptoWallet/src/coin/skycoin/models/coin.go:930.75,931.23 1 0
github.com/fibercrypto/FiberCryptoWallet/src/coin/skycoin/models/coin.go:934.2,934.19 1 0
github.com/fibercrypto/FiberCryptoWallet/src/coin/skycoin/models/coin.go:931.23,933.3 1 0
github.com/fibercrypto/FiberCryptoWallet/src/coin/skycoin/models/coin.go:938.77,939.24 1 0
github.com/fibercrypto/FiberCryptoWallet/src/coin/skycoin/models/coin.go:942.2,942.20 1 0
github.com/fibercrypto/FiberCryptoWallet/src/coin/skycoin/models/coin.go:939.24,941.3 1 0
github.com/fibercrypto/FiberCryptoWallet/src/coin/skycoin/models/coin.go:945.54,947.2 1 1
github.com/fibercrypto/FiberCryptoWallet/src/coin/skycoin/models/coin.go:949.81,950.24 1 1
github.com/fibercrypto/FiberCryptoWallet/src/coin/skycoin/models/coin.go:959.2,960.50 2 0
github.com/fibercrypto/FiberCryptoWallet/src/coin/skycoin/models/coin.go:950.24,952.17 2 1
github.com/fibercrypto/FiberCryptoWallet/src/coin/skycoin/models/coin.go:955.3,955.26 1 1
github.com/fibercrypto/FiberCryptoWallet/src/coin/skycoin/models/coin.go:952.17,954.4 1 0
github.com/fibercrypto/FiberCryptoWallet/src/coin/skycoin/models/coin.go:956.8,956.61 1 0
github.com/fibercrypto/FiberCryptoWallet/src/coin/skycoin/models/coin.go:956.61,958.3 1 0
github.com/fibercrypto/FiberCryptoWallet/src/coin/skycoin/models/coin.go:964.82,966.2 1 0
github.com/fibercrypto/FiberCryptoWallet/src/coin/skycoin/models/coin.go:969.95,971.2 1 0
github.com/fibercrypto/FiberCryptoWallet/src/coin/skycoin/models/coin.go:974.62,976.2 1 0
github.com/fibercrypto/FiberCryptoWallet/src/coin/skycoin/models/coin.go:979.60,981.2 1 0
github.com/fibercrypto/FiberCryptoWallet/src/coin/skycoin/models/coin.go:984.69,986.2 1 0
github.com/fibercrypto/FiberCryptoWallet/src/coin/skycoin/models/main.go:14.73,38.2 1 1
github.com/fibercrypto/FiberCryptoWallet/src/coin/skycoin/models/main.go:40.59,42.2 1 0
github.com/fibercrypto/FiberCryptoWallet/src/coin/skycoin/models/main.go:44.66,45.49 1 1
github.com/fibercrypto/FiberCryptoWallet/src/coin/skycoin/models/main.go:45.49,47.3 1 1
github.com/fibercrypto/FiberCryptoWallet/src/coin/skycoin/models/main.go:50.43,52.2 1 0
github.com/fibercrypto/FiberCryptoWallet/src/coin/skycoin/models/main.go:54.50,56.2 1 0
github.com/fibercrypto/FiberCryptoWallet/src/coin/skycoin/models/main.go:58.60,64.34 4 0
github.com/fibercrypto/FiberCryptoWallet/src/coin/skycoin/models/main.go:76.2,76.16 1 0
github.com/fibercrypto/FiberCryptoWallet/src/coin/skycoin/models/main.go:64.34,68.30 4 0
github.com/fibercrypto/FiberCryptoWallet/src/coin/skycoin/models/main.go:73.3,73.36 1 0
github.com/fibercrypto/FiberCryptoWallet/src/coin/skycoin/models/main.go:68.30,70.4 1 0
github.com/fibercrypto/FiberCryptoWallet/src/coin/skycoin/models/main.go:70.9,70.38 1 0
github.com/fibercrypto/FiberCryptoWallet/src/coin/skycoin/models/main.go:70.38,72.4 1 0
github.com/fibercrypto/FiberCryptoWallet/src/coin/skycoin/models/main.go:79.68,81.26 2 0
github.com/fibercrypto/FiberCryptoWallet/src/coin/skycoin/models/main.go:86.2,86.40 1 0
github.com/fibercrypto/FiberCryptoWallet/src/coin/skycoin/models/main.go:81.26,83.3 1 0
github.com/fibercrypto/FiberCryptoWallet/src/coin/skycoin/models/main.go:83.8,85.3 1 0
github.com/fibercrypto/FiberCryptoWallet/src/coin/skycoin/models/main.go:90.73,94.2 1 1
github.com/fibercrypto/FiberCryptoWallet/src/coin/skycoin/models/network.go:23.67,26.2 1 0
github.com/fibercrypto/FiberCryptoWallet/src/coin/skycoin/models/network.go:28.72,33.2 1 0
github.com/fibercrypto/FiberCryptoWallet/src/coin/skycoin/models/network.go:41.44,43.2 1 0
github.com/fibercrypto/FiberCryptoWallet/src/coin/skycoin/models/network.go:45.71,49.16 4 1
github.com/fibercrypto/FiberCryptoWallet/src/coin/skycoin/models/network.go:53.2,55.16 2 1
github.com/fibercrypto/FiberCryptoWallet/src/coin/skycoin/models/network.go:64.2,65.9 2 1
github.com/fibercrypto/FiberCryptoWallet/src/coin/skycoin/models/network.go:69.2,72.8 1 1
github.com/fibercrypto/FiberCryptoWallet/src/coin/skycoin/models/network.go:49.16,51.3 1 0
github.com/fibercrypto/FiberCryptoWallet/src/coin/skycoin/models/network.go:55.16,56.101 1 0
github.com/fibercrypto/FiberCryptoWallet/src/coin/skycoin/models/network.go:61.3,61.18 1 0
github.com/fibercrypto/FiberCryptoWallet/src/coin/skycoin/models/network.go:56.101,57.18 1 0
github.com/fibercrypto/FiberCryptoWallet/src/coin/skycoin/models/network.go:57.18,58.10 1 0
github.com/fibercrypto/FiberCryptoWallet/src/coin/skycoin/models/network.go:65.9,68.3 2 0
github.com/fibercrypto/FiberCryptoWallet/src/coin/skycoin/models/network.go:75.51,77.9 2 1
github.com/fibercrypto/FiberCryptoWallet/src/coin/skycoin/models/network.go:80.2,80.38 1 1
github.com/fibercrypto/FiberCryptoWallet/src/coin/skycoin/models/network.go:77.9,79.3 1 0
github.com/fibercrypto/FiberCryptoWallet/src/coin/skycoin/models/network.go:83.52,86.2 2 0
github.com/fibercrypto/FiberCryptoWallet/src/coin/skycoin/models/network.go:93.67,96.2 1 0
github.com/fibercrypto/FiberCryptoWallet/src/coin/skycoin/models/network.go:98.66,101.9 3 1
github.com/fibercrypto/FiberCryptoWallet/src/coin/skycoin/models/network.go:104.2,105.16 2 1
github.com/fibercrypto/FiberCryptoWallet/src/coin/skycoin/models/network.go:108.2,110.16 3 1
github.com/fibercrypto/FiberCryptoWallet/src/coin/skycoin/models/network.go:113.2,114.16 2 1
github.com/fibercrypto/FiberCryptoWallet/src/coin/skycoin/models/network.go:118.2,118.12 1 1
github.com/fibercrypto/FiberCryptoWallet/src/coin/skycoin/models/network.go:101.9,103.3 1 0
github.com/fibercrypto/FiberCryptoWallet/src/coin/skycoin/models/network.go:105.16,107.3 1 0
github.com/fibercrypto/FiberCryptoWallet/src/coin/skycoin/models/network.go:110.16,112.3 1 0
github.com/fibercrypto/FiberCryptoWallet/src/coin/skycoin/models/network.go:114.16,116.3 1 0
github.com/fibercrypto/FiberCryptoWallet/src/coin/skycoin/models/network.go:121.72,124.16 3 1
github.com/fibercrypto/FiberCryptoWallet/src/coin/skycoin/models/network.go:127.2,129.17 3 1
github.com/fibercrypto/FiberCryptoWallet/src/coin/skycoin/models/network.go:132.2,133.27 2 1
github.com/fibercrypto/FiberCryptoWallet/src/coin/skycoin/models/network.go:136.2,136.56 1 1
github.com/fibercrypto/FiberCryptoWallet/src/coin/skycoin/models/network.go:124.16,126.3 1 0
github.com/fibercrypto/FiberCryptoWallet/src/coin/skycoin/models/network.go:129.17,131.3 1 0
github.com/fibercrypto/FiberCryptoWallet/src/coin/skycoin/models/network.go:133.27,135.3 1 1
github.com/fibercrypto/FiberCryptoWallet/src/coin/skycoin/models/networking.go:17.56,19.2 1 0
github.com/fibercrypto/FiberCryptoWallet/src/coin/skycoin/models/networking.go:21.47,22.18 1 0
github.com/fibercrypto/FiberCryptoWallet/src/coin/skycoin/models/networking.go:26.2,26.14 1 0
github.com/fibercrypto/FiberCryptoWallet/src/coin/skycoin/models/networking.go:22.18,25.3 2 0
github.com/fibercrypto/FiberCryptoWallet/src/coin/skycoin/models/networking.go:29.50,31.2 1 0
github.com/fibercrypto/FiberCryptoWallet/src/coin/skycoin/models/networking.go:33.80,35.2 1 0
github.com/fibercrypto/FiberCryptoWallet/src/coin/skycoin/models/networking.go:42.77,44.2 1 0
github.com/fibercrypto/FiberCryptoWallet/src/coin/skycoin/models/networking.go:46.73,48.2 1 0
github.com/fibercrypto/FiberCryptoWallet/src/coin/skycoin/models/networking.go:50.82,55.16 4 0
github.com/fibercrypto/FiberCryptoWallet/src/coin/skycoin/models/networking.go:59.2,60.39 2 0
github.com/fibercrypto/FiberCryptoWallet/src/coin/skycoin/models/networking.go:64.2,64.47 1 0
github.com/fibercrypto/FiberCryptoWallet/src/coin/skycoin/models/networking.go:55.16,58.3 2 0
github.com/fibercrypto/FiberCryptoWallet/src/coin/skycoin/models/networking.go:60.39,62.3 1 0
github.com/fibercrypto/FiberCryptoWallet/src/coin/skycoin/models/networking.go:76.47,78.2 1 0
github.com/fibercrypto/FiberCryptoWallet/src/coin/skycoin/models/networking.go:80.49,82.2 1 0
github.com/fibercrypto/FiberCryptoWallet/src/coin/skycoin/models/networking.go:84.56,86.2 1 0
github.com/fibercrypto/FiberCryptoWallet/src/coin/skycoin/models/networking.go:88.49,90.2 1 0
github.com/fibercrypto/FiberCryptoWallet/src/coin/skycoin/models/networking.go:92.54,94.2 1 0
github.com/fibercrypto/FiberCryptoWallet/src/coin/skycoin/models/networking.go:96.55,98.2 1 0
github.com/fibercrypto/FiberCryptoWallet/src/coin/skycoin/models/networking.go:100.75,109.2 1 0
